2024-11-13 10:42:44,713 - [ 0/50]  [TRAIN LOSS: 19.6628]  [TRAIN ACC: 6.21]  [Head : 12.90]  [Rel : 62.91]  [Tail : 19.84]  [ALL : 3.54]
2024-11-13 10:42:58,939 - [ 0/50]  [Valid LOSS: 15.3964]  [Valid ACC: 11.35]  [Head : 29.01]  [Rel : 72.00]  [Tail : 38.44]  [ALL : 12.40]
2024-11-13 10:44:07,113 - [ 1/50]  [TRAIN LOSS: 13.0478]  [TRAIN ACC: 20.99]  [Head : 41.59]  [Rel : 76.23]  [Tail : 47.20]  [ALL : 22.09]
2024-11-13 10:44:21,631 - [ 1/50]  [Valid LOSS: 11.8681]  [Valid ACC: 25.05]  [Head : 50.56]  [Rel : 74.77]  [Tail : 52.24]  [ALL : 28.10]
2024-11-13 10:45:28,878 - [ 2/50]  [TRAIN LOSS: 9.2807]  [TRAIN ACC: 41.03]  [Head : 63.22]  [Rel : 82.32]  [Tail : 59.74]  [ALL : 39.55]
2024-11-13 10:45:43,253 - [ 2/50]  [Valid LOSS: 10.0311]  [Valid ACC: 37.21]  [Head : 61.67]  [Rel : 76.84]  [Tail : 57.46]  [ALL : 37.25]
2024-11-13 10:46:50,791 - [ 3/50]  [TRAIN LOSS: 7.0033]  [TRAIN ACC: 56.11]  [Head : 75.71]  [Rel : 85.44]  [Tail : 68.25]  [ALL : 52.28]
2024-11-13 10:47:04,884 - [ 3/50]  [Valid LOSS: 9.0704]  [Valid ACC: 44.32]  [Head : 67.76]  [Rel : 76.66]  [Tail : 60.37]  [ALL : 42.57]
2024-11-13 10:48:12,479 - [ 4/50]  [TRAIN LOSS: 5.5036]  [TRAIN ACC: 66.43]  [Head : 82.81]  [Rel : 88.86]  [Tail : 74.37]  [ALL : 61.61]
2024-11-13 10:48:27,210 - [ 4/50]  [Valid LOSS: 8.3636]  [Valid ACC: 48.67]  [Head : 71.16]  [Rel : 77.08]  [Tail : 61.81]  [ALL : 46.32]
2024-11-13 10:49:35,276 - [ 5/50]  [TRAIN LOSS: 4.4523]  [TRAIN ACC: 72.94]  [Head : 87.96]  [Rel : 90.54]  [Tail : 78.97]  [ALL : 69.00]
2024-11-13 10:49:50,570 - [ 5/50]  [Valid LOSS: 7.9847]  [Valid ACC: 51.68]  [Head : 73.02]  [Rel : 77.19]  [Tail : 63.42]  [ALL : 47.86]
2024-11-13 10:51:01,674 - [ 6/50]  [TRAIN LOSS: 3.6742]  [TRAIN ACC: 78.21]  [Head : 91.70]  [Rel : 92.23]  [Tail : 82.66]  [ALL : 74.95]
2024-11-13 10:51:15,707 - [ 6/50]  [Valid LOSS: 7.7565]  [Valid ACC: 53.01]  [Head : 73.76]  [Rel : 77.37]  [Tail : 64.79]  [ALL : 49.89]
2024-11-13 10:52:23,525 - [ 7/50]  [TRAIN LOSS: 3.1032]  [TRAIN ACC: 82.49]  [Head : 94.26]  [Rel : 92.97]  [Tail : 85.10]  [ALL : 79.22]
2024-11-13 10:52:38,547 - [ 7/50]  [Valid LOSS: 7.5948]  [Valid ACC: 54.48]  [Head : 74.63]  [Rel : 77.37]  [Tail : 64.47]  [ALL : 50.21]
2024-11-13 10:53:45,508 - [ 8/50]  [TRAIN LOSS: 2.6556]  [TRAIN ACC: 85.96]  [Head : 96.45]  [Rel : 93.80]  [Tail : 87.20]  [ALL : 82.86]
2024-11-13 10:53:59,802 - [ 8/50]  [Valid LOSS: 7.5087]  [Valid ACC: 55.85]  [Head : 75.33]  [Rel : 77.15]  [Tail : 65.14]  [ALL : 51.40]
2024-11-13 10:55:07,301 - [ 9/50]  [TRAIN LOSS: 2.2761]  [TRAIN ACC: 88.76]  [Head : 97.29]  [Rel : 95.03]  [Tail : 88.84]  [ALL : 85.54]
2024-11-13 10:55:21,832 - [ 9/50]  [Valid LOSS: 7.4332]  [Valid ACC: 56.66]  [Head : 75.09]  [Rel : 77.22]  [Tail : 65.45]  [ALL : 51.47]
2024-11-13 10:56:30,988 - [10/50]  [TRAIN LOSS: 1.9753]  [TRAIN ACC: 90.71]  [Head : 98.41]  [Rel : 95.72]  [Tail : 89.75]  [ALL : 87.49]
2024-11-13 10:56:46,030 - [10/50]  [Valid LOSS: 7.3208]  [Valid ACC: 57.60]  [Head : 75.89]  [Rel : 77.58]  [Tail : 65.35]  [ALL : 52.00]
2024-11-13 10:57:53,756 - [11/50]  [TRAIN LOSS: 1.7400]  [TRAIN ACC: 92.12]  [Head : 98.87]  [Rel : 96.16]  [Tail : 90.83]  [ALL : 88.95]
2024-11-13 10:58:08,216 - [11/50]  [Valid LOSS: 7.3293]  [Valid ACC: 58.06]  [Head : 76.07]  [Rel : 77.86]  [Tail : 65.35]  [ALL : 52.38]
2024-11-13 10:59:15,701 - [12/50]  [TRAIN LOSS: 1.5558]  [TRAIN ACC: 93.39]  [Head : 99.23]  [Rel : 96.71]  [Tail : 91.48]  [ALL : 90.17]
2024-11-13 10:59:29,760 - [12/50]  [Valid LOSS: 7.3453]  [Valid ACC: 58.34]  [Head : 76.17]  [Rel : 76.87]  [Tail : 65.14]  [ALL : 51.72]
2024-11-13 11:00:36,185 - [13/50]  [TRAIN LOSS: 1.3977]  [TRAIN ACC: 94.65]  [Head : 99.54]  [Rel : 96.71]  [Tail : 91.93]  [ALL : 90.87]
2024-11-13 11:00:50,638 - [13/50]  [Valid LOSS: 7.2838]  [Valid ACC: 58.86]  [Head : 76.28]  [Rel : 77.54]  [Tail : 66.15]  [ALL : 52.63]
2024-11-13 11:01:57,070 - [14/50]  [TRAIN LOSS: 1.2959]  [TRAIN ACC: 95.11]  [Head : 99.62]  [Rel : 97.13]  [Tail : 92.19]  [ALL : 91.08]
2024-11-13 11:02:11,259 - [14/50]  [Valid LOSS: 7.2769]  [Valid ACC: 58.93]  [Head : 76.94]  [Rel : 77.44]  [Tail : 65.59]  [ALL : 52.66]
2024-11-13 11:03:18,132 - [15/50]  [TRAIN LOSS: 1.1586]  [TRAIN ACC: 95.89]  [Head : 99.75]  [Rel : 97.86]  [Tail : 92.56]  [ALL : 91.82]
2024-11-13 11:03:31,757 - [15/50]  [Valid LOSS: 7.3188]  [Valid ACC: 59.11]  [Head : 76.91]  [Rel : 77.08]  [Tail : 65.52]  [ALL : 52.66]
2024-11-13 11:04:38,995 - [16/50]  [TRAIN LOSS: 1.0536]  [TRAIN ACC: 96.43]  [Head : 99.86]  [Rel : 98.08]  [Tail : 93.05]  [ALL : 92.44]
2024-11-13 11:04:52,764 - [16/50]  [Valid LOSS: 7.3003]  [Valid ACC: 59.85]  [Head : 77.01]  [Rel : 77.40]  [Tail : 65.91]  [ALL : 52.84]
2024-11-13 11:05:59,213 - [17/50]  [TRAIN LOSS: 0.9652]  [TRAIN ACC: 96.94]  [Head : 99.82]  [Rel : 98.48]  [Tail : 93.40]  [ALL : 92.92]
2024-11-13 11:06:14,269 - [17/50]  [Valid LOSS: 7.3344]  [Valid ACC: 60.02]  [Head : 77.30]  [Rel : 77.19]  [Tail : 65.70]  [ALL : 52.84]
2024-11-13 11:07:22,469 - [18/50]  [TRAIN LOSS: 0.9093]  [TRAIN ACC: 97.33]  [Head : 99.95]  [Rel : 98.51]  [Tail : 93.58]  [ALL : 92.90]
2024-11-13 11:07:36,465 - [18/50]  [Valid LOSS: 7.3469]  [Valid ACC: 59.60]  [Head : 77.26]  [Rel : 77.19]  [Tail : 65.31]  [ALL : 52.84]
2024-11-13 11:08:43,294 - [19/50]  [TRAIN LOSS: 0.8268]  [TRAIN ACC: 97.84]  [Head : 99.94]  [Rel : 98.69]  [Tail : 93.91]  [ALL : 93.60]
2024-11-13 11:08:57,951 - [19/50]  [Valid LOSS: 7.3597]  [Valid ACC: 59.64]  [Head : 77.30]  [Rel : 77.08]  [Tail : 65.63]  [ALL : 52.14]
2024-11-13 11:10:05,004 - [20/50]  [TRAIN LOSS: 0.7816]  [TRAIN ACC: 98.03]  [Head : 99.95]  [Rel : 98.92]  [Tail : 94.04]  [ALL : 93.65]
2024-11-13 11:10:19,105 - [20/50]  [Valid LOSS: 7.2991]  [Valid ACC: 60.27]  [Head : 77.51]  [Rel : 78.03]  [Tail : 65.84]  [ALL : 52.94]
2024-11-13 11:11:26,464 - [21/50]  [TRAIN LOSS: 0.7205]  [TRAIN ACC: 98.40]  [Head : 99.92]  [Rel : 99.11]  [Tail : 94.34]  [ALL : 94.12]
2024-11-13 11:11:40,281 - [21/50]  [Valid LOSS: 7.3720]  [Valid ACC: 60.27]  [Head : 77.61]  [Rel : 77.75]  [Tail : 65.77]  [ALL : 53.36]
2024-11-13 11:12:47,900 - [22/50]  [TRAIN LOSS: 0.6606]  [TRAIN ACC: 98.65]  [Head : 99.96]  [Rel : 99.29]  [Tail : 94.73]  [ALL : 94.46]
2024-11-13 11:13:02,053 - [22/50]  [Valid LOSS: 7.3769]  [Valid ACC: 60.09]  [Head : 77.26]  [Rel : 77.44]  [Tail : 65.35]  [ALL : 52.59]
2024-11-13 11:14:10,607 - [23/50]  [TRAIN LOSS: 0.6259]  [TRAIN ACC: 98.83]  [Head : 99.95]  [Rel : 99.21]  [Tail : 94.85]  [ALL : 94.49]
2024-11-13 11:14:25,262 - [23/50]  [Valid LOSS: 7.4329]  [Valid ACC: 60.06]  [Head : 76.98]  [Rel : 77.40]  [Tail : 65.52]  [ALL : 52.73]
2024-11-13 11:15:32,487 - [24/50]  [TRAIN LOSS: 0.5818]  [TRAIN ACC: 98.83]  [Head : 99.97]  [Rel : 99.50]  [Tail : 95.09]  [ALL : 94.99]
2024-11-13 11:15:46,443 - [24/50]  [Valid LOSS: 7.3908]  [Valid ACC: 60.48]  [Head : 77.54]  [Rel : 77.82]  [Tail : 65.42]  [ALL : 53.19]
2024-11-13 11:16:53,707 - [25/50]  [TRAIN LOSS: 0.5568]  [TRAIN ACC: 99.06]  [Head : 99.96]  [Rel : 99.63]  [Tail : 95.28]  [ALL : 95.38]
2024-11-13 11:17:08,034 - [25/50]  [Valid LOSS: 7.4084]  [Valid ACC: 60.69]  [Head : 77.75]  [Rel : 77.40]  [Tail : 65.59]  [ALL : 53.50]
2024-11-13 11:18:14,458 - [26/50]  [TRAIN LOSS: 0.5196]  [TRAIN ACC: 99.12]  [Head : 99.99]  [Rel : 99.56]  [Tail : 95.68]  [ALL : 95.51]
2024-11-13 11:18:28,563 - [26/50]  [Valid LOSS: 7.4201]  [Valid ACC: 60.76]  [Head : 77.33]  [Rel : 77.68]  [Tail : 65.42]  [ALL : 52.77]
2024-11-13 11:19:37,109 - [27/50]  [TRAIN LOSS: 0.4898]  [TRAIN ACC: 99.25]  [Head : 99.98]  [Rel : 99.65]  [Tail : 95.73]  [ALL : 95.73]
2024-11-13 11:19:51,352 - [27/50]  [Valid LOSS: 7.4558]  [Valid ACC: 60.13]  [Head : 77.37]  [Rel : 77.65]  [Tail : 65.49]  [ALL : 52.70]
2024-11-13 11:20:59,353 - [28/50]  [TRAIN LOSS: 0.4698]  [TRAIN ACC: 99.38]  [Head : 100.00]  [Rel : 99.61]  [Tail : 95.84]  [ALL : 95.91]
2024-11-13 11:21:13,711 - [28/50]  [Valid LOSS: 7.4902]  [Valid ACC: 60.51]  [Head : 77.30]  [Rel : 77.65]  [Tail : 65.66]  [ALL : 53.19]
2024-11-13 11:22:21,015 - [29/50]  [TRAIN LOSS: 0.4495]  [TRAIN ACC: 99.33]  [Head : 100.00]  [Rel : 99.68]  [Tail : 96.16]  [ALL : 96.10]
2024-11-13 11:22:35,068 - [29/50]  [Valid LOSS: 7.4686]  [Valid ACC: 60.79]  [Head : 77.47]  [Rel : 77.75]  [Tail : 65.52]  [ALL : 53.01]
2024-11-13 11:23:43,403 - [30/50]  [TRAIN LOSS: 0.4166]  [TRAIN ACC: 99.49]  [Head : 99.98]  [Rel : 99.70]  [Tail : 96.33]  [ALL : 96.23]
2024-11-13 11:23:57,175 - [30/50]  [Valid LOSS: 7.4816]  [Valid ACC: 61.04]  [Head : 77.58]  [Rel : 77.72]  [Tail : 66.05]  [ALL : 53.54]
2024-11-13 11:25:05,781 - [31/50]  [TRAIN LOSS: 0.3950]  [TRAIN ACC: 99.49]  [Head : 100.00]  [Rel : 99.78]  [Tail : 96.61]  [ALL : 96.28]
2024-11-13 11:25:20,324 - [31/50]  [Valid LOSS: 7.5277]  [Valid ACC: 60.93]  [Head : 77.61]  [Rel : 77.37]  [Tail : 65.77]  [ALL : 53.29]
2024-11-13 11:26:29,000 - [32/50]  [TRAIN LOSS: 0.3875]  [TRAIN ACC: 99.42]  [Head : 100.00]  [Rel : 99.72]  [Tail : 96.63]  [ALL : 96.63]
2024-11-13 11:26:42,973 - [32/50]  [Valid LOSS: 7.5408]  [Valid ACC: 60.83]  [Head : 77.33]  [Rel : 77.40]  [Tail : 65.87]  [ALL : 53.43]
2024-11-13 11:27:50,065 - [33/50]  [TRAIN LOSS: 0.3589]  [TRAIN ACC: 99.52]  [Head : 99.99]  [Rel : 99.85]  [Tail : 97.08]  [ALL : 96.75]
2024-11-13 11:28:04,321 - [33/50]  [Valid LOSS: 7.5536]  [Valid ACC: 61.07]  [Head : 77.65]  [Rel : 77.86]  [Tail : 66.08]  [ALL : 53.64]
2024-11-13 11:29:11,305 - [34/50]  [TRAIN LOSS: 0.3485]  [TRAIN ACC: 99.60]  [Head : 99.99]  [Rel : 99.82]  [Tail : 96.73]  [ALL : 96.84]
2024-11-13 11:29:25,562 - [34/50]  [Valid LOSS: 7.5669]  [Valid ACC: 60.90]  [Head : 77.79]  [Rel : 77.51]  [Tail : 66.01]  [ALL : 53.75]
2024-11-13 11:30:32,725 - [35/50]  [TRAIN LOSS: 0.3244]  [TRAIN ACC: 99.60]  [Head : 100.00]  [Rel : 99.92]  [Tail : 97.16]  [ALL : 97.24]
2024-11-13 11:30:47,106 - [35/50]  [Valid LOSS: 7.5675]  [Valid ACC: 61.04]  [Head : 77.51]  [Rel : 77.51]  [Tail : 65.98]  [ALL : 53.33]
2024-11-13 11:31:54,947 - [36/50]  [TRAIN LOSS: 0.3137]  [TRAIN ACC: 99.59]  [Head : 99.98]  [Rel : 99.88]  [Tail : 97.10]  [ALL : 97.21]
2024-11-13 11:32:09,163 - [36/50]  [Valid LOSS: 7.6193]  [Valid ACC: 60.93]  [Head : 77.47]  [Rel : 77.40]  [Tail : 65.87]  [ALL : 53.43]
2024-11-13 11:33:16,807 - [37/50]  [TRAIN LOSS: 0.2976]  [TRAIN ACC: 99.69]  [Head : 100.00]  [Rel : 99.88]  [Tail : 97.21]  [ALL : 97.13]
2024-11-13 11:33:31,244 - [37/50]  [Valid LOSS: 7.6041]  [Valid ACC: 60.97]  [Head : 77.51]  [Rel : 77.58]  [Tail : 66.12]  [ALL : 53.78]
2024-11-13 11:34:39,254 - [38/50]  [TRAIN LOSS: 0.2862]  [TRAIN ACC: 99.63]  [Head : 100.00]  [Rel : 99.94]  [Tail : 97.59]  [ALL : 97.57]
2024-11-13 11:34:53,550 - [38/50]  [Valid LOSS: 7.6209]  [Valid ACC: 61.04]  [Head : 77.54]  [Rel : 77.96]  [Tail : 66.05]  [ALL : 53.78]
2024-11-13 11:36:00,402 - [39/50]  [TRAIN LOSS: 0.2769]  [TRAIN ACC: 99.76]  [Head : 99.99]  [Rel : 99.90]  [Tail : 97.49]  [ALL : 97.52]
2024-11-13 11:36:14,542 - [39/50]  [Valid LOSS: 7.6772]  [Valid ACC: 61.18]  [Head : 77.51]  [Rel : 77.65]  [Tail : 66.01]  [ALL : 53.57]
2024-11-13 11:37:21,551 - [40/50]  [TRAIN LOSS: 0.2628]  [TRAIN ACC: 99.76]  [Head : 100.00]  [Rel : 99.94]  [Tail : 97.55]  [ALL : 97.54]
2024-11-13 11:37:35,736 - [40/50]  [Valid LOSS: 7.6356]  [Valid ACC: 60.93]  [Head : 77.58]  [Rel : 78.21]  [Tail : 66.08]  [ALL : 53.78]
2024-11-13 11:38:42,552 - [41/50]  [TRAIN LOSS: 0.2732]  [TRAIN ACC: 99.80]  [Head : 100.00]  [Rel : 99.78]  [Tail : 97.49]  [ALL : 97.42]
2024-11-13 11:38:56,966 - [41/50]  [Valid LOSS: 7.6618]  [Valid ACC: 61.18]  [Head : 77.33]  [Rel : 77.51]  [Tail : 65.77]  [ALL : 53.01]
2024-11-13 11:40:04,951 - [42/50]  [TRAIN LOSS: 0.2488]  [TRAIN ACC: 99.76]  [Head : 100.00]  [Rel : 99.84]  [Tail : 97.84]  [ALL : 97.80]
2024-11-13 11:40:19,122 - [42/50]  [Valid LOSS: 7.6747]  [Valid ACC: 61.21]  [Head : 77.37]  [Rel : 77.93]  [Tail : 65.87]  [ALL : 53.47]
2024-11-13 11:41:26,803 - [43/50]  [TRAIN LOSS: 0.2365]  [TRAIN ACC: 99.77]  [Head : 100.00]  [Rel : 99.94]  [Tail : 97.90]  [ALL : 97.83]
2024-11-13 11:41:40,673 - [43/50]  [Valid LOSS: 7.7191]  [Valid ACC: 61.18]  [Head : 77.44]  [Rel : 77.58]  [Tail : 65.73]  [ALL : 53.33]
2024-11-13 11:42:50,001 - [44/50]  [TRAIN LOSS: 0.2248]  [TRAIN ACC: 99.80]  [Head : 100.00]  [Rel : 99.91]  [Tail : 97.97]  [ALL : 98.03]
2024-11-13 11:43:04,394 - [44/50]  [Valid LOSS: 7.7183]  [Valid ACC: 61.39]  [Head : 77.54]  [Rel : 77.72]  [Tail : 66.08]  [ALL : 53.47]
2024-11-13 11:44:13,252 - [45/50]  [TRAIN LOSS: 0.2174]  [TRAIN ACC: 99.84]  [Head : 99.99]  [Rel : 99.95]  [Tail : 98.07]  [ALL : 98.04]
2024-11-13 11:44:27,513 - [45/50]  [Valid LOSS: 7.7578]  [Valid ACC: 61.25]  [Head : 77.15]  [Rel : 77.65]  [Tail : 66.05]  [ALL : 53.50]
2024-11-13 11:45:34,651 - [46/50]  [TRAIN LOSS: 0.2074]  [TRAIN ACC: 99.82]  [Head : 100.00]  [Rel : 99.94]  [Tail : 98.22]  [ALL : 98.12]
2024-11-13 11:45:49,074 - [46/50]  [Valid LOSS: 7.7418]  [Valid ACC: 61.18]  [Head : 77.51]  [Rel : 78.03]  [Tail : 65.91]  [ALL : 53.71]
2024-11-13 11:46:57,946 - [47/50]  [TRAIN LOSS: 0.2033]  [TRAIN ACC: 99.78]  [Head : 100.00]  [Rel : 99.95]  [Tail : 98.23]  [ALL : 98.34]
2024-11-13 11:47:12,248 - [47/50]  [Valid LOSS: 7.7681]  [Valid ACC: 61.25]  [Head : 77.58]  [Rel : 77.75]  [Tail : 66.19]  [ALL : 53.82]
2024-11-13 11:48:19,770 - [48/50]  [TRAIN LOSS: 0.2059]  [TRAIN ACC: 99.82]  [Head : 100.00]  [Rel : 99.95]  [Tail : 98.16]  [ALL : 98.15]
2024-11-13 11:48:34,150 - [48/50]  [Valid LOSS: 7.7716]  [Valid ACC: 61.32]  [Head : 77.30]  [Rel : 77.72]  [Tail : 66.26]  [ALL : 53.78]
2024-11-13 11:49:41,604 - [49/50]  [TRAIN LOSS: 0.1882]  [TRAIN ACC: 99.83]  [Head : 99.99]  [Rel : 99.95]  [Tail : 98.30]  [ALL : 98.21]
2024-11-13 11:49:55,568 - [49/50]  [Valid LOSS: 7.7919]  [Valid ACC: 61.42]  [Head : 77.37]  [Rel : 77.65]  [Tail : 65.84]  [ALL : 53.33]
2024-11-13 11:49:57,216 - BEST EPOCH : 50.00, BEST VALID ACC : 61.42
