2024-11-13 19:15:44,295 - [ 0/50]  [TRAIN LOSS: 17.0333]  [TRAIN ACC: 9.72]  [Head : 25.45]  [Rel : 67.25]  [Tail : 28.43]  [ALL : 10.49]
2024-11-13 19:16:06,578 - [ 0/50]  [Valid LOSS: 12.6236]  [Valid ACC: 17.40]  [Head : 47.28]  [Rel : 74.89]  [Tail : 47.79]  [ALL : 25.25]
2024-11-13 19:18:13,089 - [ 1/50]  [TRAIN LOSS: 9.1889]  [TRAIN ACC: 38.03]  [Head : 65.23]  [Rel : 80.94]  [Tail : 58.77]  [ALL : 40.49]
2024-11-13 19:18:35,678 - [ 1/50]  [Valid LOSS: 9.3177]  [Valid ACC: 37.56]  [Head : 66.28]  [Rel : 78.84]  [Tail : 59.62]  [ALL : 41.54]
2024-11-13 19:20:41,668 - [ 2/50]  [TRAIN LOSS: 5.8288]  [TRAIN ACC: 61.26]  [Head : 81.98]  [Rel : 86.64]  [Tail : 70.65]  [ALL : 58.63]
2024-11-13 19:21:03,714 - [ 2/50]  [Valid LOSS: 7.8835]  [Valid ACC: 47.56]  [Head : 72.93]  [Rel : 80.94]  [Tail : 64.42]  [ALL : 48.95]
2024-11-14 00:40:59,144 - [ 3/50]  [TRAIN LOSS: 4.0787]  [TRAIN ACC: 74.60]  [Head : 90.19]  [Rel : 89.62]  [Tail : 77.46]  [ALL : 69.70]
2024-11-14 00:41:21,314 - [ 3/50]  [Valid LOSS: 7.3062]  [Valid ACC: 53.75]  [Head : 75.91]  [Rel : 80.52]  [Tail : 66.49]  [ALL : 51.73]
2024-11-14 00:43:28,083 - [ 4/50]  [TRAIN LOSS: 3.0172]  [TRAIN ACC: 82.70]  [Head : 94.88]  [Rel : 92.20]  [Tail : 82.11]  [ALL : 77.06]
2024-11-14 00:43:50,154 - [ 4/50]  [Valid LOSS: 6.8692]  [Valid ACC: 57.29]  [Head : 77.30]  [Rel : 80.96]  [Tail : 67.55]  [ALL : 52.98]
2024-11-14 00:45:56,127 - [ 5/50]  [TRAIN LOSS: 2.3133]  [TRAIN ACC: 87.61]  [Head : 97.41]  [Rel : 94.08]  [Tail : 85.82]  [ALL : 82.34]
2024-11-14 00:46:19,137 - [ 5/50]  [Valid LOSS: 6.6812]  [Valid ACC: 58.74]  [Head : 78.36]  [Rel : 81.13]  [Tail : 68.41]  [ALL : 54.89]
2024-11-14 00:48:25,528 - [ 6/50]  [TRAIN LOSS: 1.8344]  [TRAIN ACC: 90.97]  [Head : 98.61]  [Rel : 95.30]  [Tail : 88.69]  [ALL : 86.45]
2024-11-14 00:48:48,260 - [ 6/50]  [Valid LOSS: 6.5141]  [Valid ACC: 60.72]  [Head : 79.05]  [Rel : 81.24]  [Tail : 69.08]  [ALL : 55.62]
2024-11-14 00:50:54,537 - [ 7/50]  [TRAIN LOSS: 1.4775]  [TRAIN ACC: 93.33]  [Head : 99.27]  [Rel : 96.65]  [Tail : 90.44]  [ALL : 89.00]
2024-11-14 00:51:17,344 - [ 7/50]  [Valid LOSS: 6.4361]  [Valid ACC: 62.51]  [Head : 79.56]  [Rel : 81.31]  [Tail : 69.80]  [ALL : 56.11]
2024-11-14 00:53:23,703 - [ 8/50]  [TRAIN LOSS: 1.2266]  [TRAIN ACC: 94.95]  [Head : 99.63]  [Rel : 97.49]  [Tail : 92.13]  [ALL : 91.06]
2024-11-14 00:53:46,280 - [ 8/50]  [Valid LOSS: 6.4492]  [Valid ACC: 63.05]  [Head : 80.05]  [Rel : 81.20]  [Tail : 69.60]  [ALL : 56.53]
2024-11-14 00:55:52,558 - [ 9/50]  [TRAIN LOSS: 1.0264]  [TRAIN ACC: 96.14]  [Head : 99.79]  [Rel : 98.09]  [Tail : 93.36]  [ALL : 92.64]
2024-11-14 00:56:14,872 - [ 9/50]  [Valid LOSS: 6.4137]  [Valid ACC: 63.72]  [Head : 80.10]  [Rel : 81.71]  [Tail : 70.04]  [ALL : 57.36]
2024-11-14 00:58:21,316 - [10/50]  [TRAIN LOSS: 0.8798]  [TRAIN ACC: 96.90]  [Head : 99.87]  [Rel : 98.53]  [Tail : 94.10]  [ALL : 93.69]
2024-11-14 00:58:43,606 - [10/50]  [Valid LOSS: 6.4221]  [Valid ACC: 63.65]  [Head : 80.36]  [Rel : 81.41]  [Tail : 69.85]  [ALL : 57.13]
2024-11-14 01:00:49,257 - [11/50]  [TRAIN LOSS: 0.7620]  [TRAIN ACC: 97.50]  [Head : 99.91]  [Rel : 98.83]  [Tail : 94.86]  [ALL : 94.43]
2024-11-14 01:01:11,746 - [11/50]  [Valid LOSS: 6.4421]  [Valid ACC: 64.31]  [Head : 80.55]  [Rel : 81.11]  [Tail : 70.01]  [ALL : 57.22]
2024-11-14 01:03:17,449 - [12/50]  [TRAIN LOSS: 0.6642]  [TRAIN ACC: 98.03]  [Head : 99.95]  [Rel : 99.11]  [Tail : 95.45]  [ALL : 95.16]
2024-11-14 01:03:39,822 - [12/50]  [Valid LOSS: 6.4730]  [Valid ACC: 64.33]  [Head : 80.48]  [Rel : 80.94]  [Tail : 69.55]  [ALL : 57.03]
2024-11-14 01:05:46,025 - [13/50]  [TRAIN LOSS: 0.5869]  [TRAIN ACC: 98.29]  [Head : 99.96]  [Rel : 99.33]  [Tail : 95.92]  [ALL : 95.58]
2024-11-14 01:06:08,167 - [13/50]  [Valid LOSS: 6.4512]  [Valid ACC: 64.59]  [Head : 80.66]  [Rel : 81.03]  [Tail : 69.99]  [ALL : 57.38]
2024-11-14 01:08:13,895 - [14/50]  [TRAIN LOSS: 0.5195]  [TRAIN ACC: 98.86]  [Head : 99.98]  [Rel : 99.45]  [Tail : 96.28]  [ALL : 95.99]
2024-11-14 01:08:36,352 - [14/50]  [Valid LOSS: 6.4781]  [Valid ACC: 65.21]  [Head : 80.83]  [Rel : 80.83]  [Tail : 69.90]  [ALL : 57.55]
2024-11-14 01:10:42,359 - [15/50]  [TRAIN LOSS: 0.4657]  [TRAIN ACC: 98.87]  [Head : 99.99]  [Rel : 99.57]  [Tail : 96.59]  [ALL : 96.51]
2024-11-14 01:11:04,633 - [15/50]  [Valid LOSS: 6.4991]  [Valid ACC: 65.01]  [Head : 80.90]  [Rel : 80.99]  [Tail : 69.50]  [ALL : 57.34]
2024-11-14 01:13:10,182 - [16/50]  [TRAIN LOSS: 0.4215]  [TRAIN ACC: 99.18]  [Head : 99.99]  [Rel : 99.68]  [Tail : 96.86]  [ALL : 96.70]
2024-11-14 01:13:32,518 - [16/50]  [Valid LOSS: 6.5568]  [Valid ACC: 65.26]  [Head : 81.08]  [Rel : 80.90]  [Tail : 69.83]  [ALL : 57.66]
2024-11-14 01:15:38,414 - [17/50]  [TRAIN LOSS: 0.3817]  [TRAIN ACC: 99.27]  [Head : 99.99]  [Rel : 99.69]  [Tail : 97.26]  [ALL : 97.08]
2024-11-14 01:16:00,708 - [17/50]  [Valid LOSS: 6.5585]  [Valid ACC: 65.26]  [Head : 80.92]  [Rel : 80.75]  [Tail : 69.66]  [ALL : 57.38]
2024-11-14 01:18:06,820 - [18/50]  [TRAIN LOSS: 0.3474]  [TRAIN ACC: 99.43]  [Head : 99.98]  [Rel : 99.76]  [Tail : 97.35]  [ALL : 97.18]
2024-11-14 01:18:29,229 - [18/50]  [Valid LOSS: 6.5747]  [Valid ACC: 65.61]  [Head : 80.75]  [Rel : 80.82]  [Tail : 70.16]  [ALL : 57.67]
2024-11-14 01:20:35,016 - [19/50]  [TRAIN LOSS: 0.3273]  [TRAIN ACC: 99.50]  [Head : 99.99]  [Rel : 99.77]  [Tail : 97.40]  [ALL : 97.46]
2024-11-14 01:20:57,156 - [19/50]  [Valid LOSS: 6.6074]  [Valid ACC: 65.61]  [Head : 80.92]  [Rel : 80.92]  [Tail : 69.69]  [ALL : 57.50]
2024-11-14 01:23:02,773 - [20/50]  [TRAIN LOSS: 0.2948]  [TRAIN ACC: 99.48]  [Head : 100.00]  [Rel : 99.83]  [Tail : 97.74]  [ALL : 97.63]
2024-11-14 01:23:25,307 - [20/50]  [Valid LOSS: 6.6544]  [Valid ACC: 65.15]  [Head : 81.08]  [Rel : 81.10]  [Tail : 69.46]  [ALL : 57.52]
2024-11-14 01:25:31,198 - [21/50]  [TRAIN LOSS: 0.2759]  [TRAIN ACC: 99.52]  [Head : 99.98]  [Rel : 99.82]  [Tail : 97.74]  [ALL : 97.77]
2024-11-14 01:25:53,378 - [21/50]  [Valid LOSS: 6.6217]  [Valid ACC: 65.78]  [Head : 81.20]  [Rel : 81.04]  [Tail : 69.92]  [ALL : 57.94]
2024-11-14 01:27:59,673 - [22/50]  [TRAIN LOSS: 0.2540]  [TRAIN ACC: 99.59]  [Head : 100.00]  [Rel : 99.87]  [Tail : 97.92]  [ALL : 97.92]
2024-11-14 01:28:22,306 - [22/50]  [Valid LOSS: 6.6504]  [Valid ACC: 65.94]  [Head : 81.15]  [Rel : 81.11]  [Tail : 69.95]  [ALL : 58.09]
2024-11-14 01:30:28,623 - [23/50]  [TRAIN LOSS: 0.2294]  [TRAIN ACC: 99.68]  [Head : 100.00]  [Rel : 99.89]  [Tail : 98.16]  [ALL : 98.10]
2024-11-14 01:30:51,186 - [23/50]  [Valid LOSS: 6.6753]  [Valid ACC: 65.93]  [Head : 81.34]  [Rel : 80.87]  [Tail : 69.73]  [ALL : 57.88]
2024-11-14 01:32:57,088 - [24/50]  [TRAIN LOSS: 0.2114]  [TRAIN ACC: 99.71]  [Head : 99.99]  [Rel : 99.93]  [Tail : 98.28]  [ALL : 98.27]
2024-11-14 01:33:19,614 - [24/50]  [Valid LOSS: 6.7004]  [Valid ACC: 66.00]  [Head : 81.41]  [Rel : 81.08]  [Tail : 69.66]  [ALL : 57.83]
2024-11-14 01:35:25,227 - [25/50]  [TRAIN LOSS: 0.1975]  [TRAIN ACC: 99.68]  [Head : 100.00]  [Rel : 99.93]  [Tail : 98.41]  [ALL : 98.35]
2024-11-14 01:35:47,607 - [25/50]  [Valid LOSS: 6.7387]  [Valid ACC: 65.78]  [Head : 81.39]  [Rel : 81.11]  [Tail : 69.64]  [ALL : 57.83]
2024-11-14 01:37:53,232 - [26/50]  [TRAIN LOSS: 0.1865]  [TRAIN ACC: 99.70]  [Head : 99.99]  [Rel : 99.94]  [Tail : 98.50]  [ALL : 98.50]
2024-11-14 01:38:15,811 - [26/50]  [Valid LOSS: 6.7584]  [Valid ACC: 66.03]  [Head : 81.41]  [Rel : 80.64]  [Tail : 69.46]  [ALL : 57.66]
2024-11-14 01:40:21,648 - [27/50]  [TRAIN LOSS: 0.1760]  [TRAIN ACC: 99.71]  [Head : 100.00]  [Rel : 99.93]  [Tail : 98.76]  [ALL : 98.71]
2024-11-14 01:40:44,022 - [27/50]  [Valid LOSS: 6.7519]  [Valid ACC: 66.01]  [Head : 81.50]  [Rel : 81.06]  [Tail : 69.53]  [ALL : 57.87]
2024-11-14 01:42:49,858 - [28/50]  [TRAIN LOSS: 0.1835]  [TRAIN ACC: 99.72]  [Head : 100.00]  [Rel : 99.75]  [Tail : 98.38]  [ALL : 98.28]
2024-11-14 01:43:12,251 - [28/50]  [Valid LOSS: 6.8228]  [Valid ACC: 65.77]  [Head : 81.64]  [Rel : 80.34]  [Tail : 69.34]  [ALL : 57.71]
2024-11-14 01:45:18,194 - [29/50]  [TRAIN LOSS: 1.4606]  [TRAIN ACC: 94.13]  [Head : 97.36]  [Rel : 92.57]  [Tail : 88.70]  [ALL : 85.94]
2024-11-14 01:45:40,923 - [29/50]  [Valid LOSS: 8.1950]  [Valid ACC: 49.81]  [Head : 71.58]  [Rel : 72.99]  [Tail : 54.96]  [ALL : 40.77]
2024-11-14 01:47:47,187 - [30/50]  [TRAIN LOSS: 2.1852]  [TRAIN ACC: 92.01]  [Head : 97.21]  [Rel : 84.27]  [Tail : 74.65]  [ALL : 69.49]
2024-11-14 01:48:10,007 - [30/50]  [Valid LOSS: 6.1740]  [Valid ACC: 64.61]  [Head : 80.47]  [Rel : 79.84]  [Tail : 67.90]  [ALL : 54.61]
2024-11-14 01:50:16,103 - [31/50]  [TRAIN LOSS: 0.7586]  [TRAIN ACC: 98.31]  [Head : 99.87]  [Rel : 93.54]  [Tail : 89.90]  [ALL : 87.53]
2024-11-14 01:50:38,870 - [31/50]  [Valid LOSS: 6.1161]  [Valid ACC: 65.73]  [Head : 80.55]  [Rel : 81.25]  [Tail : 69.76]  [ALL : 56.67]
2024-11-14 01:52:44,897 - [32/50]  [TRAIN LOSS: 0.4235]  [TRAIN ACC: 99.21]  [Head : 99.97]  [Rel : 97.65]  [Tail : 94.88]  [ALL : 93.69]
2024-11-14 01:53:07,209 - [32/50]  [Valid LOSS: 6.2681]  [Valid ACC: 65.45]  [Head : 80.66]  [Rel : 81.22]  [Tail : 69.85]  [ALL : 56.74]
2024-11-14 01:55:13,317 - [33/50]  [TRAIN LOSS: 0.3145]  [TRAIN ACC: 99.55]  [Head : 99.99]  [Rel : 98.82]  [Tail : 96.46]  [ALL : 95.80]
2024-11-14 01:55:36,204 - [33/50]  [Valid LOSS: 6.3021]  [Valid ACC: 66.19]  [Head : 80.82]  [Rel : 81.38]  [Tail : 70.13]  [ALL : 57.27]
2024-11-14 01:57:41,898 - [34/50]  [TRAIN LOSS: 0.2623]  [TRAIN ACC: 99.65]  [Head : 100.00]  [Rel : 99.36]  [Tail : 97.28]  [ALL : 96.91]
2024-11-14 01:58:04,579 - [34/50]  [Valid LOSS: 6.3669]  [Valid ACC: 66.40]  [Head : 80.87]  [Rel : 81.15]  [Tail : 70.15]  [ALL : 57.20]
2024-11-14 02:00:10,761 - [35/50]  [TRAIN LOSS: 0.2268]  [TRAIN ACC: 99.72]  [Head : 100.00]  [Rel : 99.63]  [Tail : 97.81]  [ALL : 97.49]
2024-11-14 02:00:33,004 - [35/50]  [Valid LOSS: 6.3908]  [Valid ACC: 66.75]  [Head : 81.04]  [Rel : 81.13]  [Tail : 70.06]  [ALL : 57.29]
2024-11-14 02:02:38,708 - [36/50]  [TRAIN LOSS: 0.2012]  [TRAIN ACC: 99.75]  [Head : 100.00]  [Rel : 99.72]  [Tail : 98.14]  [ALL : 98.03]
2024-11-14 02:03:00,955 - [36/50]  [Valid LOSS: 6.4559]  [Valid ACC: 66.47]  [Head : 81.15]  [Rel : 81.25]  [Tail : 69.92]  [ALL : 57.43]
2024-11-14 02:05:06,359 - [37/50]  [TRAIN LOSS: 0.1810]  [TRAIN ACC: 99.83]  [Head : 99.99]  [Rel : 99.84]  [Tail : 98.33]  [ALL : 98.29]
2024-11-14 02:05:28,433 - [37/50]  [Valid LOSS: 6.4909]  [Valid ACC: 66.64]  [Head : 81.20]  [Rel : 81.31]  [Tail : 70.04]  [ALL : 57.64]
2024-11-14 02:07:34,394 - [38/50]  [TRAIN LOSS: 0.1652]  [TRAIN ACC: 99.85]  [Head : 100.00]  [Rel : 99.84]  [Tail : 98.59]  [ALL : 98.52]
2024-11-14 02:07:56,856 - [38/50]  [Valid LOSS: 6.5045]  [Valid ACC: 67.03]  [Head : 81.31]  [Rel : 81.27]  [Tail : 70.01]  [ALL : 57.64]
2024-11-14 02:10:03,074 - [39/50]  [TRAIN LOSS: 0.1535]  [TRAIN ACC: 99.84]  [Head : 100.00]  [Rel : 99.87]  [Tail : 98.63]  [ALL : 98.59]
2024-11-14 02:10:25,858 - [39/50]  [Valid LOSS: 6.5351]  [Valid ACC: 67.12]  [Head : 81.36]  [Rel : 81.25]  [Tail : 70.18]  [ALL : 57.88]
2024-11-14 02:12:32,417 - [40/50]  [TRAIN LOSS: 0.1397]  [TRAIN ACC: 99.86]  [Head : 100.00]  [Rel : 99.92]  [Tail : 98.88]  [ALL : 98.83]
2024-11-14 02:12:54,688 - [40/50]  [Valid LOSS: 6.5999]  [Valid ACC: 66.82]  [Head : 81.43]  [Rel : 81.31]  [Tail : 69.97]  [ALL : 57.87]
2024-11-14 02:15:01,539 - [41/50]  [TRAIN LOSS: 0.1313]  [TRAIN ACC: 99.85]  [Head : 100.00]  [Rel : 99.92]  [Tail : 98.98]  [ALL : 98.89]
2024-11-14 02:15:29,107 - [41/50]  [Valid LOSS: 6.6224]  [Valid ACC: 67.08]  [Head : 81.48]  [Rel : 81.27]  [Tail : 70.11]  [ALL : 58.04]
2024-11-14 02:17:35,156 - [42/50]  [TRAIN LOSS: 0.1222]  [TRAIN ACC: 99.86]  [Head : 100.00]  [Rel : 99.94]  [Tail : 99.12]  [ALL : 99.08]
2024-11-14 02:17:57,678 - [42/50]  [Valid LOSS: 6.6241]  [Valid ACC: 67.17]  [Head : 81.50]  [Rel : 81.15]  [Tail : 70.37]  [ALL : 58.02]
2024-11-14 02:20:04,725 - [43/50]  [TRAIN LOSS: 0.1135]  [TRAIN ACC: 99.90]  [Head : 100.00]  [Rel : 99.95]  [Tail : 99.17]  [ALL : 99.06]
2024-11-14 02:20:27,228 - [43/50]  [Valid LOSS: 6.6976]  [Valid ACC: 66.94]  [Head : 81.52]  [Rel : 81.46]  [Tail : 70.34]  [ALL : 58.27]
2024-11-14 02:22:33,795 - [44/50]  [TRAIN LOSS: 0.1095]  [TRAIN ACC: 99.91]  [Head : 100.00]  [Rel : 99.92]  [Tail : 99.15]  [ALL : 99.13]
2024-11-14 02:22:55,990 - [44/50]  [Valid LOSS: 6.6941]  [Valid ACC: 66.98]  [Head : 81.66]  [Rel : 81.17]  [Tail : 69.83]  [ALL : 57.95]
2024-11-14 02:25:01,992 - [45/50]  [TRAIN LOSS: 0.1038]  [TRAIN ACC: 99.93]  [Head : 100.00]  [Rel : 99.91]  [Tail : 99.15]  [ALL : 99.18]
2024-11-14 02:25:24,163 - [45/50]  [Valid LOSS: 6.7266]  [Valid ACC: 66.99]  [Head : 81.62]  [Rel : 81.17]  [Tail : 70.18]  [ALL : 58.16]
2024-11-14 02:27:30,553 - [46/50]  [TRAIN LOSS: 0.0938]  [TRAIN ACC: 99.89]  [Head : 100.00]  [Rel : 99.98]  [Tail : 99.30]  [ALL : 99.33]
2024-11-14 02:27:52,782 - [46/50]  [Valid LOSS: 6.7532]  [Valid ACC: 67.29]  [Head : 81.62]  [Rel : 81.18]  [Tail : 69.90]  [ALL : 58.02]
2024-11-14 02:29:59,106 - [47/50]  [TRAIN LOSS: 0.0911]  [TRAIN ACC: 99.92]  [Head : 100.00]  [Rel : 99.96]  [Tail : 99.29]  [ALL : 99.29]
2024-11-14 02:30:21,355 - [47/50]  [Valid LOSS: 6.7795]  [Valid ACC: 67.17]  [Head : 81.57]  [Rel : 81.20]  [Tail : 69.99]  [ALL : 58.08]
2024-11-14 02:32:27,161 - [48/50]  [TRAIN LOSS: 0.0849]  [TRAIN ACC: 99.93]  [Head : 100.00]  [Rel : 99.96]  [Tail : 99.40]  [ALL : 99.28]
2024-11-14 02:32:49,319 - [48/50]  [Valid LOSS: 6.8138]  [Valid ACC: 67.15]  [Head : 81.59]  [Rel : 81.22]  [Tail : 70.04]  [ALL : 58.09]
2024-11-14 02:34:55,428 - [49/50]  [TRAIN LOSS: 0.0809]  [TRAIN ACC: 99.92]  [Head : 100.00]  [Rel : 99.96]  [Tail : 99.43]  [ALL : 99.34]
2024-11-14 02:35:17,857 - [49/50]  [Valid LOSS: 6.8472]  [Valid ACC: 66.89]  [Head : 81.55]  [Rel : 81.18]  [Tail : 70.09]  [ALL : 58.11]
2024-11-14 02:35:19,038 - BEST EPOCH : 47.00, BEST VALID ACC : 67.29
