2024-11-13 17:01:45,828 - [ 0/50]  [TRAIN LOSS: 19.5239]  [TRAIN ACC: 6.24]  [Head : 13.48]  [Rel : 62.68]  [Tail : 20.59]  [ALL : 3.85]
2024-11-13 17:01:59,846 - [ 0/50]  [Valid LOSS: 15.2785]  [Valid ACC: 10.93]  [Head : 28.70]  [Rel : 72.46]  [Tail : 39.42]  [ALL : 13.00]
2024-11-13 17:03:05,442 - [ 1/50]  [TRAIN LOSS: 12.8617]  [TRAIN ACC: 21.92]  [Head : 42.79]  [Rel : 76.13]  [Tail : 47.95]  [ALL : 22.31]
2024-11-13 17:03:19,520 - [ 1/50]  [Valid LOSS: 11.7364]  [Valid ACC: 25.79]  [Head : 51.44]  [Rel : 76.66]  [Tail : 52.45]  [ALL : 29.05]
2024-11-13 17:04:24,916 - [ 2/50]  [TRAIN LOSS: 9.2079]  [TRAIN ACC: 42.09]  [Head : 63.11]  [Rel : 81.56]  [Tail : 60.11]  [ALL : 39.47]
2024-11-13 17:04:38,690 - [ 2/50]  [Valid LOSS: 9.9407]  [Valid ACC: 36.62]  [Head : 62.54]  [Rel : 77.33]  [Tail : 57.32]  [ALL : 38.30]
2024-11-13 17:05:44,264 - [ 3/50]  [TRAIN LOSS: 6.9592]  [TRAIN ACC: 55.99]  [Head : 75.64]  [Rel : 85.57]  [Tail : 68.27]  [ALL : 52.07]
2024-11-13 17:05:57,817 - [ 3/50]  [Valid LOSS: 8.9436]  [Valid ACC: 43.48]  [Head : 67.20]  [Rel : 79.08]  [Tail : 61.77]  [ALL : 44.43]
2024-11-13 17:07:02,953 - [ 4/50]  [TRAIN LOSS: 5.4819]  [TRAIN ACC: 65.90]  [Head : 82.70]  [Rel : 88.39]  [Tail : 74.06]  [ALL : 61.31]
2024-11-13 17:07:16,810 - [ 4/50]  [Valid LOSS: 8.3042]  [Valid ACC: 49.02]  [Head : 70.22]  [Rel : 79.15]  [Tail : 62.96]  [ALL : 46.81]
2024-11-13 17:08:22,345 - [ 5/50]  [TRAIN LOSS: 4.4814]  [TRAIN ACC: 72.60]  [Head : 87.79]  [Rel : 90.11]  [Tail : 78.22]  [ALL : 68.12]
2024-11-13 17:08:36,333 - [ 5/50]  [Valid LOSS: 7.8741]  [Valid ACC: 51.40]  [Head : 72.81]  [Rel : 79.22]  [Tail : 63.95]  [ALL : 48.07]
2024-11-13 17:09:41,527 - [ 6/50]  [TRAIN LOSS: 3.6867]  [TRAIN ACC: 78.58]  [Head : 91.77]  [Rel : 91.58]  [Tail : 81.80]  [ALL : 74.26]
2024-11-13 17:09:55,503 - [ 6/50]  [Valid LOSS: 7.6215]  [Valid ACC: 54.03]  [Head : 74.53]  [Rel : 78.91]  [Tail : 64.93]  [ALL : 49.93]
2024-11-13 17:11:01,116 - [ 7/50]  [TRAIN LOSS: 3.0868]  [TRAIN ACC: 82.60]  [Head : 94.03]  [Rel : 92.88]  [Tail : 84.99]  [ALL : 78.99]
2024-11-13 17:11:14,950 - [ 7/50]  [Valid LOSS: 7.4233]  [Valid ACC: 56.10]  [Head : 75.33]  [Rel : 79.43]  [Tail : 65.00]  [ALL : 50.95]
2024-11-13 17:12:20,610 - [ 8/50]  [TRAIN LOSS: 2.6424]  [TRAIN ACC: 85.93]  [Head : 96.15]  [Rel : 93.96]  [Tail : 87.17]  [ALL : 82.51]
2024-11-13 17:12:34,220 - [ 8/50]  [Valid LOSS: 7.3300]  [Valid ACC: 56.97]  [Head : 76.28]  [Rel : 79.47]  [Tail : 65.84]  [ALL : 52.24]
2024-11-13 17:13:39,661 - [ 9/50]  [TRAIN LOSS: 2.2693]  [TRAIN ACC: 88.71]  [Head : 97.15]  [Rel : 95.03]  [Tail : 88.89]  [ALL : 85.22]
2024-11-13 17:13:53,030 - [ 9/50]  [Valid LOSS: 7.2131]  [Valid ACC: 58.09]  [Head : 76.91]  [Rel : 79.43]  [Tail : 66.05]  [ALL : 52.73]
2024-11-13 17:14:58,013 - [10/50]  [TRAIN LOSS: 1.9725]  [TRAIN ACC: 90.55]  [Head : 98.18]  [Rel : 95.62]  [Tail : 89.84]  [ALL : 87.36]
2024-11-13 17:15:11,646 - [10/50]  [Valid LOSS: 7.1448]  [Valid ACC: 59.15]  [Head : 77.58]  [Rel : 78.77]  [Tail : 65.24]  [ALL : 52.14]
2024-11-13 17:16:17,047 - [11/50]  [TRAIN LOSS: 1.7374]  [TRAIN ACC: 92.29]  [Head : 98.92]  [Rel : 95.98]  [Tail : 90.71]  [ALL : 88.64]
2024-11-13 17:16:30,608 - [11/50]  [Valid LOSS: 7.1056]  [Valid ACC: 59.57]  [Head : 77.68]  [Rel : 79.68]  [Tail : 65.94]  [ALL : 52.94]
2024-11-13 17:17:36,152 - [12/50]  [TRAIN LOSS: 1.5716]  [TRAIN ACC: 93.30]  [Head : 99.14]  [Rel : 96.22]  [Tail : 91.08]  [ALL : 89.69]
2024-11-13 17:17:50,052 - [12/50]  [Valid LOSS: 7.1125]  [Valid ACC: 60.23]  [Head : 78.21]  [Rel : 79.12]  [Tail : 66.15]  [ALL : 53.57]
2024-11-13 17:18:57,614 - [13/50]  [TRAIN LOSS: 1.4332]  [TRAIN ACC: 94.18]  [Head : 99.51]  [Rel : 96.77]  [Tail : 91.69]  [ALL : 90.55]
2024-11-13 17:19:11,640 - [13/50]  [Valid LOSS: 7.1017]  [Valid ACC: 60.27]  [Head : 77.89]  [Rel : 79.33]  [Tail : 65.59]  [ALL : 53.22]
2024-11-13 17:20:16,796 - [14/50]  [TRAIN LOSS: 1.2772]  [TRAIN ACC: 95.29]  [Head : 99.59]  [Rel : 97.33]  [Tail : 92.11]  [ALL : 91.04]
2024-11-13 17:20:30,492 - [14/50]  [Valid LOSS: 7.0872]  [Valid ACC: 60.65]  [Head : 78.10]  [Rel : 78.80]  [Tail : 65.98]  [ALL : 53.33]
2024-11-13 17:21:35,586 - [15/50]  [TRAIN LOSS: 1.1527]  [TRAIN ACC: 96.14]  [Head : 99.76]  [Rel : 97.78]  [Tail : 92.56]  [ALL : 91.91]
2024-11-13 17:21:48,927 - [15/50]  [Valid LOSS: 7.0549]  [Valid ACC: 61.42]  [Head : 78.38]  [Rel : 79.50]  [Tail : 65.84]  [ALL : 53.57]
2024-11-13 17:22:54,248 - [16/50]  [TRAIN LOSS: 1.0576]  [TRAIN ACC: 96.56]  [Head : 99.82]  [Rel : 97.66]  [Tail : 92.88]  [ALL : 92.47]
2024-11-13 17:23:07,859 - [16/50]  [Valid LOSS: 7.0261]  [Valid ACC: 61.77]  [Head : 78.24]  [Rel : 79.22]  [Tail : 66.15]  [ALL : 53.78]
2024-11-13 17:24:13,362 - [17/50]  [TRAIN LOSS: 0.9859]  [TRAIN ACC: 96.95]  [Head : 99.82]  [Rel : 98.04]  [Tail : 93.06]  [ALL : 92.54]
2024-11-13 17:24:27,028 - [17/50]  [Valid LOSS: 7.0444]  [Valid ACC: 61.88]  [Head : 78.14]  [Rel : 78.91]  [Tail : 66.29]  [ALL : 53.78]
2024-11-13 17:25:32,497 - [18/50]  [TRAIN LOSS: 0.9219]  [TRAIN ACC: 97.49]  [Head : 99.89]  [Rel : 98.25]  [Tail : 93.27]  [ALL : 93.04]
2024-11-13 17:25:46,013 - [18/50]  [Valid LOSS: 7.0792]  [Valid ACC: 62.16]  [Head : 78.28]  [Rel : 79.43]  [Tail : 66.15]  [ALL : 53.78]
2024-11-13 17:26:51,677 - [19/50]  [TRAIN LOSS: 0.8456]  [TRAIN ACC: 97.60]  [Head : 99.93]  [Rel : 98.34]  [Tail : 93.54]  [ALL : 93.07]
2024-11-13 17:27:05,320 - [19/50]  [Valid LOSS: 7.0402]  [Valid ACC: 62.02]  [Head : 78.31]  [Rel : 79.57]  [Tail : 66.36]  [ALL : 53.89]
2024-11-13 17:28:11,130 - [20/50]  [TRAIN LOSS: 0.7933]  [TRAIN ACC: 97.98]  [Head : 99.92]  [Rel : 98.57]  [Tail : 93.73]  [ALL : 93.31]
2024-11-13 17:28:25,155 - [20/50]  [Valid LOSS: 7.0768]  [Valid ACC: 62.19]  [Head : 78.24]  [Rel : 79.57]  [Tail : 66.01]  [ALL : 53.75]
2024-11-13 17:29:31,304 - [21/50]  [TRAIN LOSS: 0.7176]  [TRAIN ACC: 98.33]  [Head : 99.96]  [Rel : 98.97]  [Tail : 94.23]  [ALL : 94.09]
2024-11-13 17:29:44,625 - [21/50]  [Valid LOSS: 7.1244]  [Valid ACC: 62.09]  [Head : 78.38]  [Rel : 79.54]  [Tail : 66.05]  [ALL : 53.75]
2024-11-13 17:30:50,439 - [22/50]  [TRAIN LOSS: 0.6650]  [TRAIN ACC: 98.72]  [Head : 99.96]  [Rel : 99.26]  [Tail : 94.46]  [ALL : 94.33]
2024-11-13 17:31:04,273 - [22/50]  [Valid LOSS: 7.1245]  [Valid ACC: 61.91]  [Head : 78.21]  [Rel : 79.12]  [Tail : 65.80]  [ALL : 53.54]
2024-11-13 17:32:09,987 - [23/50]  [TRAIN LOSS: 0.6216]  [TRAIN ACC: 98.77]  [Head : 99.93]  [Rel : 99.35]  [Tail : 94.67]  [ALL : 94.38]
2024-11-13 17:32:23,856 - [23/50]  [Valid LOSS: 7.1747]  [Valid ACC: 61.70]  [Head : 78.14]  [Rel : 79.12]  [Tail : 66.22]  [ALL : 53.78]
2024-11-13 17:33:29,581 - [24/50]  [TRAIN LOSS: 0.5902]  [TRAIN ACC: 98.86]  [Head : 100.00]  [Rel : 99.34]  [Tail : 94.93]  [ALL : 94.82]
2024-11-13 17:33:43,190 - [24/50]  [Valid LOSS: 7.1464]  [Valid ACC: 62.16]  [Head : 78.24]  [Rel : 79.08]  [Tail : 66.43]  [ALL : 53.85]
2024-11-13 17:34:48,619 - [25/50]  [TRAIN LOSS: 0.5603]  [TRAIN ACC: 98.96]  [Head : 99.96]  [Rel : 99.44]  [Tail : 95.05]  [ALL : 94.89]
2024-11-13 17:35:03,400 - [25/50]  [Valid LOSS: 7.1697]  [Valid ACC: 61.98]  [Head : 78.28]  [Rel : 79.64]  [Tail : 66.22]  [ALL : 54.13]
2024-11-13 17:36:08,924 - [26/50]  [TRAIN LOSS: 0.5196]  [TRAIN ACC: 99.16]  [Head : 99.98]  [Rel : 99.53]  [Tail : 95.37]  [ALL : 95.09]
2024-11-13 17:36:22,638 - [26/50]  [Valid LOSS: 7.1935]  [Valid ACC: 61.95]  [Head : 78.38]  [Rel : 79.57]  [Tail : 66.01]  [ALL : 53.78]
2024-11-13 17:37:28,626 - [27/50]  [TRAIN LOSS: 0.5017]  [TRAIN ACC: 99.24]  [Head : 99.96]  [Rel : 99.40]  [Tail : 95.21]  [ALL : 95.44]
2024-11-13 17:37:42,321 - [27/50]  [Valid LOSS: 7.2144]  [Valid ACC: 62.12]  [Head : 78.42]  [Rel : 79.05]  [Tail : 65.98]  [ALL : 53.64]
2024-11-13 17:38:48,223 - [28/50]  [TRAIN LOSS: 0.4670]  [TRAIN ACC: 99.33]  [Head : 100.00]  [Rel : 99.68]  [Tail : 95.93]  [ALL : 95.66]
2024-11-13 17:39:02,132 - [28/50]  [Valid LOSS: 7.2210]  [Valid ACC: 62.40]  [Head : 78.38]  [Rel : 78.98]  [Tail : 66.43]  [ALL : 54.10]
2024-11-13 17:40:08,133 - [29/50]  [TRAIN LOSS: 0.4449]  [TRAIN ACC: 99.32]  [Head : 100.00]  [Rel : 99.69]  [Tail : 96.07]  [ALL : 95.87]
2024-11-13 17:40:21,910 - [29/50]  [Valid LOSS: 7.2552]  [Valid ACC: 62.19]  [Head : 78.42]  [Rel : 79.12]  [Tail : 66.19]  [ALL : 53.99]
2024-11-13 17:41:27,760 - [30/50]  [TRAIN LOSS: 0.4187]  [TRAIN ACC: 99.46]  [Head : 99.99]  [Rel : 99.68]  [Tail : 96.22]  [ALL : 96.29]
2024-11-13 17:41:41,463 - [30/50]  [Valid LOSS: 7.2641]  [Valid ACC: 61.91]  [Head : 78.10]  [Rel : 79.08]  [Tail : 66.19]  [ALL : 53.78]
2024-11-13 17:42:47,995 - [31/50]  [TRAIN LOSS: 0.3949]  [TRAIN ACC: 99.49]  [Head : 99.99]  [Rel : 99.82]  [Tail : 96.35]  [ALL : 96.12]
2024-11-13 17:43:01,666 - [31/50]  [Valid LOSS: 7.2504]  [Valid ACC: 62.61]  [Head : 78.21]  [Rel : 79.22]  [Tail : 66.50]  [ALL : 54.38]
2024-11-13 17:44:07,744 - [32/50]  [TRAIN LOSS: 0.3868]  [TRAIN ACC: 99.56]  [Head : 99.99]  [Rel : 99.73]  [Tail : 96.57]  [ALL : 96.53]
2024-11-13 17:44:21,540 - [32/50]  [Valid LOSS: 7.2432]  [Valid ACC: 62.61]  [Head : 78.35]  [Rel : 79.01]  [Tail : 66.22]  [ALL : 53.89]
2024-11-13 17:45:27,302 - [33/50]  [TRAIN LOSS: 0.3615]  [TRAIN ACC: 99.59]  [Head : 100.00]  [Rel : 99.84]  [Tail : 96.68]  [ALL : 96.54]
2024-11-13 17:45:41,264 - [33/50]  [Valid LOSS: 7.2888]  [Valid ACC: 62.26]  [Head : 78.63]  [Rel : 78.45]  [Tail : 66.08]  [ALL : 53.64]
2024-11-13 17:46:47,286 - [34/50]  [TRAIN LOSS: 0.3540]  [TRAIN ACC: 99.58]  [Head : 100.00]  [Rel : 99.83]  [Tail : 96.64]  [ALL : 96.71]
2024-11-13 17:47:00,730 - [34/50]  [Valid LOSS: 7.3029]  [Valid ACC: 62.47]  [Head : 78.59]  [Rel : 78.87]  [Tail : 66.61]  [ALL : 54.38]
2024-11-13 17:48:06,357 - [35/50]  [TRAIN LOSS: 0.3305]  [TRAIN ACC: 99.64]  [Head : 100.00]  [Rel : 99.79]  [Tail : 96.76]  [ALL : 96.69]
2024-11-13 17:48:20,326 - [35/50]  [Valid LOSS: 7.3095]  [Valid ACC: 62.75]  [Head : 78.66]  [Rel : 79.54]  [Tail : 66.54]  [ALL : 54.20]
2024-11-13 17:49:26,327 - [36/50]  [TRAIN LOSS: 0.3200]  [TRAIN ACC: 99.61]  [Head : 100.00]  [Rel : 99.88]  [Tail : 96.85]  [ALL : 96.82]
2024-11-13 17:49:40,157 - [36/50]  [Valid LOSS: 7.3019]  [Valid ACC: 62.33]  [Head : 78.59]  [Rel : 79.08]  [Tail : 66.99]  [ALL : 54.45]
2024-11-13 17:50:46,223 - [37/50]  [TRAIN LOSS: 0.3005]  [TRAIN ACC: 99.68]  [Head : 100.00]  [Rel : 99.87]  [Tail : 97.16]  [ALL : 96.98]
2024-11-13 17:50:59,771 - [37/50]  [Valid LOSS: 7.3514]  [Valid ACC: 62.23]  [Head : 78.56]  [Rel : 79.22]  [Tail : 66.64]  [ALL : 54.70]
2024-11-13 17:52:05,878 - [38/50]  [TRAIN LOSS: 0.2875]  [TRAIN ACC: 99.68]  [Head : 100.00]  [Rel : 99.94]  [Tail : 97.24]  [ALL : 97.04]
2024-11-13 17:52:19,512 - [38/50]  [Valid LOSS: 7.3643]  [Valid ACC: 62.33]  [Head : 78.52]  [Rel : 78.98]  [Tail : 66.85]  [ALL : 54.38]
2024-11-13 17:53:25,575 - [39/50]  [TRAIN LOSS: 0.2848]  [TRAIN ACC: 99.73]  [Head : 99.97]  [Rel : 99.89]  [Tail : 97.23]  [ALL : 97.15]
2024-11-13 17:53:39,312 - [39/50]  [Valid LOSS: 7.3269]  [Valid ACC: 62.65]  [Head : 78.73]  [Rel : 79.43]  [Tail : 66.47]  [ALL : 54.73]
2024-11-13 17:54:45,327 - [40/50]  [TRAIN LOSS: 0.2757]  [TRAIN ACC: 99.69]  [Head : 99.99]  [Rel : 99.90]  [Tail : 97.49]  [ALL : 97.49]
2024-11-13 17:54:59,400 - [40/50]  [Valid LOSS: 7.3629]  [Valid ACC: 62.89]  [Head : 78.59]  [Rel : 79.54]  [Tail : 66.33]  [ALL : 54.24]
2024-11-13 17:56:05,679 - [41/50]  [TRAIN LOSS: 0.2636]  [TRAIN ACC: 99.73]  [Head : 100.00]  [Rel : 99.90]  [Tail : 97.47]  [ALL : 97.35]
2024-11-13 17:56:19,563 - [41/50]  [Valid LOSS: 7.3780]  [Valid ACC: 62.58]  [Head : 78.66]  [Rel : 79.50]  [Tail : 66.19]  [ALL : 54.10]
2024-11-13 17:57:25,392 - [42/50]  [TRAIN LOSS: 0.2548]  [TRAIN ACC: 99.74]  [Head : 100.00]  [Rel : 99.89]  [Tail : 97.56]  [ALL : 97.55]
2024-11-13 17:57:39,759 - [42/50]  [Valid LOSS: 7.4195]  [Valid ACC: 62.40]  [Head : 78.87]  [Rel : 79.19]  [Tail : 66.36]  [ALL : 54.45]
2024-11-13 17:58:45,932 - [43/50]  [TRAIN LOSS: 0.2360]  [TRAIN ACC: 99.77]  [Head : 100.00]  [Rel : 99.97]  [Tail : 97.77]  [ALL : 97.62]
2024-11-13 17:58:59,855 - [43/50]  [Valid LOSS: 7.3729]  [Valid ACC: 63.17]  [Head : 78.84]  [Rel : 79.33]  [Tail : 66.71]  [ALL : 54.63]
2024-11-13 18:00:05,917 - [44/50]  [TRAIN LOSS: 0.2260]  [TRAIN ACC: 99.76]  [Head : 100.00]  [Rel : 99.97]  [Tail : 97.83]  [ALL : 97.79]
2024-11-13 18:00:19,503 - [44/50]  [Valid LOSS: 7.4574]  [Valid ACC: 62.44]  [Head : 78.73]  [Rel : 79.26]  [Tail : 66.43]  [ALL : 54.48]
2024-11-13 18:01:25,370 - [45/50]  [TRAIN LOSS: 0.2155]  [TRAIN ACC: 99.82]  [Head : 100.00]  [Rel : 99.96]  [Tail : 98.00]  [ALL : 98.06]
2024-11-13 18:01:39,024 - [45/50]  [Valid LOSS: 7.4589]  [Valid ACC: 62.44]  [Head : 78.73]  [Rel : 79.40]  [Tail : 66.01]  [ALL : 54.03]
2024-11-13 18:02:45,317 - [46/50]  [TRAIN LOSS: 0.2068]  [TRAIN ACC: 99.82]  [Head : 100.00]  [Rel : 99.96]  [Tail : 98.01]  [ALL : 97.99]
2024-11-13 18:02:59,403 - [46/50]  [Valid LOSS: 7.4715]  [Valid ACC: 62.68]  [Head : 78.63]  [Rel : 79.19]  [Tail : 66.47]  [ALL : 54.24]
2024-11-13 18:04:05,264 - [47/50]  [TRAIN LOSS: 0.1998]  [TRAIN ACC: 99.83]  [Head : 100.00]  [Rel : 99.96]  [Tail : 98.27]  [ALL : 98.06]
2024-11-13 18:04:19,176 - [47/50]  [Valid LOSS: 7.5011]  [Valid ACC: 62.61]  [Head : 78.59]  [Rel : 79.54]  [Tail : 66.29]  [ALL : 54.48]
2024-11-13 18:05:25,187 - [48/50]  [TRAIN LOSS: 0.1981]  [TRAIN ACC: 99.80]  [Head : 100.00]  [Rel : 99.96]  [Tail : 98.11]  [ALL : 97.94]
2024-11-13 18:05:39,225 - [48/50]  [Valid LOSS: 7.4918]  [Valid ACC: 62.65]  [Head : 78.84]  [Rel : 79.64]  [Tail : 66.57]  [ALL : 54.56]
2024-11-13 18:06:45,122 - [49/50]  [TRAIN LOSS: 0.1876]  [TRAIN ACC: 99.88]  [Head : 99.99]  [Rel : 99.96]  [Tail : 98.24]  [ALL : 98.23]
2024-11-13 18:06:59,037 - [49/50]  [Valid LOSS: 7.5246]  [Valid ACC: 62.72]  [Head : 78.70]  [Rel : 79.05]  [Tail : 66.57]  [ALL : 54.31]
2024-11-13 18:07:00,182 - BEST EPOCH : 44.00, BEST VALID ACC : 63.17
