2024-11-14 08:01:44,259 - [ 0/50]  [TRAIN LOSS: 20.5600]  [TRAIN ACC: 5.25]  [Head : 10.39]  [Rel : 61.03]  [Tail : 12.57]  [ALL : 1.94]
2024-11-14 08:01:57,800 - [ 0/50]  [Valid LOSS: 16.5566]  [Valid ACC: 9.18]  [Head : 23.76]  [Rel : 75.47]  [Tail : 29.61]  [ALL : 7.88]
2024-11-14 08:03:03,593 - [ 1/50]  [TRAIN LOSS: 13.6831]  [TRAIN ACC: 17.92]  [Head : 38.01]  [Rel : 80.29]  [Tail : 44.23]  [ALL : 19.89]
2024-11-14 08:03:17,057 - [ 1/50]  [Valid LOSS: 12.1885]  [Valid ACC: 22.04]  [Head : 49.79]  [Rel : 80.34]  [Tail : 53.78]  [ALL : 30.52]
2024-11-14 08:04:27,422 - [ 2/50]  [TRAIN LOSS: 9.4591]  [TRAIN ACC: 37.06]  [Head : 61.11]  [Rel : 86.39]  [Tail : 62.93]  [ALL : 41.38]
2024-11-14 08:04:41,002 - [ 2/50]  [Valid LOSS: 9.8875]  [Valid ACC: 36.23]  [Head : 61.67]  [Rel : 82.80]  [Tail : 63.49]  [ALL : 42.57]
2024-11-14 08:05:46,586 - [ 3/50]  [TRAIN LOSS: 6.9435]  [TRAIN ACC: 54.02]  [Head : 74.77]  [Rel : 89.38]  [Tail : 72.91]  [ALL : 55.75]
2024-11-14 08:05:59,821 - [ 3/50]  [Valid LOSS: 8.7389]  [Valid ACC: 44.32]  [Head : 68.33]  [Rel : 83.08]  [Tail : 66.96]  [ALL : 48.32]
2024-11-14 08:07:05,296 - [ 4/50]  [TRAIN LOSS: 5.3509]  [TRAIN ACC: 65.82]  [Head : 83.18]  [Rel : 91.53]  [Tail : 79.54]  [ALL : 66.05]
2024-11-14 08:07:18,871 - [ 4/50]  [Valid LOSS: 7.9789]  [Valid ACC: 49.82]  [Head : 72.49]  [Rel : 83.15]  [Tail : 69.38]  [ALL : 53.05]
2024-11-14 08:08:24,425 - [ 5/50]  [TRAIN LOSS: 4.2885]  [TRAIN ACC: 73.23]  [Head : 88.19]  [Rel : 93.17]  [Tail : 83.71]  [ALL : 73.55]
2024-11-14 08:08:38,114 - [ 5/50]  [Valid LOSS: 7.5147]  [Valid ACC: 53.50]  [Head : 74.60]  [Rel : 83.39]  [Tail : 70.88]  [ALL : 55.08]
2024-11-14 08:09:43,584 - [ 6/50]  [TRAIN LOSS: 3.4925]  [TRAIN ACC: 78.78]  [Head : 91.87]  [Rel : 94.32]  [Tail : 86.90]  [ALL : 79.15]
2024-11-14 08:09:56,883 - [ 6/50]  [Valid LOSS: 7.2220]  [Valid ACC: 56.24]  [Head : 76.07]  [Rel : 83.29]  [Tail : 71.16]  [ALL : 55.89]
2024-11-14 08:11:02,400 - [ 7/50]  [TRAIN LOSS: 2.9061]  [TRAIN ACC: 83.25]  [Head : 94.51]  [Rel : 95.08]  [Tail : 89.72]  [ALL : 83.50]
2024-11-14 08:11:15,778 - [ 7/50]  [Valid LOSS: 7.0237]  [Valid ACC: 57.78]  [Head : 77.61]  [Rel : 83.74]  [Tail : 72.04]  [ALL : 57.53]
2024-11-14 08:12:21,950 - [ 8/50]  [TRAIN LOSS: 2.4604]  [TRAIN ACC: 86.71]  [Head : 96.29]  [Rel : 95.85]  [Tail : 91.35]  [ALL : 87.03]
2024-11-14 08:12:35,527 - [ 8/50]  [Valid LOSS: 6.8654]  [Valid ACC: 59.36]  [Head : 78.24]  [Rel : 83.71]  [Tail : 72.42]  [ALL : 58.34]
2024-11-14 08:13:40,885 - [ 9/50]  [TRAIN LOSS: 2.1345]  [TRAIN ACC: 89.46]  [Head : 97.16]  [Rel : 96.42]  [Tail : 92.76]  [ALL : 89.52]
2024-11-14 08:13:59,294 - [ 9/50]  [Valid LOSS: 6.7370]  [Valid ACC: 60.02]  [Head : 78.91]  [Rel : 83.29]  [Tail : 71.86]  [ALL : 58.48]
2024-11-14 08:15:05,144 - [10/50]  [TRAIN LOSS: 1.8344]  [TRAIN ACC: 91.73]  [Head : 98.15]  [Rel : 97.21]  [Tail : 93.73]  [ALL : 91.53]
2024-11-14 08:15:18,950 - [10/50]  [Valid LOSS: 6.6832]  [Valid ACC: 60.83]  [Head : 79.40]  [Rel : 83.43]  [Tail : 72.00]  [ALL : 58.97]
2024-11-14 08:16:26,383 - [11/50]  [TRAIN LOSS: 1.6033]  [TRAIN ACC: 93.25]  [Head : 98.76]  [Rel : 97.69]  [Tail : 94.50]  [ALL : 92.90]
2024-11-14 08:16:40,474 - [11/50]  [Valid LOSS: 6.6264]  [Valid ACC: 62.23]  [Head : 79.68]  [Rel : 83.18]  [Tail : 72.49]  [ALL : 59.50]
2024-11-14 08:17:47,887 - [12/50]  [TRAIN LOSS: 1.4582]  [TRAIN ACC: 94.09]  [Head : 99.11]  [Rel : 97.82]  [Tail : 94.88]  [ALL : 93.65]
2024-11-14 08:18:06,530 - [12/50]  [Valid LOSS: 6.6366]  [Valid ACC: 62.19]  [Head : 79.68]  [Rel : 82.90]  [Tail : 71.79]  [ALL : 58.83]
2024-11-14 08:19:13,699 - [13/50]  [TRAIN LOSS: 1.2940]  [TRAIN ACC: 95.10]  [Head : 99.36]  [Rel : 98.15]  [Tail : 95.48]  [ALL : 94.52]
2024-11-14 08:19:28,039 - [13/50]  [Valid LOSS: 6.5690]  [Valid ACC: 63.03]  [Head : 79.82]  [Rel : 83.57]  [Tail : 72.49]  [ALL : 59.74]
2024-11-14 08:20:44,493 - [14/50]  [TRAIN LOSS: 1.1481]  [TRAIN ACC: 96.10]  [Head : 99.57]  [Rel : 98.35]  [Tail : 96.06]  [ALL : 95.10]
2024-11-14 08:20:58,420 - [14/50]  [Valid LOSS: 6.5382]  [Valid ACC: 63.38]  [Head : 79.78]  [Rel : 83.39]  [Tail : 72.49]  [ALL : 59.78]
2024-11-14 08:22:05,528 - [15/50]  [TRAIN LOSS: 1.0274]  [TRAIN ACC: 96.72]  [Head : 99.64]  [Rel : 98.78]  [Tail : 96.57]  [ALL : 96.04]
2024-11-14 08:22:19,867 - [15/50]  [Valid LOSS: 6.5207]  [Valid ACC: 64.05]  [Head : 80.13]  [Rel : 83.50]  [Tail : 72.49]  [ALL : 60.34]
2024-11-14 08:23:26,908 - [16/50]  [TRAIN LOSS: 0.9355]  [TRAIN ACC: 97.25]  [Head : 99.81]  [Rel : 99.04]  [Tail : 96.93]  [ALL : 96.45]
2024-11-14 08:23:46,444 - [16/50]  [Valid LOSS: 6.5518]  [Valid ACC: 63.95]  [Head : 80.06]  [Rel : 83.57]  [Tail : 72.78]  [ALL : 60.27]
2024-11-14 08:24:54,279 - [17/50]  [TRAIN LOSS: 0.8496]  [TRAIN ACC: 97.85]  [Head : 99.89]  [Rel : 99.23]  [Tail : 97.16]  [ALL : 96.82]
2024-11-14 08:25:08,032 - [17/50]  [Valid LOSS: 6.5162]  [Valid ACC: 64.09]  [Head : 79.85]  [Rel : 83.46]  [Tail : 72.49]  [ALL : 59.78]
2024-11-14 08:26:14,543 - [18/50]  [TRAIN LOSS: 0.8259]  [TRAIN ACC: 97.99]  [Head : 99.81]  [Rel : 98.98]  [Tail : 96.96]  [ALL : 96.58]
2024-11-14 08:26:28,028 - [18/50]  [Valid LOSS: 6.5480]  [Valid ACC: 64.09]  [Head : 79.68]  [Rel : 83.53]  [Tail : 72.67]  [ALL : 59.99]
2024-11-14 08:27:33,923 - [19/50]  [TRAIN LOSS: 0.7311]  [TRAIN ACC: 98.40]  [Head : 99.89]  [Rel : 99.30]  [Tail : 97.52]  [ALL : 97.25]
2024-11-14 08:27:47,784 - [19/50]  [Valid LOSS: 6.5253]  [Valid ACC: 63.88]  [Head : 79.89]  [Rel : 82.87]  [Tail : 72.35]  [ALL : 59.71]
2024-11-14 08:28:53,825 - [20/50]  [TRAIN LOSS: 0.7020]  [TRAIN ACC: 98.64]  [Head : 99.88]  [Rel : 99.25]  [Tail : 97.41]  [ALL : 97.22]
2024-11-14 08:29:07,342 - [20/50]  [Valid LOSS: 6.5358]  [Valid ACC: 64.68]  [Head : 80.34]  [Rel : 83.22]  [Tail : 72.46]  [ALL : 60.55]
2024-11-14 08:30:14,465 - [21/50]  [TRAIN LOSS: 0.6234]  [TRAIN ACC: 98.94]  [Head : 99.96]  [Rel : 99.48]  [Tail : 97.80]  [ALL : 97.74]
2024-11-14 08:30:29,274 - [21/50]  [Valid LOSS: 6.5460]  [Valid ACC: 64.54]  [Head : 80.41]  [Rel : 83.46]  [Tail : 72.28]  [ALL : 60.27]
2024-11-14 08:31:35,158 - [22/50]  [TRAIN LOSS: 0.5812]  [TRAIN ACC: 99.09]  [Head : 99.97]  [Rel : 99.47]  [Tail : 97.84]  [ALL : 97.76]
2024-11-14 08:31:48,389 - [22/50]  [Valid LOSS: 6.5304]  [Valid ACC: 64.65]  [Head : 80.41]  [Rel : 83.18]  [Tail : 72.46]  [ALL : 60.41]
2024-11-14 08:32:53,710 - [23/50]  [TRAIN LOSS: 0.5513]  [TRAIN ACC: 99.21]  [Head : 99.95]  [Rel : 99.49]  [Tail : 98.07]  [ALL : 97.82]
2024-11-14 08:33:07,123 - [23/50]  [Valid LOSS: 6.5516]  [Valid ACC: 64.61]  [Head : 80.24]  [Rel : 83.29]  [Tail : 72.49]  [ALL : 60.34]
2024-11-14 08:34:12,911 - [24/50]  [TRAIN LOSS: 0.5175]  [TRAIN ACC: 99.44]  [Head : 99.98]  [Rel : 99.56]  [Tail : 98.16]  [ALL : 97.93]
2024-11-14 08:34:26,347 - [24/50]  [Valid LOSS: 6.5211]  [Valid ACC: 64.96]  [Head : 80.41]  [Rel : 83.50]  [Tail : 72.60]  [ALL : 60.72]
2024-11-14 08:35:31,543 - [25/50]  [TRAIN LOSS: 0.4889]  [TRAIN ACC: 99.50]  [Head : 100.00]  [Rel : 99.61]  [Tail : 98.20]  [ALL : 98.12]
2024-11-14 08:35:44,898 - [25/50]  [Valid LOSS: 6.5745]  [Valid ACC: 64.23]  [Head : 79.99]  [Rel : 83.43]  [Tail : 72.42]  [ALL : 60.13]
2024-11-14 08:36:49,968 - [26/50]  [TRAIN LOSS: 0.4481]  [TRAIN ACC: 99.59]  [Head : 99.97]  [Rel : 99.75]  [Tail : 98.34]  [ALL : 98.25]
2024-11-14 08:37:03,417 - [26/50]  [Valid LOSS: 6.5726]  [Valid ACC: 64.51]  [Head : 79.92]  [Rel : 83.25]  [Tail : 72.49]  [ALL : 60.20]
2024-11-14 08:38:09,392 - [27/50]  [TRAIN LOSS: 0.4247]  [TRAIN ACC: 99.60]  [Head : 99.99]  [Rel : 99.70]  [Tail : 98.49]  [ALL : 98.54]
2024-11-14 08:38:22,774 - [27/50]  [Valid LOSS: 6.5711]  [Valid ACC: 64.93]  [Head : 80.17]  [Rel : 83.22]  [Tail : 72.35]  [ALL : 60.13]
2024-11-14 08:39:28,066 - [28/50]  [TRAIN LOSS: 0.4181]  [TRAIN ACC: 99.51]  [Head : 100.00]  [Rel : 99.77]  [Tail : 98.54]  [ALL : 98.44]
2024-11-14 08:39:41,490 - [28/50]  [Valid LOSS: 6.5712]  [Valid ACC: 65.07]  [Head : 80.03]  [Rel : 83.08]  [Tail : 72.70]  [ALL : 60.20]
2024-11-14 08:40:46,771 - [29/50]  [TRAIN LOSS: 0.3802]  [TRAIN ACC: 99.69]  [Head : 99.99]  [Rel : 99.82]  [Tail : 98.58]  [ALL : 98.57]
2024-11-14 08:41:00,466 - [29/50]  [Valid LOSS: 6.5951]  [Valid ACC: 65.10]  [Head : 80.17]  [Rel : 83.29]  [Tail : 72.53]  [ALL : 60.23]
2024-11-14 08:42:06,130 - [30/50]  [TRAIN LOSS: 0.3524]  [TRAIN ACC: 99.80]  [Head : 99.98]  [Rel : 99.84]  [Tail : 98.78]  [ALL : 98.62]
2024-11-14 08:42:19,475 - [30/50]  [Valid LOSS: 6.6313]  [Valid ACC: 64.96]  [Head : 79.96]  [Rel : 83.11]  [Tail : 72.56]  [ALL : 59.99]
2024-11-14 08:43:24,763 - [31/50]  [TRAIN LOSS: 0.3379]  [TRAIN ACC: 99.77]  [Head : 99.99]  [Rel : 99.86]  [Tail : 98.72]  [ALL : 98.54]
2024-11-14 08:43:38,446 - [31/50]  [Valid LOSS: 6.6455]  [Valid ACC: 64.65]  [Head : 79.71]  [Rel : 83.43]  [Tail : 72.35]  [ALL : 59.85]
2024-11-14 08:44:44,269 - [32/50]  [TRAIN LOSS: 0.3182]  [TRAIN ACC: 99.82]  [Head : 100.00]  [Rel : 99.89]  [Tail : 98.87]  [ALL : 98.78]
2024-11-14 08:45:02,680 - [32/50]  [Valid LOSS: 6.6149]  [Valid ACC: 65.00]  [Head : 80.06]  [Rel : 83.04]  [Tail : 72.63]  [ALL : 59.99]
2024-11-14 08:46:08,204 - [33/50]  [TRAIN LOSS: 0.3033]  [TRAIN ACC: 99.82]  [Head : 100.00]  [Rel : 99.91]  [Tail : 98.76]  [ALL : 98.70]
2024-11-14 08:46:21,729 - [33/50]  [Valid LOSS: 6.6352]  [Valid ACC: 64.89]  [Head : 79.92]  [Rel : 83.29]  [Tail : 72.56]  [ALL : 60.13]
2024-11-14 08:47:27,412 - [34/50]  [TRAIN LOSS: 0.2878]  [TRAIN ACC: 99.83]  [Head : 99.98]  [Rel : 99.94]  [Tail : 98.84]  [ALL : 98.85]
2024-11-14 08:47:40,922 - [34/50]  [Valid LOSS: 6.6325]  [Valid ACC: 65.10]  [Head : 79.92]  [Rel : 83.36]  [Tail : 72.67]  [ALL : 60.23]
2024-11-14 08:48:46,453 - [35/50]  [TRAIN LOSS: 0.2736]  [TRAIN ACC: 99.84]  [Head : 100.00]  [Rel : 99.86]  [Tail : 98.98]  [ALL : 98.86]
2024-11-14 08:49:00,594 - [35/50]  [Valid LOSS: 6.6400]  [Valid ACC: 65.31]  [Head : 80.03]  [Rel : 83.71]  [Tail : 72.67]  [ALL : 60.27]
2024-11-14 08:50:06,440 - [36/50]  [TRAIN LOSS: 0.2638]  [TRAIN ACC: 99.85]  [Head : 99.99]  [Rel : 99.89]  [Tail : 98.96]  [ALL : 98.94]
2024-11-14 08:50:21,008 - [36/50]  [Valid LOSS: 6.6473]  [Valid ACC: 65.00]  [Head : 80.06]  [Rel : 83.36]  [Tail : 72.32]  [ALL : 60.02]
2024-11-14 08:51:26,899 - [37/50]  [TRAIN LOSS: 0.2524]  [TRAIN ACC: 99.87]  [Head : 99.99]  [Rel : 99.90]  [Tail : 98.92]  [ALL : 98.94]
2024-11-14 08:51:40,568 - [37/50]  [Valid LOSS: 6.6732]  [Valid ACC: 65.14]  [Head : 80.03]  [Rel : 83.11]  [Tail : 72.53]  [ALL : 59.85]
2024-11-14 08:52:46,225 - [38/50]  [TRAIN LOSS: 0.2396]  [TRAIN ACC: 99.89]  [Head : 100.00]  [Rel : 99.96]  [Tail : 98.94]  [ALL : 99.02]
2024-11-14 08:52:59,581 - [38/50]  [Valid LOSS: 6.6627]  [Valid ACC: 65.31]  [Head : 79.96]  [Rel : 83.08]  [Tail : 72.60]  [ALL : 59.92]
2024-11-14 08:54:05,064 - [39/50]  [TRAIN LOSS: 0.2319]  [TRAIN ACC: 99.92]  [Head : 99.99]  [Rel : 99.96]  [Tail : 98.92]  [ALL : 98.98]
2024-11-14 08:54:18,658 - [39/50]  [Valid LOSS: 6.6574]  [Valid ACC: 65.66]  [Head : 80.03]  [Rel : 83.25]  [Tail : 72.88]  [ALL : 60.27]
2024-11-14 08:55:24,465 - [40/50]  [TRAIN LOSS: 0.2240]  [TRAIN ACC: 99.85]  [Head : 99.99]  [Rel : 99.90]  [Tail : 99.06]  [ALL : 99.02]
2024-11-14 08:55:38,077 - [40/50]  [Valid LOSS: 6.6889]  [Valid ACC: 65.24]  [Head : 79.92]  [Rel : 83.36]  [Tail : 72.39]  [ALL : 60.02]
2024-11-14 08:56:43,723 - [41/50]  [TRAIN LOSS: 0.2161]  [TRAIN ACC: 99.95]  [Head : 100.00]  [Rel : 99.95]  [Tail : 98.96]  [ALL : 99.04]
2024-11-14 08:56:57,269 - [41/50]  [Valid LOSS: 6.6946]  [Valid ACC: 65.70]  [Head : 80.13]  [Rel : 83.36]  [Tail : 72.63]  [ALL : 60.20]
2024-11-14 08:58:02,730 - [42/50]  [TRAIN LOSS: 0.2055]  [TRAIN ACC: 99.89]  [Head : 100.00]  [Rel : 99.91]  [Tail : 99.14]  [ALL : 99.20]
2024-11-14 08:58:16,348 - [42/50]  [Valid LOSS: 6.7176]  [Valid ACC: 65.42]  [Head : 80.03]  [Rel : 82.97]  [Tail : 72.63]  [ALL : 60.20]
2024-11-14 08:59:21,486 - [43/50]  [TRAIN LOSS: 0.1982]  [TRAIN ACC: 99.90]  [Head : 100.00]  [Rel : 99.93]  [Tail : 99.14]  [ALL : 99.20]
2024-11-14 08:59:40,436 - [43/50]  [Valid LOSS: 6.7160]  [Valid ACC: 65.28]  [Head : 79.85]  [Rel : 83.22]  [Tail : 72.53]  [ALL : 60.06]
2024-11-14 09:00:45,565 - [44/50]  [TRAIN LOSS: 0.1873]  [TRAIN ACC: 99.92]  [Head : 100.00]  [Rel : 99.90]  [Tail : 99.28]  [ALL : 99.15]
2024-11-14 09:00:59,075 - [44/50]  [Valid LOSS: 6.7451]  [Valid ACC: 65.03]  [Head : 79.89]  [Rel : 83.43]  [Tail : 72.60]  [ALL : 60.06]
2024-11-14 09:02:04,162 - [45/50]  [TRAIN LOSS: 0.1814]  [TRAIN ACC: 99.94]  [Head : 99.99]  [Rel : 99.94]  [Tail : 99.21]  [ALL : 99.18]
2024-11-14 09:02:18,050 - [45/50]  [Valid LOSS: 6.7400]  [Valid ACC: 65.24]  [Head : 79.92]  [Rel : 83.43]  [Tail : 72.88]  [ALL : 60.20]
2024-11-14 09:03:23,303 - [46/50]  [TRAIN LOSS: 0.1740]  [TRAIN ACC: 99.94]  [Head : 99.99]  [Rel : 99.98]  [Tail : 99.24]  [ALL : 99.26]
2024-11-14 09:03:37,326 - [46/50]  [Valid LOSS: 6.7223]  [Valid ACC: 65.66]  [Head : 80.20]  [Rel : 83.29]  [Tail : 72.49]  [ALL : 60.27]
2024-11-14 09:04:42,537 - [47/50]  [TRAIN LOSS: 0.1703]  [TRAIN ACC: 99.92]  [Head : 99.99]  [Rel : 99.93]  [Tail : 99.24]  [ALL : 99.23]
2024-11-14 09:04:56,205 - [47/50]  [Valid LOSS: 6.7550]  [Valid ACC: 65.49]  [Head : 80.03]  [Rel : 83.43]  [Tail : 72.74]  [ALL : 60.16]
2024-11-14 09:06:01,583 - [48/50]  [TRAIN LOSS: 0.1629]  [TRAIN ACC: 99.92]  [Head : 100.00]  [Rel : 99.96]  [Tail : 99.25]  [ALL : 99.18]
2024-11-14 09:06:15,074 - [48/50]  [Valid LOSS: 6.7714]  [Valid ACC: 65.31]  [Head : 79.89]  [Rel : 83.43]  [Tail : 72.63]  [ALL : 60.02]
2024-11-14 09:07:20,096 - [49/50]  [TRAIN LOSS: 0.1579]  [TRAIN ACC: 99.93]  [Head : 100.00]  [Rel : 99.91]  [Tail : 99.30]  [ALL : 99.27]
2024-11-14 09:07:33,729 - [49/50]  [Valid LOSS: 6.7795]  [Valid ACC: 65.31]  [Head : 79.99]  [Rel : 83.50]  [Tail : 72.74]  [ALL : 60.34]
2024-11-14 09:07:34,943 - BEST EPOCH : 42.00, BEST VALID ACC : 65.70
