2024-11-14 03:43:05,514 - [ 0/50]  [TRAIN LOSS: 21.1235]  [TRAIN ACC: 4.85]  [Head : 9.39]  [Rel : 59.54]  [Tail : 8.65]  [ALL : 0.98]
2024-11-14 03:43:19,339 - [ 0/50]  [Valid LOSS: 17.5965]  [Valid ACC: 8.93]  [Head : 20.99]  [Rel : 72.14]  [Tail : 19.62]  [ALL : 4.66]
2024-11-14 03:44:24,651 - [ 1/50]  [TRAIN LOSS: 14.8274]  [TRAIN ACC: 14.87]  [Head : 34.19]  [Rel : 78.07]  [Tail : 34.17]  [ALL : 14.04]
2024-11-14 03:44:37,947 - [ 1/50]  [Valid LOSS: 12.9270]  [Valid ACC: 18.47]  [Head : 45.13]  [Rel : 80.17]  [Tail : 47.27]  [ALL : 24.39]
2024-11-14 03:45:43,333 - [ 2/50]  [TRAIN LOSS: 10.3148]  [TRAIN ACC: 32.61]  [Head : 58.12]  [Rel : 85.19]  [Tail : 57.28]  [ALL : 36.64]
2024-11-14 03:45:56,653 - [ 2/50]  [Valid LOSS: 10.3852]  [Valid ACC: 32.73]  [Head : 59.11]  [Rel : 83.25]  [Tail : 60.13]  [ALL : 39.03]
2024-11-14 03:47:01,696 - [ 3/50]  [TRAIN LOSS: 7.4955]  [TRAIN ACC: 50.65]  [Head : 73.38]  [Rel : 89.46]  [Tail : 69.28]  [ALL : 53.32]
2024-11-14 03:47:15,471 - [ 3/50]  [Valid LOSS: 9.0436]  [Valid ACC: 42.01]  [Head : 66.85]  [Rel : 83.22]  [Tail : 65.66]  [ALL : 46.11]
2024-11-14 03:48:20,573 - [ 4/50]  [TRAIN LOSS: 5.7133]  [TRAIN ACC: 64.06]  [Head : 82.23]  [Rel : 91.68]  [Tail : 77.02]  [ALL : 64.38]
2024-11-14 03:48:34,103 - [ 4/50]  [Valid LOSS: 8.2158]  [Valid ACC: 48.39]  [Head : 71.65]  [Rel : 83.08]  [Tail : 67.48]  [ALL : 50.07]
2024-11-14 03:49:44,335 - [ 5/50]  [TRAIN LOSS: 4.5390]  [TRAIN ACC: 72.66]  [Head : 87.73]  [Rel : 93.28]  [Tail : 81.89]  [ALL : 71.76]
2024-11-14 03:49:58,227 - [ 5/50]  [Valid LOSS: 7.6321]  [Valid ACC: 53.05]  [Head : 74.07]  [Rel : 83.64]  [Tail : 69.69]  [ALL : 53.19]
2024-11-14 03:51:03,367 - [ 6/50]  [TRAIN LOSS: 3.6720]  [TRAIN ACC: 79.23]  [Head : 91.34]  [Rel : 94.43]  [Tail : 85.97]  [ALL : 77.83]
2024-11-14 03:51:17,218 - [ 6/50]  [Valid LOSS: 7.2684]  [Valid ACC: 55.68]  [Head : 75.68]  [Rel : 83.99]  [Tail : 71.02]  [ALL : 54.77]
2024-11-14 03:52:22,427 - [ 7/50]  [TRAIN LOSS: 3.0481]  [TRAIN ACC: 83.61]  [Head : 93.96]  [Rel : 95.23]  [Tail : 89.00]  [ALL : 83.07]
2024-11-14 03:52:35,848 - [ 7/50]  [Valid LOSS: 7.0384]  [Valid ACC: 57.29]  [Head : 77.08]  [Rel : 83.71]  [Tail : 71.30]  [ALL : 55.82]
2024-11-14 03:53:41,700 - [ 8/50]  [TRAIN LOSS: 2.5766]  [TRAIN ACC: 86.90]  [Head : 96.08]  [Rel : 96.15]  [Tail : 91.51]  [ALL : 86.73]
2024-11-14 03:53:55,058 - [ 8/50]  [Valid LOSS: 6.8744]  [Valid ACC: 59.18]  [Head : 77.96]  [Rel : 83.95]  [Tail : 72.39]  [ALL : 57.04]
2024-11-14 03:55:00,360 - [ 9/50]  [TRAIN LOSS: 2.2112]  [TRAIN ACC: 89.77]  [Head : 97.14]  [Rel : 96.66]  [Tail : 92.76]  [ALL : 89.62]
2024-11-14 03:55:18,878 - [ 9/50]  [Valid LOSS: 6.7532]  [Valid ACC: 59.67]  [Head : 78.42]  [Rel : 83.60]  [Tail : 72.49]  [ALL : 57.85]
2024-11-14 03:56:24,614 - [10/50]  [TRAIN LOSS: 1.9005]  [TRAIN ACC: 91.73]  [Head : 98.05]  [Rel : 97.50]  [Tail : 93.89]  [ALL : 91.51]
2024-11-14 03:56:37,838 - [10/50]  [Valid LOSS: 6.6560]  [Valid ACC: 61.00]  [Head : 78.94]  [Rel : 83.60]  [Tail : 73.30]  [ALL : 58.48]
2024-11-14 03:57:43,220 - [11/50]  [TRAIN LOSS: 1.6484]  [TRAIN ACC: 93.37]  [Head : 98.61]  [Rel : 97.93]  [Tail : 94.77]  [ALL : 93.45]
2024-11-14 03:57:56,864 - [11/50]  [Valid LOSS: 6.6000]  [Valid ACC: 61.25]  [Head : 78.87]  [Rel : 83.85]  [Tail : 73.13]  [ALL : 58.86]
2024-11-14 03:59:02,480 - [12/50]  [TRAIN LOSS: 1.4902]  [TRAIN ACC: 94.31]  [Head : 99.04]  [Rel : 98.08]  [Tail : 95.18]  [ALL : 93.95]
2024-11-14 03:59:15,637 - [12/50]  [Valid LOSS: 6.5483]  [Valid ACC: 61.70]  [Head : 79.54]  [Rel : 83.32]  [Tail : 72.92]  [ALL : 58.76]
2024-11-14 04:00:21,269 - [13/50]  [TRAIN LOSS: 1.3296]  [TRAIN ACC: 95.52]  [Head : 99.43]  [Rel : 98.39]  [Tail : 95.69]  [ALL : 94.70]
2024-11-14 04:00:34,692 - [13/50]  [Valid LOSS: 6.5317]  [Valid ACC: 62.79]  [Head : 79.75]  [Rel : 83.67]  [Tail : 72.88]  [ALL : 59.15]
2024-11-14 04:01:40,051 - [14/50]  [TRAIN LOSS: 1.1853]  [TRAIN ACC: 96.21]  [Head : 99.54]  [Rel : 98.64]  [Tail : 96.11]  [ALL : 95.37]
2024-11-14 04:01:53,560 - [14/50]  [Valid LOSS: 6.4832]  [Valid ACC: 63.17]  [Head : 79.89]  [Rel : 83.53]  [Tail : 72.95]  [ALL : 58.72]
2024-11-14 04:02:59,085 - [15/50]  [TRAIN LOSS: 1.0688]  [TRAIN ACC: 96.97]  [Head : 99.76]  [Rel : 98.75]  [Tail : 96.54]  [ALL : 95.99]
2024-11-14 04:03:12,785 - [15/50]  [Valid LOSS: 6.4773]  [Valid ACC: 63.35]  [Head : 80.27]  [Rel : 83.99]  [Tail : 72.78]  [ALL : 59.50]
2024-11-14 04:04:23,180 - [16/50]  [TRAIN LOSS: 0.9754]  [TRAIN ACC: 97.42]  [Head : 99.83]  [Rel : 98.90]  [Tail : 96.94]  [ALL : 96.44]
2024-11-14 04:04:36,579 - [16/50]  [Valid LOSS: 6.4543]  [Valid ACC: 63.74]  [Head : 80.38]  [Rel : 83.64]  [Tail : 72.63]  [ALL : 59.22]
2024-11-14 04:05:42,796 - [17/50]  [TRAIN LOSS: 0.8809]  [TRAIN ACC: 97.83]  [Head : 99.89]  [Rel : 99.11]  [Tail : 97.20]  [ALL : 96.85]
2024-11-14 04:05:56,970 - [17/50]  [Valid LOSS: 6.4532]  [Valid ACC: 64.30]  [Head : 80.66]  [Rel : 83.46]  [Tail : 72.81]  [ALL : 59.36]
2024-11-14 04:07:02,393 - [18/50]  [TRAIN LOSS: 0.8522]  [TRAIN ACC: 98.13]  [Head : 99.84]  [Rel : 98.96]  [Tail : 96.83]  [ALL : 96.63]
2024-11-14 04:07:15,674 - [18/50]  [Valid LOSS: 6.4348]  [Valid ACC: 64.58]  [Head : 80.48]  [Rel : 83.46]  [Tail : 72.92]  [ALL : 59.43]
2024-11-14 04:08:21,037 - [19/50]  [TRAIN LOSS: 0.7562]  [TRAIN ACC: 98.40]  [Head : 99.88]  [Rel : 99.34]  [Tail : 97.35]  [ALL : 97.14]
2024-11-14 04:08:34,516 - [19/50]  [Valid LOSS: 6.4497]  [Valid ACC: 64.44]  [Head : 80.48]  [Rel : 83.53]  [Tail : 72.74]  [ALL : 59.39]
2024-11-14 04:09:39,765 - [20/50]  [TRAIN LOSS: 0.7036]  [TRAIN ACC: 98.62]  [Head : 99.91]  [Rel : 99.35]  [Tail : 97.50]  [ALL : 97.32]
2024-11-14 04:09:53,153 - [20/50]  [Valid LOSS: 6.4365]  [Valid ACC: 64.75]  [Head : 80.69]  [Rel : 83.67]  [Tail : 72.67]  [ALL : 59.67]
2024-11-14 04:10:58,935 - [21/50]  [TRAIN LOSS: 0.6409]  [TRAIN ACC: 98.76]  [Head : 99.96]  [Rel : 99.53]  [Tail : 97.77]  [ALL : 97.58]
2024-11-14 04:11:12,333 - [21/50]  [Valid LOSS: 6.4573]  [Valid ACC: 65.10]  [Head : 80.59]  [Rel : 83.39]  [Tail : 72.81]  [ALL : 59.46]
2024-11-14 04:12:17,746 - [22/50]  [TRAIN LOSS: 0.5943]  [TRAIN ACC: 99.11]  [Head : 99.94]  [Rel : 99.54]  [Tail : 97.99]  [ALL : 97.97]
2024-11-14 04:12:30,991 - [22/50]  [Valid LOSS: 6.4375]  [Valid ACC: 65.21]  [Head : 80.83]  [Rel : 83.39]  [Tail : 72.56]  [ALL : 59.39]
2024-11-14 04:13:36,700 - [23/50]  [TRAIN LOSS: 0.5618]  [TRAIN ACC: 99.12]  [Head : 99.94]  [Rel : 99.60]  [Tail : 98.05]  [ALL : 98.07]
2024-11-14 04:13:50,645 - [23/50]  [Valid LOSS: 6.4529]  [Valid ACC: 65.14]  [Head : 80.87]  [Rel : 83.50]  [Tail : 72.60]  [ALL : 59.53]
2024-11-14 04:15:00,796 - [24/50]  [TRAIN LOSS: 0.5265]  [TRAIN ACC: 99.32]  [Head : 99.97]  [Rel : 99.64]  [Tail : 98.21]  [ALL : 98.13]
2024-11-14 04:15:14,187 - [24/50]  [Valid LOSS: 6.4687]  [Valid ACC: 65.35]  [Head : 80.69]  [Rel : 83.57]  [Tail : 72.67]  [ALL : 59.57]
2024-11-14 04:16:19,299 - [25/50]  [TRAIN LOSS: 0.4929]  [TRAIN ACC: 99.40]  [Head : 99.97]  [Rel : 99.70]  [Tail : 98.41]  [ALL : 98.16]
2024-11-14 04:16:32,790 - [25/50]  [Valid LOSS: 6.4673]  [Valid ACC: 65.59]  [Head : 80.80]  [Rel : 83.32]  [Tail : 72.46]  [ALL : 59.60]
2024-11-14 04:17:38,157 - [26/50]  [TRAIN LOSS: 0.4637]  [TRAIN ACC: 99.47]  [Head : 99.97]  [Rel : 99.75]  [Tail : 98.46]  [ALL : 98.31]
2024-11-14 04:17:52,926 - [26/50]  [Valid LOSS: 6.4692]  [Valid ACC: 65.35]  [Head : 80.90]  [Rel : 83.18]  [Tail : 72.42]  [ALL : 59.39]
2024-11-14 04:18:58,217 - [27/50]  [TRAIN LOSS: 0.4769]  [TRAIN ACC: 99.26]  [Head : 99.99]  [Rel : 99.58]  [Tail : 98.28]  [ALL : 98.27]
2024-11-14 04:19:12,094 - [27/50]  [Valid LOSS: 6.4692]  [Valid ACC: 65.31]  [Head : 80.97]  [Rel : 83.29]  [Tail : 72.99]  [ALL : 59.92]
2024-11-14 04:20:17,852 - [28/50]  [TRAIN LOSS: 0.4284]  [TRAIN ACC: 99.47]  [Head : 99.97]  [Rel : 99.66]  [Tail : 98.56]  [ALL : 98.33]
2024-11-14 04:20:31,327 - [28/50]  [Valid LOSS: 6.4472]  [Valid ACC: 65.66]  [Head : 81.15]  [Rel : 83.46]  [Tail : 72.49]  [ALL : 59.78]
2024-11-14 04:21:36,620 - [29/50]  [TRAIN LOSS: 0.3929]  [TRAIN ACC: 99.64]  [Head : 100.00]  [Rel : 99.81]  [Tail : 98.62]  [ALL : 98.44]
2024-11-14 04:21:50,104 - [29/50]  [Valid LOSS: 6.4818]  [Valid ACC: 65.52]  [Head : 80.87]  [Rel : 83.25]  [Tail : 72.42]  [ALL : 59.36]
2024-11-14 04:22:55,833 - [30/50]  [TRAIN LOSS: 0.3663]  [TRAIN ACC: 99.68]  [Head : 100.00]  [Rel : 99.82]  [Tail : 98.67]  [ALL : 98.76]
2024-11-14 04:23:14,344 - [30/50]  [Valid LOSS: 6.4790]  [Valid ACC: 65.91]  [Head : 80.87]  [Rel : 83.57]  [Tail : 72.53]  [ALL : 59.43]
2024-11-14 04:24:19,980 - [31/50]  [TRAIN LOSS: 0.3487]  [TRAIN ACC: 99.70]  [Head : 100.00]  [Rel : 99.84]  [Tail : 98.62]  [ALL : 98.61]
2024-11-14 04:24:33,647 - [31/50]  [Valid LOSS: 6.5063]  [Valid ACC: 65.87]  [Head : 80.83]  [Rel : 83.29]  [Tail : 72.53]  [ALL : 59.53]
2024-11-14 04:25:39,223 - [32/50]  [TRAIN LOSS: 0.3283]  [TRAIN ACC: 99.73]  [Head : 99.98]  [Rel : 99.88]  [Tail : 98.86]  [ALL : 98.71]
2024-11-14 04:25:52,760 - [32/50]  [Valid LOSS: 6.5009]  [Valid ACC: 65.94]  [Head : 81.08]  [Rel : 83.32]  [Tail : 72.67]  [ALL : 59.71]
2024-11-14 04:26:58,172 - [33/50]  [TRAIN LOSS: 0.3138]  [TRAIN ACC: 99.77]  [Head : 99.99]  [Rel : 99.85]  [Tail : 98.80]  [ALL : 98.67]
2024-11-14 04:27:11,550 - [33/50]  [Valid LOSS: 6.5243]  [Valid ACC: 65.91]  [Head : 80.97]  [Rel : 83.39]  [Tail : 72.35]  [ALL : 59.53]
2024-11-14 04:28:17,066 - [34/50]  [TRAIN LOSS: 0.3002]  [TRAIN ACC: 99.79]  [Head : 99.99]  [Rel : 99.83]  [Tail : 98.84]  [ALL : 98.69]
2024-11-14 04:28:30,618 - [34/50]  [Valid LOSS: 6.5274]  [Valid ACC: 65.91]  [Head : 81.01]  [Rel : 83.50]  [Tail : 72.70]  [ALL : 59.85]
2024-11-14 04:29:36,151 - [35/50]  [TRAIN LOSS: 0.2837]  [TRAIN ACC: 99.76]  [Head : 99.99]  [Rel : 99.89]  [Tail : 98.93]  [ALL : 98.90]
2024-11-14 04:29:49,562 - [35/50]  [Valid LOSS: 6.5474]  [Valid ACC: 66.15]  [Head : 81.15]  [Rel : 83.32]  [Tail : 72.49]  [ALL : 59.88]
2024-11-14 04:30:55,352 - [36/50]  [TRAIN LOSS: 0.2729]  [TRAIN ACC: 99.83]  [Head : 99.97]  [Rel : 99.92]  [Tail : 99.02]  [ALL : 98.98]
2024-11-14 04:31:08,511 - [36/50]  [Valid LOSS: 6.5485]  [Valid ACC: 66.08]  [Head : 81.29]  [Rel : 83.29]  [Tail : 72.42]  [ALL : 59.85]
2024-11-14 04:32:13,761 - [37/50]  [TRAIN LOSS: 0.2609]  [TRAIN ACC: 99.81]  [Head : 100.00]  [Rel : 99.92]  [Tail : 98.98]  [ALL : 98.92]
2024-11-14 04:32:26,997 - [37/50]  [Valid LOSS: 6.5495]  [Valid ACC: 66.12]  [Head : 81.04]  [Rel : 82.83]  [Tail : 72.85]  [ALL : 59.74]
2024-11-14 04:33:33,049 - [38/50]  [TRAIN LOSS: 0.2503]  [TRAIN ACC: 99.83]  [Head : 99.98]  [Rel : 99.94]  [Tail : 99.01]  [ALL : 99.01]
2024-11-14 04:33:46,642 - [38/50]  [Valid LOSS: 6.5564]  [Valid ACC: 66.29]  [Head : 81.18]  [Rel : 83.32]  [Tail : 72.67]  [ALL : 59.95]
2024-11-14 04:34:52,258 - [39/50]  [TRAIN LOSS: 0.2425]  [TRAIN ACC: 99.84]  [Head : 100.00]  [Rel : 99.89]  [Tail : 99.03]  [ALL : 99.01]
2024-11-14 04:35:05,534 - [39/50]  [Valid LOSS: 6.5646]  [Valid ACC: 65.73]  [Head : 80.97]  [Rel : 83.25]  [Tail : 72.53]  [ALL : 59.39]
2024-11-14 04:36:10,627 - [40/50]  [TRAIN LOSS: 0.2328]  [TRAIN ACC: 99.82]  [Head : 100.00]  [Rel : 99.93]  [Tail : 99.04]  [ALL : 99.01]
2024-11-14 04:36:23,879 - [40/50]  [Valid LOSS: 6.5772]  [Valid ACC: 66.26]  [Head : 81.22]  [Rel : 83.01]  [Tail : 72.56]  [ALL : 59.64]
2024-11-14 04:37:29,070 - [41/50]  [TRAIN LOSS: 0.2229]  [TRAIN ACC: 99.88]  [Head : 100.00]  [Rel : 99.89]  [Tail : 99.18]  [ALL : 98.92]
2024-11-14 04:37:42,801 - [41/50]  [Valid LOSS: 6.5799]  [Valid ACC: 66.15]  [Head : 81.22]  [Rel : 83.22]  [Tail : 72.39]  [ALL : 59.64]
2024-11-14 04:38:48,386 - [42/50]  [TRAIN LOSS: 0.2121]  [TRAIN ACC: 99.88]  [Head : 99.99]  [Rel : 99.90]  [Tail : 99.15]  [ALL : 99.09]
2024-11-14 04:39:01,568 - [42/50]  [Valid LOSS: 6.5746]  [Valid ACC: 66.26]  [Head : 81.11]  [Rel : 83.29]  [Tail : 72.49]  [ALL : 59.57]
2024-11-14 04:40:07,255 - [43/50]  [TRAIN LOSS: 0.2058]  [TRAIN ACC: 99.87]  [Head : 100.00]  [Rel : 99.91]  [Tail : 99.31]  [ALL : 99.15]
2024-11-14 04:40:20,572 - [43/50]  [Valid LOSS: 6.6337]  [Valid ACC: 66.15]  [Head : 81.29]  [Rel : 83.11]  [Tail : 72.14]  [ALL : 59.43]
2024-11-14 04:41:26,163 - [44/50]  [TRAIN LOSS: 0.1964]  [TRAIN ACC: 99.88]  [Head : 100.00]  [Rel : 99.92]  [Tail : 99.19]  [ALL : 99.12]
2024-11-14 04:41:39,611 - [44/50]  [Valid LOSS: 6.6208]  [Valid ACC: 66.08]  [Head : 81.22]  [Rel : 83.15]  [Tail : 72.46]  [ALL : 59.60]
2024-11-14 04:42:45,002 - [45/50]  [TRAIN LOSS: 0.1886]  [TRAIN ACC: 99.90]  [Head : 99.98]  [Rel : 99.91]  [Tail : 99.22]  [ALL : 99.26]
2024-11-14 04:42:58,823 - [45/50]  [Valid LOSS: 6.6170]  [Valid ACC: 66.26]  [Head : 81.11]  [Rel : 82.94]  [Tail : 72.49]  [ALL : 59.64]
2024-11-14 04:44:04,254 - [46/50]  [TRAIN LOSS: 0.1800]  [TRAIN ACC: 99.90]  [Head : 100.00]  [Rel : 99.97]  [Tail : 99.32]  [ALL : 99.26]
2024-11-14 04:44:18,961 - [46/50]  [Valid LOSS: 6.6469]  [Valid ACC: 66.15]  [Head : 81.11]  [Rel : 82.94]  [Tail : 72.53]  [ALL : 59.67]
2024-11-14 04:45:24,091 - [47/50]  [TRAIN LOSS: 0.1780]  [TRAIN ACC: 99.88]  [Head : 100.00]  [Rel : 99.98]  [Tail : 99.21]  [ALL : 99.19]
2024-11-14 04:45:37,554 - [47/50]  [Valid LOSS: 6.6541]  [Valid ACC: 66.12]  [Head : 81.15]  [Rel : 82.94]  [Tail : 72.53]  [ALL : 59.60]
2024-11-14 04:46:43,142 - [48/50]  [TRAIN LOSS: 0.1700]  [TRAIN ACC: 99.90]  [Head : 100.00]  [Rel : 99.94]  [Tail : 99.22]  [ALL : 99.22]
2024-11-14 04:46:56,278 - [48/50]  [Valid LOSS: 6.6604]  [Valid ACC: 66.22]  [Head : 81.15]  [Rel : 83.08]  [Tail : 72.39]  [ALL : 59.57]
2024-11-14 04:48:01,678 - [49/50]  [TRAIN LOSS: 0.1638]  [TRAIN ACC: 99.90]  [Head : 100.00]  [Rel : 99.96]  [Tail : 99.36]  [ALL : 99.37]
2024-11-14 04:48:15,312 - [49/50]  [Valid LOSS: 6.6566]  [Valid ACC: 66.29]  [Head : 81.04]  [Rel : 82.83]  [Tail : 72.42]  [ALL : 59.39]
2024-11-14 04:48:16,471 - BEST EPOCH : 39.00, BEST VALID ACC : 66.29
