2024-11-14 04:50:39,478 - [ 0/50]  [TRAIN LOSS: 16.8407]  [TRAIN ACC: 12.15]  [Head : 24.88]  [Rel : 67.27]  [Tail : 28.87]  [ALL : 10.45]
2024-11-14 04:51:01,708 - [ 0/50]  [Valid LOSS: 12.4337]  [Valid ACC: 21.22]  [Head : 46.83]  [Rel : 74.75]  [Tail : 48.55]  [ALL : 25.35]
2024-11-14 04:53:08,492 - [ 1/50]  [TRAIN LOSS: 8.9518]  [TRAIN ACC: 41.97]  [Head : 65.04]  [Rel : 80.58]  [Tail : 58.59]  [ALL : 40.24]
2024-11-14 04:53:31,495 - [ 1/50]  [Valid LOSS: 9.2904]  [Valid ACC: 39.63]  [Head : 66.00]  [Rel : 78.14]  [Tail : 60.35]  [ALL : 41.99]
2024-11-14 04:55:38,814 - [ 2/50]  [TRAIN LOSS: 5.6741]  [TRAIN ACC: 63.85]  [Head : 82.22]  [Rel : 86.22]  [Tail : 70.32]  [ALL : 58.31]
2024-11-14 04:56:01,127 - [ 2/50]  [Valid LOSS: 7.9716]  [Valid ACC: 48.62]  [Head : 72.30]  [Rel : 79.70]  [Tail : 64.42]  [ALL : 48.98]
2024-11-14 04:58:07,298 - [ 3/50]  [TRAIN LOSS: 3.9831]  [TRAIN ACC: 75.53]  [Head : 90.11]  [Rel : 89.42]  [Tail : 77.27]  [ALL : 68.97]
2024-11-14 04:58:29,288 - [ 3/50]  [Valid LOSS: 7.3410]  [Valid ACC: 53.78]  [Head : 75.35]  [Rel : 80.64]  [Tail : 67.20]  [ALL : 52.59]
2024-11-14 05:00:35,578 - [ 4/50]  [TRAIN LOSS: 2.9505]  [TRAIN ACC: 83.07]  [Head : 94.72]  [Rel : 91.79]  [Tail : 82.07]  [ALL : 76.67]
2024-11-14 05:00:57,714 - [ 4/50]  [Valid LOSS: 7.0329]  [Valid ACC: 57.39]  [Head : 77.31]  [Rel : 80.59]  [Tail : 67.78]  [ALL : 54.66]
2024-11-14 05:03:03,752 - [ 5/50]  [TRAIN LOSS: 2.2834]  [TRAIN ACC: 88.04]  [Head : 97.22]  [Rel : 93.54]  [Tail : 85.55]  [ALL : 81.95]
2024-11-14 05:03:25,989 - [ 5/50]  [Valid LOSS: 6.8307]  [Valid ACC: 59.36]  [Head : 78.28]  [Rel : 80.75]  [Tail : 69.24]  [ALL : 55.87]
2024-11-14 05:05:32,322 - [ 6/50]  [TRAIN LOSS: 1.7895]  [TRAIN ACC: 91.38]  [Head : 98.62]  [Rel : 95.18]  [Tail : 88.80]  [ALL : 86.48]
2024-11-14 05:05:54,723 - [ 6/50]  [Valid LOSS: 6.7606]  [Valid ACC: 61.02]  [Head : 78.75]  [Rel : 80.45]  [Tail : 69.13]  [ALL : 55.96]
2024-11-14 05:08:00,848 - [ 7/50]  [TRAIN LOSS: 1.4664]  [TRAIN ACC: 93.25]  [Head : 99.20]  [Rel : 96.08]  [Tail : 90.20]  [ALL : 88.65]
2024-11-14 05:08:23,122 - [ 7/50]  [Valid LOSS: 6.6470]  [Valid ACC: 62.05]  [Head : 78.92]  [Rel : 80.85]  [Tail : 69.55]  [ALL : 56.62]
2024-11-14 05:10:29,810 - [ 8/50]  [TRAIN LOSS: 1.2196]  [TRAIN ACC: 94.76]  [Head : 99.64]  [Rel : 96.95]  [Tail : 91.74]  [ALL : 90.73]
2024-11-14 05:10:51,748 - [ 8/50]  [Valid LOSS: 6.6882]  [Valid ACC: 62.86]  [Head : 79.48]  [Rel : 80.64]  [Tail : 69.50]  [ALL : 57.15]
2024-11-14 05:12:57,873 - [ 9/50]  [TRAIN LOSS: 1.0240]  [TRAIN ACC: 95.97]  [Head : 99.72]  [Rel : 97.77]  [Tail : 92.77]  [ALL : 92.01]
2024-11-14 05:13:19,838 - [ 9/50]  [Valid LOSS: 6.6514]  [Valid ACC: 63.17]  [Head : 79.45]  [Rel : 80.62]  [Tail : 69.64]  [ALL : 56.96]
2024-11-14 05:15:25,695 - [10/50]  [TRAIN LOSS: 0.8713]  [TRAIN ACC: 96.80]  [Head : 99.83]  [Rel : 98.30]  [Tail : 93.67]  [ALL : 93.24]
2024-11-14 05:15:47,881 - [10/50]  [Valid LOSS: 6.6457]  [Valid ACC: 64.07]  [Head : 79.85]  [Rel : 80.62]  [Tail : 70.37]  [ALL : 58.13]
2024-11-14 05:17:53,821 - [11/50]  [TRAIN LOSS: 0.7509]  [TRAIN ACC: 97.52]  [Head : 99.88]  [Rel : 98.81]  [Tail : 94.47]  [ALL : 94.11]
2024-11-14 05:18:15,825 - [11/50]  [Valid LOSS: 6.6975]  [Valid ACC: 64.09]  [Head : 79.75]  [Rel : 80.87]  [Tail : 69.60]  [ALL : 57.48]
2024-11-14 05:20:21,707 - [12/50]  [TRAIN LOSS: 0.6585]  [TRAIN ACC: 98.02]  [Head : 99.93]  [Rel : 99.00]  [Tail : 95.11]  [ALL : 94.71]
2024-11-14 05:20:43,780 - [12/50]  [Valid LOSS: 6.7000]  [Valid ACC: 64.51]  [Head : 79.92]  [Rel : 80.71]  [Tail : 69.87]  [ALL : 57.94]
2024-11-14 05:22:49,619 - [13/50]  [TRAIN LOSS: 0.5828]  [TRAIN ACC: 98.44]  [Head : 99.93]  [Rel : 99.21]  [Tail : 95.44]  [ALL : 95.23]
2024-11-14 05:23:11,590 - [13/50]  [Valid LOSS: 6.7228]  [Valid ACC: 64.47]  [Head : 80.03]  [Rel : 80.66]  [Tail : 69.66]  [ALL : 57.74]
2024-11-14 05:25:17,853 - [14/50]  [TRAIN LOSS: 0.5219]  [TRAIN ACC: 98.73]  [Head : 99.96]  [Rel : 99.37]  [Tail : 95.89]  [ALL : 95.69]
2024-11-14 05:25:40,130 - [14/50]  [Valid LOSS: 6.7576]  [Valid ACC: 64.58]  [Head : 79.98]  [Rel : 80.76]  [Tail : 69.36]  [ALL : 57.48]
2024-11-14 05:27:45,968 - [15/50]  [TRAIN LOSS: 0.4681]  [TRAIN ACC: 99.01]  [Head : 99.98]  [Rel : 99.47]  [Tail : 96.30]  [ALL : 96.06]
2024-11-14 05:28:07,937 - [15/50]  [Valid LOSS: 6.7491]  [Valid ACC: 65.05]  [Head : 80.19]  [Rel : 80.48]  [Tail : 69.78]  [ALL : 57.97]
2024-11-14 05:30:18,663 - [16/50]  [TRAIN LOSS: 0.4222]  [TRAIN ACC: 99.14]  [Head : 99.99]  [Rel : 99.61]  [Tail : 96.51]  [ALL : 96.47]
2024-11-14 05:30:41,531 - [16/50]  [Valid LOSS: 6.8019]  [Valid ACC: 64.87]  [Head : 80.27]  [Rel : 80.80]  [Tail : 69.78]  [ALL : 58.32]
2024-11-14 05:32:47,448 - [17/50]  [TRAIN LOSS: 0.3809]  [TRAIN ACC: 99.35]  [Head : 99.99]  [Rel : 99.63]  [Tail : 96.81]  [ALL : 96.79]
2024-11-14 05:33:09,808 - [17/50]  [Valid LOSS: 6.8429]  [Valid ACC: 65.00]  [Head : 80.13]  [Rel : 80.41]  [Tail : 69.78]  [ALL : 57.99]
2024-11-14 05:35:15,640 - [18/50]  [TRAIN LOSS: 0.3423]  [TRAIN ACC: 99.47]  [Head : 99.99]  [Rel : 99.74]  [Tail : 97.36]  [ALL : 97.21]
2024-11-14 05:35:38,039 - [18/50]  [Valid LOSS: 6.8324]  [Valid ACC: 65.15]  [Head : 80.48]  [Rel : 80.50]  [Tail : 69.67]  [ALL : 57.92]
2024-11-14 05:37:44,144 - [19/50]  [TRAIN LOSS: 0.3199]  [TRAIN ACC: 99.46]  [Head : 99.99]  [Rel : 99.78]  [Tail : 97.38]  [ALL : 97.36]
2024-11-14 05:38:06,363 - [19/50]  [Valid LOSS: 6.8413]  [Valid ACC: 65.43]  [Head : 80.27]  [Rel : 81.04]  [Tail : 70.23]  [ALL : 58.46]
2024-11-14 05:40:12,152 - [20/50]  [TRAIN LOSS: 0.2996]  [TRAIN ACC: 99.57]  [Head : 100.00]  [Rel : 99.72]  [Tail : 97.44]  [ALL : 97.41]
2024-11-14 05:40:34,360 - [20/50]  [Valid LOSS: 6.8942]  [Valid ACC: 64.91]  [Head : 80.22]  [Rel : 80.80]  [Tail : 69.71]  [ALL : 58.20]
2024-11-14 05:42:40,192 - [21/50]  [TRAIN LOSS: 0.2754]  [TRAIN ACC: 99.61]  [Head : 100.00]  [Rel : 99.78]  [Tail : 97.75]  [ALL : 97.71]
2024-11-14 05:43:07,451 - [21/50]  [Valid LOSS: 6.9161]  [Valid ACC: 65.61]  [Head : 80.45]  [Rel : 80.83]  [Tail : 69.87]  [ALL : 58.51]
2024-11-14 05:45:13,393 - [22/50]  [TRAIN LOSS: 0.2469]  [TRAIN ACC: 99.58]  [Head : 99.99]  [Rel : 99.85]  [Tail : 97.95]  [ALL : 97.92]
2024-11-14 05:45:35,610 - [22/50]  [Valid LOSS: 6.9484]  [Valid ACC: 65.01]  [Head : 80.40]  [Rel : 80.89]  [Tail : 69.90]  [ALL : 58.37]
2024-11-14 05:47:42,772 - [23/50]  [TRAIN LOSS: 0.2306]  [TRAIN ACC: 99.65]  [Head : 100.00]  [Rel : 99.84]  [Tail : 98.14]  [ALL : 97.92]
2024-11-14 05:48:04,893 - [23/50]  [Valid LOSS: 6.9980]  [Valid ACC: 65.12]  [Head : 80.33]  [Rel : 80.80]  [Tail : 69.85]  [ALL : 58.32]
2024-11-14 05:50:10,835 - [24/50]  [TRAIN LOSS: 0.2187]  [TRAIN ACC: 99.60]  [Head : 100.00]  [Rel : 99.87]  [Tail : 98.21]  [ALL : 98.05]
2024-11-14 05:50:32,858 - [24/50]  [Valid LOSS: 6.9974]  [Valid ACC: 64.91]  [Head : 80.41]  [Rel : 80.76]  [Tail : 69.81]  [ALL : 58.44]
2024-11-14 05:52:38,507 - [25/50]  [TRAIN LOSS: 0.2337]  [TRAIN ACC: 99.26]  [Head : 100.00]  [Rel : 99.88]  [Tail : 98.18]  [ALL : 98.16]
2024-11-14 05:53:00,831 - [25/50]  [Valid LOSS: 6.9968]  [Valid ACC: 65.01]  [Head : 80.43]  [Rel : 80.59]  [Tail : 69.48]  [ALL : 57.95]
2024-11-14 05:55:06,936 - [26/50]  [TRAIN LOSS: 0.2171]  [TRAIN ACC: 99.36]  [Head : 99.99]  [Rel : 99.90]  [Tail : 98.33]  [ALL : 98.17]
2024-11-14 05:55:28,961 - [26/50]  [Valid LOSS: 7.0378]  [Valid ACC: 65.10]  [Head : 80.43]  [Rel : 80.54]  [Tail : 69.41]  [ALL : 57.92]
2024-11-14 05:57:39,636 - [27/50]  [TRAIN LOSS: 0.1934]  [TRAIN ACC: 99.49]  [Head : 99.99]  [Rel : 99.88]  [Tail : 98.37]  [ALL : 98.41]
2024-11-14 05:58:01,704 - [27/50]  [Valid LOSS: 7.1064]  [Valid ACC: 65.14]  [Head : 80.29]  [Rel : 80.38]  [Tail : 69.71]  [ALL : 58.36]
2024-11-14 06:00:07,471 - [28/50]  [TRAIN LOSS: 0.1692]  [TRAIN ACC: 99.75]  [Head : 100.00]  [Rel : 99.86]  [Tail : 98.55]  [ALL : 98.45]
2024-11-14 06:00:29,594 - [28/50]  [Valid LOSS: 7.1272]  [Valid ACC: 65.22]  [Head : 80.47]  [Rel : 79.70]  [Tail : 69.81]  [ALL : 58.01]
2024-11-14 06:02:35,947 - [29/50]  [TRAIN LOSS: 2.7292]  [TRAIN ACC: 88.64]  [Head : 95.51]  [Rel : 82.81]  [Tail : 72.19]  [ALL : 65.78]
2024-11-14 06:02:58,263 - [29/50]  [Valid LOSS: 6.6003]  [Valid ACC: 61.12]  [Head : 78.28]  [Rel : 78.01]  [Tail : 66.63]  [ALL : 52.80]
2024-11-14 06:05:04,155 - [30/50]  [TRAIN LOSS: 0.9225]  [TRAIN ACC: 97.40]  [Head : 99.59]  [Rel : 93.26]  [Tail : 87.20]  [ALL : 84.39]
2024-11-14 06:05:26,301 - [30/50]  [Valid LOSS: 6.2914]  [Valid ACC: 65.03]  [Head : 80.06]  [Rel : 80.71]  [Tail : 69.66]  [ALL : 56.87]
2024-11-14 06:07:32,816 - [31/50]  [TRAIN LOSS: 0.4042]  [TRAIN ACC: 99.14]  [Head : 99.96]  [Rel : 98.35]  [Tail : 94.99]  [ALL : 94.10]
2024-11-14 06:07:54,650 - [31/50]  [Valid LOSS: 6.3283]  [Valid ACC: 65.54]  [Head : 80.34]  [Rel : 80.97]  [Tail : 70.48]  [ALL : 57.71]
2024-11-14 06:10:00,404 - [32/50]  [TRAIN LOSS: 0.2837]  [TRAIN ACC: 99.54]  [Head : 99.98]  [Rel : 99.39]  [Tail : 96.85]  [ALL : 96.57]
2024-11-14 06:10:22,922 - [32/50]  [Valid LOSS: 6.4303]  [Valid ACC: 65.59]  [Head : 80.31]  [Rel : 81.20]  [Tail : 70.44]  [ALL : 57.85]
2024-11-14 06:12:29,336 - [33/50]  [TRAIN LOSS: 0.2373]  [TRAIN ACC: 99.64]  [Head : 99.98]  [Rel : 99.62]  [Tail : 97.67]  [ALL : 97.65]
2024-11-14 06:12:51,781 - [33/50]  [Valid LOSS: 6.5004]  [Valid ACC: 65.59]  [Head : 80.48]  [Rel : 80.73]  [Tail : 70.53]  [ALL : 57.85]
2024-11-14 06:14:57,851 - [34/50]  [TRAIN LOSS: 0.2034]  [TRAIN ACC: 99.73]  [Head : 100.00]  [Rel : 99.82]  [Tail : 98.22]  [ALL : 98.12]
2024-11-14 06:15:20,375 - [34/50]  [Valid LOSS: 6.5459]  [Valid ACC: 65.70]  [Head : 80.59]  [Rel : 81.17]  [Tail : 70.41]  [ALL : 57.94]
2024-11-14 06:17:26,996 - [35/50]  [TRAIN LOSS: 0.1809]  [TRAIN ACC: 99.75]  [Head : 100.00]  [Rel : 99.93]  [Tail : 98.61]  [ALL : 98.40]
2024-11-14 06:17:49,483 - [35/50]  [Valid LOSS: 6.6114]  [Valid ACC: 65.66]  [Head : 80.62]  [Rel : 81.04]  [Tail : 70.50]  [ALL : 58.13]
2024-11-14 06:19:56,433 - [36/50]  [TRAIN LOSS: 0.1637]  [TRAIN ACC: 99.81]  [Head : 99.99]  [Rel : 99.93]  [Tail : 98.73]  [ALL : 98.79]
2024-11-14 06:20:18,809 - [36/50]  [Valid LOSS: 6.6530]  [Valid ACC: 65.98]  [Head : 80.75]  [Rel : 80.83]  [Tail : 70.41]  [ALL : 58.11]
2024-11-14 06:22:30,301 - [37/50]  [TRAIN LOSS: 0.1494]  [TRAIN ACC: 99.86]  [Head : 100.00]  [Rel : 99.94]  [Tail : 98.98]  [ALL : 98.86]
2024-11-14 06:22:52,876 - [37/50]  [Valid LOSS: 6.7081]  [Valid ACC: 65.93]  [Head : 80.78]  [Rel : 81.03]  [Tail : 70.29]  [ALL : 58.30]
2024-11-14 06:25:00,256 - [38/50]  [TRAIN LOSS: 0.1387]  [TRAIN ACC: 99.86]  [Head : 100.00]  [Rel : 99.94]  [Tail : 99.04]  [ALL : 99.01]
2024-11-14 06:25:27,757 - [38/50]  [Valid LOSS: 6.7416]  [Valid ACC: 65.85]  [Head : 80.82]  [Rel : 81.20]  [Tail : 70.46]  [ALL : 58.29]
2024-11-14 06:27:34,195 - [39/50]  [TRAIN LOSS: 0.1268]  [TRAIN ACC: 99.87]  [Head : 100.00]  [Rel : 99.94]  [Tail : 99.11]  [ALL : 99.08]
2024-11-14 06:27:56,505 - [39/50]  [Valid LOSS: 6.7628]  [Valid ACC: 66.05]  [Head : 80.87]  [Rel : 81.04]  [Tail : 70.23]  [ALL : 58.18]
2024-11-14 06:30:03,641 - [40/50]  [TRAIN LOSS: 0.1182]  [TRAIN ACC: 99.89]  [Head : 100.00]  [Rel : 99.95]  [Tail : 99.20]  [ALL : 99.23]
2024-11-14 06:30:25,803 - [40/50]  [Valid LOSS: 6.7994]  [Valid ACC: 66.10]  [Head : 80.85]  [Rel : 80.83]  [Tail : 70.48]  [ALL : 58.44]
2024-11-14 06:32:32,530 - [41/50]  [TRAIN LOSS: 0.1097]  [TRAIN ACC: 99.89]  [Head : 100.00]  [Rel : 99.96]  [Tail : 99.32]  [ALL : 99.29]
2024-11-14 06:32:55,897 - [41/50]  [Valid LOSS: 6.8365]  [Valid ACC: 66.21]  [Head : 80.96]  [Rel : 81.29]  [Tail : 70.55]  [ALL : 58.62]
2024-11-14 06:35:02,244 - [42/50]  [TRAIN LOSS: 0.1025]  [TRAIN ACC: 99.88]  [Head : 100.00]  [Rel : 99.99]  [Tail : 99.35]  [ALL : 99.35]
2024-11-14 06:35:24,955 - [42/50]  [Valid LOSS: 6.8711]  [Valid ACC: 66.19]  [Head : 81.10]  [Rel : 81.04]  [Tail : 70.04]  [ALL : 58.15]
2024-11-14 06:37:32,906 - [43/50]  [TRAIN LOSS: 0.0954]  [TRAIN ACC: 99.93]  [Head : 100.00]  [Rel : 99.98]  [Tail : 99.38]  [ALL : 99.31]
2024-11-14 06:38:00,312 - [43/50]  [Valid LOSS: 6.9070]  [Valid ACC: 66.14]  [Head : 80.82]  [Rel : 81.03]  [Tail : 70.20]  [ALL : 58.18]
2024-11-14 06:40:06,891 - [44/50]  [TRAIN LOSS: 0.0903]  [TRAIN ACC: 99.92]  [Head : 100.00]  [Rel : 99.99]  [Tail : 99.39]  [ALL : 99.44]
2024-11-14 06:40:29,154 - [44/50]  [Valid LOSS: 6.9457]  [Valid ACC: 66.00]  [Head : 80.87]  [Rel : 81.10]  [Tail : 70.36]  [ALL : 58.32]
2024-11-14 06:42:35,750 - [45/50]  [TRAIN LOSS: 0.0851]  [TRAIN ACC: 99.92]  [Head : 100.00]  [Rel : 99.97]  [Tail : 99.42]  [ALL : 99.46]
2024-11-14 06:42:58,012 - [45/50]  [Valid LOSS: 6.9868]  [Valid ACC: 65.98]  [Head : 80.80]  [Rel : 80.97]  [Tail : 70.22]  [ALL : 58.16]
2024-11-14 06:45:04,345 - [46/50]  [TRAIN LOSS: 0.0794]  [TRAIN ACC: 99.89]  [Head : 100.00]  [Rel : 100.00]  [Tail : 99.54]  [ALL : 99.47]
2024-11-14 06:45:27,022 - [46/50]  [Valid LOSS: 7.0116]  [Valid ACC: 65.96]  [Head : 80.94]  [Rel : 80.75]  [Tail : 70.11]  [ALL : 58.11]
2024-11-14 06:47:33,720 - [47/50]  [TRAIN LOSS: 0.0784]  [TRAIN ACC: 99.93]  [Head : 100.00]  [Rel : 99.96]  [Tail : 99.48]  [ALL : 99.47]
2024-11-14 06:47:56,342 - [47/50]  [Valid LOSS: 7.0077]  [Valid ACC: 66.15]  [Head : 81.13]  [Rel : 81.04]  [Tail : 70.27]  [ALL : 58.51]
2024-11-14 06:50:02,784 - [48/50]  [TRAIN LOSS: 0.0724]  [TRAIN ACC: 99.91]  [Head : 100.00]  [Rel : 99.99]  [Tail : 99.56]  [ALL : 99.58]
2024-11-14 06:50:25,274 - [48/50]  [Valid LOSS: 7.0425]  [Valid ACC: 66.19]  [Head : 81.13]  [Rel : 80.69]  [Tail : 70.52]  [ALL : 58.55]
2024-11-14 06:52:31,279 - [49/50]  [TRAIN LOSS: 0.0685]  [TRAIN ACC: 99.93]  [Head : 100.00]  [Rel : 99.97]  [Tail : 99.54]  [ALL : 99.54]
2024-11-14 06:52:54,002 - [49/50]  [Valid LOSS: 7.0731]  [Valid ACC: 66.35]  [Head : 81.13]  [Rel : 80.85]  [Tail : 70.41]  [ALL : 58.57]
2024-11-14 06:52:55,119 - BEST EPOCH : 50.00, BEST VALID ACC : 66.35
