2024-11-13 14:58:48,105 - [ 0/50]  [TRAIN LOSS: 16.9950]  [TRAIN ACC: 10.87]  [Head : 24.62]  [Rel : 66.24]  [Tail : 27.40]  [ALL : 9.57]
2024-11-13 14:59:12,122 - [ 0/50]  [Valid LOSS: 12.2177]  [Valid ACC: 21.09]  [Head : 48.21]  [Rel : 76.07]  [Tail : 48.62]  [ALL : 26.00]
2024-11-13 15:01:23,176 - [ 1/50]  [TRAIN LOSS: 9.0972]  [TRAIN ACC: 40.51]  [Head : 64.88]  [Rel : 80.40]  [Tail : 57.78]  [ALL : 39.90]
2024-11-13 15:01:45,605 - [ 1/50]  [Valid LOSS: 9.0192]  [Valid ACC: 38.77]  [Head : 66.08]  [Rel : 78.63]  [Tail : 60.83]  [ALL : 42.57]
2024-11-13 15:03:51,986 - [ 2/50]  [TRAIN LOSS: 5.7961]  [TRAIN ACC: 61.22]  [Head : 82.10]  [Rel : 86.04]  [Tail : 69.91]  [ALL : 57.68]
2024-11-13 15:04:13,855 - [ 2/50]  [Valid LOSS: 7.6617]  [Valid ACC: 49.09]  [Head : 73.04]  [Rel : 80.59]  [Tail : 65.50]  [ALL : 49.95]
2024-11-13 15:06:19,362 - [ 3/50]  [TRAIN LOSS: 4.0695]  [TRAIN ACC: 73.68]  [Head : 90.26]  [Rel : 89.50]  [Tail : 76.92]  [ALL : 68.72]
2024-11-13 15:06:41,600 - [ 3/50]  [Valid LOSS: 7.0202]  [Valid ACC: 54.87]  [Head : 75.93]  [Rel : 80.61]  [Tail : 67.64]  [ALL : 52.82]
2024-11-13 15:08:47,465 - [ 4/50]  [TRAIN LOSS: 3.0067]  [TRAIN ACC: 81.96]  [Head : 94.89]  [Rel : 91.94]  [Tail : 81.88]  [ALL : 76.65]
2024-11-13 15:09:09,633 - [ 4/50]  [Valid LOSS: 6.6430]  [Valid ACC: 57.87]  [Head : 77.91]  [Rel : 81.52]  [Tail : 68.66]  [ALL : 55.22]
2024-11-13 15:11:15,507 - [ 5/50]  [TRAIN LOSS: 2.3013]  [TRAIN ACC: 87.36]  [Head : 97.38]  [Rel : 93.87]  [Tail : 85.62]  [ALL : 82.26]
2024-11-13 15:11:37,910 - [ 5/50]  [Valid LOSS: 6.4748]  [Valid ACC: 60.28]  [Head : 78.94]  [Rel : 81.46]  [Tail : 68.85]  [ALL : 56.13]
2024-11-13 15:13:43,942 - [ 6/50]  [TRAIN LOSS: 1.8488]  [TRAIN ACC: 90.58]  [Head : 98.68]  [Rel : 95.04]  [Tail : 88.36]  [ALL : 86.14]
2024-11-13 15:14:06,652 - [ 6/50]  [Valid LOSS: 6.3725]  [Valid ACC: 61.90]  [Head : 79.27]  [Rel : 81.71]  [Tail : 69.76]  [ALL : 56.55]
2024-11-13 15:16:12,738 - [ 7/50]  [TRAIN LOSS: 1.4687]  [TRAIN ACC: 93.02]  [Head : 99.35]  [Rel : 96.49]  [Tail : 90.39]  [ALL : 88.94]
2024-11-13 15:16:35,263 - [ 7/50]  [Valid LOSS: 6.3070]  [Valid ACC: 63.65]  [Head : 79.77]  [Rel : 81.62]  [Tail : 69.94]  [ALL : 57.34]
2024-11-13 15:18:42,067 - [ 8/50]  [TRAIN LOSS: 1.2121]  [TRAIN ACC: 94.76]  [Head : 99.74]  [Rel : 97.49]  [Tail : 92.06]  [ALL : 91.13]
2024-11-13 15:19:04,696 - [ 8/50]  [Valid LOSS: 6.3055]  [Valid ACC: 63.72]  [Head : 79.87]  [Rel : 81.71]  [Tail : 70.29]  [ALL : 57.50]
2024-11-13 15:21:10,904 - [ 9/50]  [TRAIN LOSS: 1.0178]  [TRAIN ACC: 95.92]  [Head : 99.81]  [Rel : 98.09]  [Tail : 93.25]  [ALL : 92.60]
2024-11-13 15:21:33,219 - [ 9/50]  [Valid LOSS: 6.2640]  [Valid ACC: 64.09]  [Head : 80.10]  [Rel : 81.59]  [Tail : 70.43]  [ALL : 57.90]
2024-11-13 15:23:39,926 - [10/50]  [TRAIN LOSS: 0.8657]  [TRAIN ACC: 96.74]  [Head : 99.90]  [Rel : 98.64]  [Tail : 94.29]  [ALL : 93.65]
2024-11-13 15:24:02,555 - [10/50]  [Valid LOSS: 6.3073]  [Valid ACC: 64.45]  [Head : 80.15]  [Rel : 81.41]  [Tail : 70.25]  [ALL : 57.95]
2024-11-13 15:26:09,007 - [11/50]  [TRAIN LOSS: 0.7584]  [TRAIN ACC: 97.35]  [Head : 99.89]  [Rel : 98.75]  [Tail : 94.85]  [ALL : 94.49]
2024-11-13 15:26:31,406 - [11/50]  [Valid LOSS: 6.2997]  [Valid ACC: 64.93]  [Head : 80.22]  [Rel : 81.60]  [Tail : 70.73]  [ALL : 58.23]
2024-11-13 15:28:37,722 - [12/50]  [TRAIN LOSS: 0.6573]  [TRAIN ACC: 97.84]  [Head : 99.94]  [Rel : 99.15]  [Tail : 95.49]  [ALL : 95.22]
2024-11-13 15:29:00,190 - [12/50]  [Valid LOSS: 6.3166]  [Valid ACC: 64.77]  [Head : 80.69]  [Rel : 81.76]  [Tail : 70.39]  [ALL : 58.50]
2024-11-13 15:31:06,594 - [13/50]  [TRAIN LOSS: 0.5796]  [TRAIN ACC: 98.31]  [Head : 99.97]  [Rel : 99.34]  [Tail : 95.99]  [ALL : 95.90]
2024-11-13 15:31:29,070 - [13/50]  [Valid LOSS: 6.3614]  [Valid ACC: 64.73]  [Head : 80.40]  [Rel : 81.31]  [Tail : 70.50]  [ALL : 58.13]
2024-11-13 15:33:35,137 - [14/50]  [TRAIN LOSS: 0.5095]  [TRAIN ACC: 98.75]  [Head : 99.98]  [Rel : 99.52]  [Tail : 96.41]  [ALL : 96.29]
2024-11-13 15:33:57,425 - [14/50]  [Valid LOSS: 6.3888]  [Valid ACC: 65.00]  [Head : 80.47]  [Rel : 81.59]  [Tail : 70.32]  [ALL : 58.22]
2024-11-13 15:36:02,936 - [15/50]  [TRAIN LOSS: 0.4562]  [TRAIN ACC: 98.98]  [Head : 99.97]  [Rel : 99.64]  [Tail : 96.89]  [ALL : 96.71]
2024-11-13 15:36:25,211 - [15/50]  [Valid LOSS: 6.4052]  [Valid ACC: 65.47]  [Head : 80.75]  [Rel : 81.76]  [Tail : 70.44]  [ALL : 58.58]
2024-11-13 15:38:30,538 - [16/50]  [TRAIN LOSS: 0.4155]  [TRAIN ACC: 99.14]  [Head : 99.98]  [Rel : 99.62]  [Tail : 97.07]  [ALL : 96.98]
2024-11-13 15:38:52,516 - [16/50]  [Valid LOSS: 6.3940]  [Valid ACC: 65.63]  [Head : 80.83]  [Rel : 81.39]  [Tail : 70.50]  [ALL : 58.44]
2024-11-13 15:40:57,760 - [17/50]  [TRAIN LOSS: 0.3751]  [TRAIN ACC: 99.33]  [Head : 99.98]  [Rel : 99.73]  [Tail : 97.24]  [ALL : 97.26]
2024-11-13 15:41:20,010 - [17/50]  [Valid LOSS: 6.4507]  [Valid ACC: 65.29]  [Head : 80.68]  [Rel : 81.78]  [Tail : 70.23]  [ALL : 58.62]
2024-11-13 15:43:25,986 - [18/50]  [TRAIN LOSS: 0.3426]  [TRAIN ACC: 99.40]  [Head : 99.98]  [Rel : 99.75]  [Tail : 97.54]  [ALL : 97.31]
2024-11-13 15:43:48,380 - [18/50]  [Valid LOSS: 6.4603]  [Valid ACC: 65.68]  [Head : 80.62]  [Rel : 81.78]  [Tail : 70.37]  [ALL : 58.72]
2024-11-13 15:45:54,143 - [19/50]  [TRAIN LOSS: 0.3179]  [TRAIN ACC: 99.52]  [Head : 99.99]  [Rel : 99.74]  [Tail : 97.63]  [ALL : 97.60]
2024-11-13 15:46:16,452 - [19/50]  [Valid LOSS: 6.4555]  [Valid ACC: 66.07]  [Head : 80.90]  [Rel : 81.76]  [Tail : 70.52]  [ALL : 58.76]
2024-11-13 15:48:21,849 - [20/50]  [TRAIN LOSS: 0.2948]  [TRAIN ACC: 99.52]  [Head : 100.00]  [Rel : 99.76]  [Tail : 97.73]  [ALL : 97.63]
2024-11-13 15:48:43,897 - [20/50]  [Valid LOSS: 6.5256]  [Valid ACC: 65.61]  [Head : 80.85]  [Rel : 81.67]  [Tail : 70.27]  [ALL : 58.85]
2024-11-13 15:50:49,547 - [21/50]  [TRAIN LOSS: 0.2694]  [TRAIN ACC: 99.59]  [Head : 100.00]  [Rel : 99.82]  [Tail : 98.04]  [ALL : 98.04]
2024-11-13 15:51:11,545 - [21/50]  [Valid LOSS: 6.5670]  [Valid ACC: 65.47]  [Head : 81.01]  [Rel : 81.53]  [Tail : 70.32]  [ALL : 58.67]
2024-11-13 15:53:17,032 - [22/50]  [TRAIN LOSS: 0.2488]  [TRAIN ACC: 99.64]  [Head : 100.00]  [Rel : 99.84]  [Tail : 98.18]  [ALL : 98.02]
2024-11-13 15:53:39,278 - [22/50]  [Valid LOSS: 6.5474]  [Valid ACC: 65.98]  [Head : 80.96]  [Rel : 81.45]  [Tail : 70.50]  [ALL : 58.85]
2024-11-13 15:55:44,773 - [23/50]  [TRAIN LOSS: 0.2286]  [TRAIN ACC: 99.68]  [Head : 100.00]  [Rel : 99.88]  [Tail : 98.26]  [ALL : 98.14]
2024-11-13 15:56:07,159 - [23/50]  [Valid LOSS: 6.5659]  [Valid ACC: 65.71]  [Head : 80.89]  [Rel : 81.45]  [Tail : 70.62]  [ALL : 58.95]
2024-11-13 15:58:12,662 - [24/50]  [TRAIN LOSS: 0.2192]  [TRAIN ACC: 99.69]  [Head : 100.00]  [Rel : 99.84]  [Tail : 98.20]  [ALL : 98.27]
2024-11-13 15:58:34,771 - [24/50]  [Valid LOSS: 6.5774]  [Valid ACC: 65.98]  [Head : 81.06]  [Rel : 81.73]  [Tail : 70.01]  [ALL : 58.88]
2024-11-13 16:00:40,410 - [25/50]  [TRAIN LOSS: 0.2317]  [TRAIN ACC: 99.43]  [Head : 100.00]  [Rel : 99.82]  [Tail : 98.18]  [ALL : 98.16]
2024-11-13 16:01:03,218 - [25/50]  [Valid LOSS: 6.6225]  [Valid ACC: 65.03]  [Head : 81.10]  [Rel : 81.32]  [Tail : 69.85]  [ALL : 58.39]
2024-11-13 16:03:09,343 - [26/50]  [TRAIN LOSS: 0.3378]  [TRAIN ACC: 98.60]  [Head : 99.98]  [Rel : 99.19]  [Tail : 97.43]  [ALL : 97.04]
2024-11-13 16:03:31,727 - [26/50]  [Valid LOSS: 6.9281]  [Valid ACC: 62.79]  [Head : 79.75]  [Rel : 77.86]  [Tail : 67.52]  [ALL : 54.77]
2024-11-13 16:05:38,075 - [27/50]  [TRAIN LOSS: 2.8154]  [TRAIN ACC: 88.13]  [Head : 96.14]  [Rel : 82.31]  [Tail : 70.64]  [ALL : 64.26]
2024-11-13 16:06:00,631 - [27/50]  [Valid LOSS: 6.2283]  [Valid ACC: 63.10]  [Head : 79.08]  [Rel : 78.89]  [Tail : 66.21]  [ALL : 53.24]
2024-11-13 16:08:06,500 - [28/50]  [TRAIN LOSS: 0.7718]  [TRAIN ACC: 97.79]  [Head : 99.82]  [Rel : 94.84]  [Tail : 89.04]  [ALL : 86.70]
2024-11-13 16:08:28,725 - [28/50]  [Valid LOSS: 6.0113]  [Valid ACC: 65.84]  [Head : 80.89]  [Rel : 80.71]  [Tail : 69.69]  [ALL : 57.17]
2024-11-13 16:10:35,077 - [29/50]  [TRAIN LOSS: 0.3674]  [TRAIN ACC: 99.19]  [Head : 100.00]  [Rel : 98.70]  [Tail : 95.52]  [ALL : 94.85]
2024-11-13 16:10:57,643 - [29/50]  [Valid LOSS: 6.0678]  [Valid ACC: 66.64]  [Head : 80.92]  [Rel : 81.57]  [Tail : 70.60]  [ALL : 58.37]
2024-11-13 16:13:04,029 - [30/50]  [TRAIN LOSS: 0.2731]  [TRAIN ACC: 99.51]  [Head : 99.99]  [Rel : 99.50]  [Tail : 97.18]  [ALL : 96.95]
2024-11-13 16:13:26,413 - [30/50]  [Valid LOSS: 6.1036]  [Valid ACC: 67.06]  [Head : 81.08]  [Rel : 81.67]  [Tail : 70.69]  [ALL : 58.65]
2024-11-13 16:15:32,307 - [31/50]  [TRAIN LOSS: 0.2283]  [TRAIN ACC: 99.65]  [Head : 100.00]  [Rel : 99.73]  [Tail : 97.85]  [ALL : 97.64]
2024-11-13 16:15:54,523 - [31/50]  [Valid LOSS: 6.1693]  [Valid ACC: 66.71]  [Head : 81.06]  [Rel : 81.76]  [Tail : 70.62]  [ALL : 58.55]
2024-11-13 16:18:00,519 - [32/50]  [TRAIN LOSS: 0.1993]  [TRAIN ACC: 99.75]  [Head : 99.99]  [Rel : 99.84]  [Tail : 98.30]  [ALL : 98.20]
2024-11-13 16:18:22,935 - [32/50]  [Valid LOSS: 6.2053]  [Valid ACC: 66.98]  [Head : 81.11]  [Rel : 81.55]  [Tail : 70.74]  [ALL : 58.81]
2024-11-13 16:20:29,500 - [33/50]  [TRAIN LOSS: 0.1798]  [TRAIN ACC: 99.75]  [Head : 100.00]  [Rel : 99.90]  [Tail : 98.59]  [ALL : 98.55]
2024-11-13 16:20:52,864 - [33/50]  [Valid LOSS: 6.2541]  [Valid ACC: 66.75]  [Head : 81.27]  [Rel : 81.48]  [Tail : 70.88]  [ALL : 58.78]
2024-11-13 16:22:59,105 - [34/50]  [TRAIN LOSS: 0.1621]  [TRAIN ACC: 99.79]  [Head : 99.99]  [Rel : 99.92]  [Tail : 98.84]  [ALL : 98.80]
2024-11-13 16:23:21,701 - [34/50]  [Valid LOSS: 6.2880]  [Valid ACC: 66.80]  [Head : 81.31]  [Rel : 81.73]  [Tail : 70.97]  [ALL : 58.97]
2024-11-13 16:25:28,195 - [35/50]  [TRAIN LOSS: 0.1466]  [TRAIN ACC: 99.85]  [Head : 100.00]  [Rel : 99.94]  [Tail : 98.98]  [ALL : 98.92]
2024-11-13 16:25:50,572 - [35/50]  [Valid LOSS: 6.3383]  [Valid ACC: 66.78]  [Head : 81.20]  [Rel : 81.64]  [Tail : 71.01]  [ALL : 58.97]
2024-11-13 16:27:56,272 - [36/50]  [TRAIN LOSS: 0.1360]  [TRAIN ACC: 99.83]  [Head : 100.00]  [Rel : 99.96]  [Tail : 99.09]  [ALL : 99.04]
2024-11-13 16:28:18,405 - [36/50]  [Valid LOSS: 6.3716]  [Valid ACC: 66.85]  [Head : 81.31]  [Rel : 81.80]  [Tail : 70.73]  [ALL : 58.90]
2024-11-13 16:30:24,494 - [37/50]  [TRAIN LOSS: 0.1267]  [TRAIN ACC: 99.89]  [Head : 100.00]  [Rel : 99.95]  [Tail : 99.19]  [ALL : 99.09]
2024-11-13 16:30:47,059 - [37/50]  [Valid LOSS: 6.4005]  [Valid ACC: 67.01]  [Head : 81.48]  [Rel : 81.80]  [Tail : 70.85]  [ALL : 59.20]
2024-11-13 16:32:52,999 - [38/50]  [TRAIN LOSS: 0.1165]  [TRAIN ACC: 99.90]  [Head : 100.00]  [Rel : 99.97]  [Tail : 99.26]  [ALL : 99.17]
2024-11-13 16:33:15,788 - [38/50]  [Valid LOSS: 6.4089]  [Valid ACC: 67.08]  [Head : 81.52]  [Rel : 81.83]  [Tail : 70.90]  [ALL : 59.23]
2024-11-13 16:35:21,129 - [39/50]  [TRAIN LOSS: 0.1096]  [TRAIN ACC: 99.91]  [Head : 100.00]  [Rel : 99.96]  [Tail : 99.32]  [ALL : 99.33]
2024-11-13 16:35:43,383 - [39/50]  [Valid LOSS: 6.4632]  [Valid ACC: 66.98]  [Head : 81.52]  [Rel : 81.64]  [Tail : 70.66]  [ALL : 59.07]
2024-11-13 16:37:49,505 - [40/50]  [TRAIN LOSS: 0.1020]  [TRAIN ACC: 99.92]  [Head : 100.00]  [Rel : 99.99]  [Tail : 99.40]  [ALL : 99.38]
2024-11-13 16:38:11,785 - [40/50]  [Valid LOSS: 6.4783]  [Valid ACC: 67.17]  [Head : 81.52]  [Rel : 81.73]  [Tail : 71.09]  [ALL : 59.22]
2024-11-13 16:40:17,684 - [41/50]  [TRAIN LOSS: 0.0962]  [TRAIN ACC: 99.90]  [Head : 100.00]  [Rel : 99.98]  [Tail : 99.36]  [ALL : 99.39]
2024-11-13 16:40:40,197 - [41/50]  [Valid LOSS: 6.5204]  [Valid ACC: 67.27]  [Head : 81.53]  [Rel : 81.81]  [Tail : 70.85]  [ALL : 59.27]
2024-11-13 16:42:45,997 - [42/50]  [TRAIN LOSS: 0.0886]  [TRAIN ACC: 99.93]  [Head : 100.00]  [Rel : 99.99]  [Tail : 99.51]  [ALL : 99.41]
2024-11-13 16:43:08,883 - [42/50]  [Valid LOSS: 6.5510]  [Valid ACC: 67.36]  [Head : 81.52]  [Rel : 81.64]  [Tail : 70.87]  [ALL : 59.27]
2024-11-13 16:45:14,659 - [43/50]  [TRAIN LOSS: 0.0837]  [TRAIN ACC: 99.93]  [Head : 100.00]  [Rel : 99.98]  [Tail : 99.53]  [ALL : 99.55]
2024-11-13 16:45:36,914 - [43/50]  [Valid LOSS: 6.5778]  [Valid ACC: 67.47]  [Head : 81.38]  [Rel : 81.46]  [Tail : 70.99]  [ALL : 59.18]
2024-11-13 16:47:42,814 - [44/50]  [TRAIN LOSS: 0.0792]  [TRAIN ACC: 99.88]  [Head : 100.00]  [Rel : 99.99]  [Tail : 99.59]  [ALL : 99.51]
2024-11-13 16:48:05,266 - [44/50]  [Valid LOSS: 6.6034]  [Valid ACC: 67.55]  [Head : 81.41]  [Rel : 81.71]  [Tail : 71.32]  [ALL : 59.53]
2024-11-13 16:50:10,684 - [45/50]  [TRAIN LOSS: 0.0754]  [TRAIN ACC: 99.91]  [Head : 100.00]  [Rel : 100.00]  [Tail : 99.54]  [ALL : 99.59]
2024-11-13 16:50:32,628 - [45/50]  [Valid LOSS: 6.6258]  [Valid ACC: 67.24]  [Head : 81.36]  [Rel : 81.83]  [Tail : 70.78]  [ALL : 59.13]
2024-11-13 16:52:37,826 - [46/50]  [TRAIN LOSS: 0.0711]  [TRAIN ACC: 99.96]  [Head : 100.00]  [Rel : 99.96]  [Tail : 99.61]  [ALL : 99.58]
2024-11-13 16:52:59,951 - [46/50]  [Valid LOSS: 6.6859]  [Valid ACC: 67.13]  [Head : 81.34]  [Rel : 81.52]  [Tail : 70.67]  [ALL : 59.04]
2024-11-13 16:55:05,094 - [47/50]  [TRAIN LOSS: 0.0714]  [TRAIN ACC: 99.94]  [Head : 100.00]  [Rel : 99.97]  [Tail : 99.54]  [ALL : 99.50]
2024-11-13 16:55:27,190 - [47/50]  [Valid LOSS: 6.6866]  [Valid ACC: 67.19]  [Head : 81.55]  [Rel : 81.83]  [Tail : 70.92]  [ALL : 59.36]
2024-11-13 16:57:32,265 - [48/50]  [TRAIN LOSS: 0.0634]  [TRAIN ACC: 99.95]  [Head : 100.00]  [Rel : 99.98]  [Tail : 99.65]  [ALL : 99.55]
2024-11-13 16:57:54,286 - [48/50]  [Valid LOSS: 6.7175]  [Valid ACC: 67.40]  [Head : 81.55]  [Rel : 81.81]  [Tail : 70.97]  [ALL : 59.57]
2024-11-13 16:59:59,425 - [49/50]  [TRAIN LOSS: 0.0629]  [TRAIN ACC: 99.95]  [Head : 100.00]  [Rel : 99.96]  [Tail : 99.57]  [ALL : 99.61]
2024-11-13 17:00:21,633 - [49/50]  [Valid LOSS: 6.7511]  [Valid ACC: 67.31]  [Head : 81.74]  [Rel : 81.46]  [Tail : 70.95]  [ALL : 59.55]
2024-11-13 17:00:22,772 - BEST EPOCH : 45.00, BEST VALID ACC : 67.55
