2024-11-13 18:08:24,036 - [ 0/50]  [TRAIN LOSS: 21.1679]  [TRAIN ACC: 4.60]  [Head : 8.99]  [Rel : 58.79]  [Tail : 8.31]  [ALL : 0.94]
2024-11-13 18:08:38,120 - [ 0/50]  [Valid LOSS: 17.6015]  [Valid ACC: 8.37]  [Head : 20.32]  [Rel : 69.45]  [Tail : 20.43]  [ALL : 4.31]
2024-11-13 18:09:43,971 - [ 1/50]  [TRAIN LOSS: 14.6969]  [TRAIN ACC: 18.12]  [Head : 34.00]  [Rel : 77.57]  [Tail : 33.20]  [ALL : 13.61]
2024-11-13 18:09:57,970 - [ 1/50]  [Valid LOSS: 12.4318]  [Valid ACC: 25.54]  [Head : 45.55]  [Rel : 80.13]  [Tail : 47.65]  [ALL : 24.95]
2024-11-13 18:11:03,469 - [ 2/50]  [TRAIN LOSS: 9.9628]  [TRAIN ACC: 41.01]  [Head : 57.28]  [Rel : 85.50]  [Tail : 56.79]  [ALL : 35.94]
2024-11-13 18:11:17,711 - [ 2/50]  [Valid LOSS: 9.9803]  [Valid ACC: 39.07]  [Head : 60.27]  [Rel : 81.18]  [Tail : 60.13]  [ALL : 38.40]
2024-11-13 18:12:23,198 - [ 3/50]  [TRAIN LOSS: 7.1585]  [TRAIN ACC: 57.98]  [Head : 72.94]  [Rel : 89.38]  [Tail : 69.06]  [ALL : 52.29]
2024-11-13 18:12:36,852 - [ 3/50]  [Valid LOSS: 8.6606]  [Valid ACC: 46.36]  [Head : 66.57]  [Rel : 83.46]  [Tail : 64.86]  [ALL : 45.83]
2024-11-13 18:13:42,509 - [ 4/50]  [TRAIN LOSS: 5.4813]  [TRAIN ACC: 69.43]  [Head : 81.68]  [Rel : 91.48]  [Tail : 76.66]  [ALL : 63.07]
2024-11-13 18:13:56,016 - [ 4/50]  [Valid LOSS: 7.8867]  [Valid ACC: 51.93]  [Head : 70.22]  [Rel : 83.11]  [Tail : 67.90]  [ALL : 49.75]
2024-11-13 18:15:01,628 - [ 5/50]  [TRAIN LOSS: 4.3373]  [TRAIN ACC: 76.78]  [Head : 87.03]  [Rel : 93.15]  [Tail : 81.03]  [ALL : 71.15]
2024-11-13 18:15:15,541 - [ 5/50]  [Valid LOSS: 7.3808]  [Valid ACC: 56.03]  [Head : 73.90]  [Rel : 83.25]  [Tail : 69.80]  [ALL : 52.87]
2024-11-13 18:16:21,095 - [ 6/50]  [TRAIN LOSS: 3.5131]  [TRAIN ACC: 81.75]  [Head : 91.13]  [Rel : 94.24]  [Tail : 85.31]  [ALL : 77.12]
2024-11-13 18:16:34,427 - [ 6/50]  [Valid LOSS: 7.0376]  [Valid ACC: 58.27]  [Head : 75.51]  [Rel : 83.67]  [Tail : 70.74]  [ALL : 55.36]
2024-11-13 18:17:39,981 - [ 7/50]  [TRAIN LOSS: 2.9059]  [TRAIN ACC: 86.07]  [Head : 93.70]  [Rel : 95.26]  [Tail : 88.62]  [ALL : 82.14]
2024-11-13 18:17:53,887 - [ 7/50]  [Valid LOSS: 6.8395]  [Valid ACC: 59.78]  [Head : 76.45]  [Rel : 83.36]  [Tail : 70.88]  [ALL : 55.82]
2024-11-13 18:18:59,831 - [ 8/50]  [TRAIN LOSS: 2.4663]  [TRAIN ACC: 88.80]  [Head : 95.90]  [Rel : 95.93]  [Tail : 91.06]  [ALL : 85.90]
2024-11-13 18:19:13,396 - [ 8/50]  [Valid LOSS: 6.7491]  [Valid ACC: 60.51]  [Head : 76.73]  [Rel : 83.43]  [Tail : 71.51]  [ALL : 56.34]
2024-11-13 18:20:19,700 - [ 9/50]  [TRAIN LOSS: 2.0926]  [TRAIN ACC: 91.34]  [Head : 96.99]  [Rel : 96.83]  [Tail : 92.76]  [ALL : 89.28]
2024-11-13 18:20:33,403 - [ 9/50]  [Valid LOSS: 6.6317]  [Valid ACC: 62.02]  [Head : 77.54]  [Rel : 84.09]  [Tail : 72.18]  [ALL : 57.67]
2024-11-13 18:21:38,993 - [10/50]  [TRAIN LOSS: 1.8098]  [TRAIN ACC: 93.13]  [Head : 97.85]  [Rel : 97.16]  [Tail : 93.72]  [ALL : 91.25]
2024-11-13 18:21:52,665 - [10/50]  [Valid LOSS: 6.5444]  [Valid ACC: 62.51]  [Head : 78.03]  [Rel : 83.57]  [Tail : 71.83]  [ALL : 58.13]
2024-11-13 18:22:58,474 - [11/50]  [TRAIN LOSS: 1.5751]  [TRAIN ACC: 94.38]  [Head : 98.65]  [Rel : 97.92]  [Tail : 94.82]  [ALL : 93.05]
2024-11-13 18:23:12,222 - [11/50]  [Valid LOSS: 6.4827]  [Valid ACC: 63.45]  [Head : 78.35]  [Rel : 84.13]  [Tail : 72.60]  [ALL : 58.76]
2024-11-13 18:24:18,156 - [12/50]  [TRAIN LOSS: 1.4313]  [TRAIN ACC: 95.21]  [Head : 98.98]  [Rel : 98.03]  [Tail : 95.35]  [ALL : 93.88]
2024-11-13 18:24:32,109 - [12/50]  [Valid LOSS: 6.4704]  [Valid ACC: 63.74]  [Head : 78.31]  [Rel : 83.67]  [Tail : 72.39]  [ALL : 58.51]
2024-11-13 18:25:37,848 - [13/50]  [TRAIN LOSS: 1.2551]  [TRAIN ACC: 95.96]  [Head : 99.22]  [Rel : 98.42]  [Tail : 95.89]  [ALL : 94.80]
2024-11-13 18:25:51,707 - [13/50]  [Valid LOSS: 6.3950]  [Valid ACC: 64.09]  [Head : 78.56]  [Rel : 83.95]  [Tail : 72.60]  [ALL : 58.93]
2024-11-13 18:26:57,480 - [14/50]  [TRAIN LOSS: 1.1195]  [TRAIN ACC: 96.67]  [Head : 99.54]  [Rel : 98.86]  [Tail : 96.43]  [ALL : 95.60]
2024-11-13 18:27:11,141 - [14/50]  [Valid LOSS: 6.3904]  [Valid ACC: 65.00]  [Head : 78.94]  [Rel : 83.71]  [Tail : 72.39]  [ALL : 59.25]
2024-11-13 18:28:16,303 - [15/50]  [TRAIN LOSS: 1.0212]  [TRAIN ACC: 97.30]  [Head : 99.69]  [Rel : 98.82]  [Tail : 96.68]  [ALL : 96.11]
2024-11-13 18:28:30,225 - [15/50]  [Valid LOSS: 6.3975]  [Valid ACC: 64.89]  [Head : 78.98]  [Rel : 84.44]  [Tail : 72.39]  [ALL : 59.36]
2024-11-13 18:29:36,186 - [16/50]  [TRAIN LOSS: 0.9154]  [TRAIN ACC: 97.71]  [Head : 99.85]  [Rel : 99.08]  [Tail : 97.16]  [ALL : 96.78]
2024-11-13 18:29:49,450 - [16/50]  [Valid LOSS: 6.3918]  [Valid ACC: 65.45]  [Head : 79.05]  [Rel : 83.74]  [Tail : 72.56]  [ALL : 59.04]
2024-11-13 18:30:54,534 - [17/50]  [TRAIN LOSS: 0.8507]  [TRAIN ACC: 97.96]  [Head : 99.80]  [Rel : 99.21]  [Tail : 97.33]  [ALL : 96.96]
2024-11-13 18:31:08,274 - [17/50]  [Valid LOSS: 6.4010]  [Valid ACC: 65.52]  [Head : 78.98]  [Rel : 84.13]  [Tail : 72.46]  [ALL : 59.29]
2024-11-13 18:32:13,674 - [18/50]  [TRAIN LOSS: 0.8168]  [TRAIN ACC: 98.21]  [Head : 99.83]  [Rel : 99.28]  [Tail : 97.27]  [ALL : 96.93]
2024-11-13 18:32:27,149 - [18/50]  [Valid LOSS: 6.3849]  [Valid ACC: 65.73]  [Head : 79.08]  [Rel : 84.13]  [Tail : 72.70]  [ALL : 59.50]
2024-11-13 18:33:32,365 - [19/50]  [TRAIN LOSS: 0.7235]  [TRAIN ACC: 98.51]  [Head : 99.90]  [Rel : 99.41]  [Tail : 97.61]  [ALL : 97.32]
2024-11-13 18:33:46,393 - [19/50]  [Valid LOSS: 6.3939]  [Valid ACC: 65.59]  [Head : 79.19]  [Rel : 83.85]  [Tail : 72.18]  [ALL : 59.07]
2024-11-13 18:34:52,092 - [20/50]  [TRAIN LOSS: 0.7014]  [TRAIN ACC: 98.58]  [Head : 99.90]  [Rel : 99.17]  [Tail : 97.54]  [ALL : 97.30]
2024-11-13 18:35:06,210 - [20/50]  [Valid LOSS: 6.3912]  [Valid ACC: 66.29]  [Head : 79.26]  [Rel : 83.95]  [Tail : 72.63]  [ALL : 59.60]
2024-11-13 18:36:12,324 - [21/50]  [TRAIN LOSS: 0.6216]  [TRAIN ACC: 98.88]  [Head : 99.94]  [Rel : 99.54]  [Tail : 98.03]  [ALL : 97.74]
2024-11-13 18:36:25,769 - [21/50]  [Valid LOSS: 6.4212]  [Valid ACC: 65.91]  [Head : 79.29]  [Rel : 83.99]  [Tail : 72.60]  [ALL : 59.39]
2024-11-13 18:37:31,359 - [22/50]  [TRAIN LOSS: 0.5758]  [TRAIN ACC: 99.05]  [Head : 99.95]  [Rel : 99.58]  [Tail : 98.11]  [ALL : 98.10]
2024-11-13 18:37:45,074 - [22/50]  [Valid LOSS: 6.4074]  [Valid ACC: 66.36]  [Head : 79.47]  [Rel : 83.78]  [Tail : 72.42]  [ALL : 59.64]
2024-11-13 18:38:50,301 - [23/50]  [TRAIN LOSS: 0.5410]  [TRAIN ACC: 99.22]  [Head : 99.95]  [Rel : 99.62]  [Tail : 98.28]  [ALL : 98.08]
2024-11-13 18:39:03,927 - [23/50]  [Valid LOSS: 6.3941]  [Valid ACC: 66.19]  [Head : 79.43]  [Rel : 84.13]  [Tail : 73.06]  [ALL : 59.92]
2024-11-13 18:40:09,727 - [24/50]  [TRAIN LOSS: 0.5073]  [TRAIN ACC: 99.21]  [Head : 99.94]  [Rel : 99.68]  [Tail : 98.36]  [ALL : 98.12]
2024-11-13 18:40:23,475 - [24/50]  [Valid LOSS: 6.3921]  [Valid ACC: 66.68]  [Head : 79.40]  [Rel : 83.92]  [Tail : 72.99]  [ALL : 60.02]
2024-11-13 18:41:28,984 - [25/50]  [TRAIN LOSS: 0.4724]  [TRAIN ACC: 99.35]  [Head : 99.99]  [Rel : 99.71]  [Tail : 98.44]  [ALL : 98.36]
2024-11-13 18:41:42,713 - [25/50]  [Valid LOSS: 6.4308]  [Valid ACC: 66.22]  [Head : 79.64]  [Rel : 83.88]  [Tail : 72.70]  [ALL : 59.81]
2024-11-13 18:42:47,915 - [26/50]  [TRAIN LOSS: 0.4458]  [TRAIN ACC: 99.48]  [Head : 99.98]  [Rel : 99.67]  [Tail : 98.52]  [ALL : 98.33]
2024-11-13 18:43:01,691 - [26/50]  [Valid LOSS: 6.4275]  [Valid ACC: 66.64]  [Head : 79.61]  [Rel : 84.02]  [Tail : 73.02]  [ALL : 60.09]
2024-11-13 18:44:07,132 - [27/50]  [TRAIN LOSS: 0.4176]  [TRAIN ACC: 99.55]  [Head : 99.98]  [Rel : 99.75]  [Tail : 98.56]  [ALL : 98.53]
2024-11-13 18:44:20,242 - [27/50]  [Valid LOSS: 6.4444]  [Valid ACC: 65.98]  [Head : 79.71]  [Rel : 83.88]  [Tail : 72.46]  [ALL : 59.71]
2024-11-13 18:45:25,531 - [28/50]  [TRAIN LOSS: 0.3996]  [TRAIN ACC: 99.59]  [Head : 99.98]  [Rel : 99.68]  [Tail : 98.69]  [ALL : 98.66]
2024-11-13 18:45:38,877 - [28/50]  [Valid LOSS: 6.4064]  [Valid ACC: 66.75]  [Head : 79.99]  [Rel : 84.23]  [Tail : 73.06]  [ALL : 60.58]
2024-11-13 18:46:44,225 - [29/50]  [TRAIN LOSS: 0.3755]  [TRAIN ACC: 99.61]  [Head : 99.99]  [Rel : 99.77]  [Tail : 98.80]  [ALL : 98.66]
2024-11-13 18:46:57,742 - [29/50]  [Valid LOSS: 6.4711]  [Valid ACC: 66.29]  [Head : 79.78]  [Rel : 83.88]  [Tail : 72.46]  [ALL : 59.85]
2024-11-13 18:48:03,617 - [30/50]  [TRAIN LOSS: 0.3529]  [TRAIN ACC: 99.65]  [Head : 99.97]  [Rel : 99.85]  [Tail : 98.81]  [ALL : 98.76]
2024-11-13 18:48:17,690 - [30/50]  [Valid LOSS: 6.4855]  [Valid ACC: 66.29]  [Head : 79.61]  [Rel : 83.95]  [Tail : 72.60]  [ALL : 59.67]
2024-11-13 18:49:23,445 - [31/50]  [TRAIN LOSS: 0.3384]  [TRAIN ACC: 99.72]  [Head : 99.98]  [Rel : 99.83]  [Tail : 98.79]  [ALL : 98.66]
2024-11-13 18:49:36,769 - [31/50]  [Valid LOSS: 6.4540]  [Valid ACC: 66.78]  [Head : 79.92]  [Rel : 83.81]  [Tail : 72.78]  [ALL : 60.23]
2024-11-13 18:50:42,573 - [32/50]  [TRAIN LOSS: 0.3214]  [TRAIN ACC: 99.72]  [Head : 99.99]  [Rel : 99.85]  [Tail : 98.79]  [ALL : 98.92]
2024-11-13 18:50:56,066 - [32/50]  [Valid LOSS: 6.4775]  [Valid ACC: 66.50]  [Head : 79.96]  [Rel : 83.78]  [Tail : 72.39]  [ALL : 59.78]
2024-11-13 18:52:01,854 - [33/50]  [TRAIN LOSS: 0.3065]  [TRAIN ACC: 99.76]  [Head : 99.98]  [Rel : 99.87]  [Tail : 98.79]  [ALL : 98.74]
2024-11-13 18:52:15,329 - [33/50]  [Valid LOSS: 6.4804]  [Valid ACC: 66.57]  [Head : 79.96]  [Rel : 83.85]  [Tail : 72.56]  [ALL : 59.95]
2024-11-13 18:53:20,589 - [34/50]  [TRAIN LOSS: 0.2938]  [TRAIN ACC: 99.76]  [Head : 99.99]  [Rel : 99.85]  [Tail : 98.86]  [ALL : 98.89]
2024-11-13 18:53:33,748 - [34/50]  [Valid LOSS: 6.4771]  [Valid ACC: 66.82]  [Head : 79.92]  [Rel : 84.20]  [Tail : 72.88]  [ALL : 60.34]
2024-11-13 18:54:38,792 - [35/50]  [TRAIN LOSS: 0.2785]  [TRAIN ACC: 99.79]  [Head : 100.00]  [Rel : 99.89]  [Tail : 98.99]  [ALL : 99.02]
2024-11-13 18:54:52,718 - [35/50]  [Valid LOSS: 6.4927]  [Valid ACC: 66.68]  [Head : 80.10]  [Rel : 84.02]  [Tail : 72.53]  [ALL : 60.27]
2024-11-13 18:55:58,210 - [36/50]  [TRAIN LOSS: 0.2670]  [TRAIN ACC: 99.80]  [Head : 99.99]  [Rel : 99.90]  [Tail : 98.85]  [ALL : 98.96]
2024-11-13 18:56:11,804 - [36/50]  [Valid LOSS: 6.4708]  [Valid ACC: 66.89]  [Head : 79.85]  [Rel : 84.06]  [Tail : 72.78]  [ALL : 60.20]
2024-11-13 18:57:17,113 - [37/50]  [TRAIN LOSS: 0.2525]  [TRAIN ACC: 99.78]  [Head : 99.99]  [Rel : 99.93]  [Tail : 98.93]  [ALL : 99.07]
2024-11-13 18:57:30,725 - [37/50]  [Valid LOSS: 6.5037]  [Valid ACC: 66.82]  [Head : 80.10]  [Rel : 83.92]  [Tail : 72.49]  [ALL : 60.06]
2024-11-13 18:58:36,381 - [38/50]  [TRAIN LOSS: 0.2464]  [TRAIN ACC: 99.81]  [Head : 100.00]  [Rel : 99.96]  [Tail : 99.16]  [ALL : 99.06]
2024-11-13 18:58:49,781 - [38/50]  [Valid LOSS: 6.5204]  [Valid ACC: 66.82]  [Head : 79.82]  [Rel : 83.95]  [Tail : 72.56]  [ALL : 59.99]
2024-11-13 18:59:55,249 - [39/50]  [TRAIN LOSS: 0.2366]  [TRAIN ACC: 99.84]  [Head : 100.00]  [Rel : 99.96]  [Tail : 98.90]  [ALL : 98.89]
2024-11-13 19:00:09,092 - [39/50]  [Valid LOSS: 6.5200]  [Valid ACC: 66.85]  [Head : 79.96]  [Rel : 83.92]  [Tail : 72.53]  [ALL : 60.13]
2024-11-13 19:01:14,246 - [40/50]  [TRAIN LOSS: 0.2245]  [TRAIN ACC: 99.81]  [Head : 100.00]  [Rel : 99.91]  [Tail : 99.12]  [ALL : 99.07]
2024-11-13 19:01:27,782 - [40/50]  [Valid LOSS: 6.5152]  [Valid ACC: 67.31]  [Head : 79.99]  [Rel : 84.06]  [Tail : 72.74]  [ALL : 60.34]
2024-11-13 19:02:33,861 - [41/50]  [TRAIN LOSS: 0.2152]  [TRAIN ACC: 99.89]  [Head : 100.00]  [Rel : 99.88]  [Tail : 99.12]  [ALL : 99.10]
2024-11-13 19:02:47,465 - [41/50]  [Valid LOSS: 6.5383]  [Valid ACC: 66.85]  [Head : 79.92]  [Rel : 84.09]  [Tail : 72.81]  [ALL : 60.34]
2024-11-13 19:03:52,983 - [42/50]  [TRAIN LOSS: 0.2085]  [TRAIN ACC: 99.88]  [Head : 100.00]  [Rel : 99.95]  [Tail : 99.11]  [ALL : 99.12]
2024-11-13 19:04:06,733 - [42/50]  [Valid LOSS: 6.5622]  [Valid ACC: 66.85]  [Head : 79.89]  [Rel : 83.78]  [Tail : 72.46]  [ALL : 59.88]
2024-11-13 19:05:12,307 - [43/50]  [TRAIN LOSS: 0.1986]  [TRAIN ACC: 99.88]  [Head : 100.00]  [Rel : 99.93]  [Tail : 99.22]  [ALL : 99.08]
2024-11-13 19:05:26,030 - [43/50]  [Valid LOSS: 6.5504]  [Valid ACC: 67.13]  [Head : 80.20]  [Rel : 83.88]  [Tail : 72.53]  [ALL : 60.02]
2024-11-13 19:06:31,674 - [44/50]  [TRAIN LOSS: 0.1906]  [TRAIN ACC: 99.89]  [Head : 100.00]  [Rel : 99.93]  [Tail : 99.22]  [ALL : 99.18]
2024-11-13 19:06:45,271 - [44/50]  [Valid LOSS: 6.5445]  [Valid ACC: 67.13]  [Head : 80.17]  [Rel : 83.95]  [Tail : 72.70]  [ALL : 60.34]
2024-11-13 19:07:50,800 - [45/50]  [TRAIN LOSS: 0.1810]  [TRAIN ACC: 99.91]  [Head : 100.00]  [Rel : 99.98]  [Tail : 99.20]  [ALL : 99.18]
2024-11-13 19:08:04,213 - [45/50]  [Valid LOSS: 6.6142]  [Valid ACC: 66.54]  [Head : 79.92]  [Rel : 83.85]  [Tail : 72.60]  [ALL : 60.06]
2024-11-13 19:09:09,670 - [46/50]  [TRAIN LOSS: 0.1760]  [TRAIN ACC: 99.92]  [Head : 100.00]  [Rel : 99.96]  [Tail : 99.23]  [ALL : 99.22]
2024-11-13 19:09:23,461 - [46/50]  [Valid LOSS: 6.6010]  [Valid ACC: 66.96]  [Head : 79.96]  [Rel : 83.88]  [Tail : 72.74]  [ALL : 60.30]
2024-11-13 19:10:28,873 - [47/50]  [TRAIN LOSS: 0.1705]  [TRAIN ACC: 99.89]  [Head : 100.00]  [Rel : 99.97]  [Tail : 99.32]  [ALL : 99.19]
2024-11-13 19:10:42,421 - [47/50]  [Valid LOSS: 6.5954]  [Valid ACC: 66.78]  [Head : 79.99]  [Rel : 83.95]  [Tail : 72.78]  [ALL : 60.41]
2024-11-13 19:11:48,034 - [48/50]  [TRAIN LOSS: 0.1646]  [TRAIN ACC: 99.90]  [Head : 100.00]  [Rel : 99.97]  [Tail : 99.17]  [ALL : 99.24]
2024-11-13 19:12:01,621 - [48/50]  [Valid LOSS: 6.6079]  [Valid ACC: 66.89]  [Head : 79.92]  [Rel : 83.92]  [Tail : 72.81]  [ALL : 60.34]
2024-11-13 19:13:06,871 - [49/50]  [TRAIN LOSS: 0.1564]  [TRAIN ACC: 99.93]  [Head : 100.00]  [Rel : 99.98]  [Tail : 99.39]  [ALL : 99.28]
2024-11-13 19:13:20,710 - [49/50]  [Valid LOSS: 6.5951]  [Valid ACC: 66.92]  [Head : 80.13]  [Rel : 84.09]  [Tail : 72.67]  [ALL : 60.48]
2024-11-13 19:13:21,837 - BEST EPOCH : 41.00, BEST VALID ACC : 67.31
