2024-11-13 11:51:22,739 - [ 0/50]  [TRAIN LOSS: 21.0941]  [TRAIN ACC: 4.07]  [Head : 9.36]  [Rel : 59.33]  [Tail : 8.10]  [ALL : 0.81]
2024-11-13 11:51:37,498 - [ 0/50]  [Valid LOSS: 17.6620]  [Valid ACC: 7.22]  [Head : 20.85]  [Rel : 74.07]  [Tail : 17.06]  [ALL : 3.15]
2024-11-13 11:52:47,232 - [ 1/50]  [TRAIN LOSS: 15.0013]  [TRAIN ACC: 16.30]  [Head : 33.06]  [Rel : 77.18]  [Tail : 30.97]  [ALL : 12.33]
2024-11-13 11:53:01,043 - [ 1/50]  [Valid LOSS: 12.8361]  [Valid ACC: 21.30]  [Head : 45.30]  [Rel : 81.01]  [Tail : 46.60]  [ALL : 24.46]
2024-11-13 11:54:10,714 - [ 2/50]  [TRAIN LOSS: 10.2243]  [TRAIN ACC: 38.41]  [Head : 57.66]  [Rel : 85.52]  [Tail : 55.21]  [ALL : 35.24]
2024-11-13 11:54:26,009 - [ 2/50]  [Valid LOSS: 10.2388]  [Valid ACC: 37.35]  [Head : 60.06]  [Rel : 81.36]  [Tail : 59.43]  [ALL : 37.84]
2024-11-13 11:55:36,623 - [ 3/50]  [TRAIN LOSS: 7.3361]  [TRAIN ACC: 57.22]  [Head : 73.05]  [Rel : 89.38]  [Tail : 69.55]  [ALL : 51.88]
2024-11-13 11:55:53,566 - [ 3/50]  [Valid LOSS: 8.8727]  [Valid ACC: 46.18]  [Head : 67.24]  [Rel : 82.34]  [Tail : 64.93]  [ALL : 46.04]
2024-11-13 11:57:05,088 - [ 4/50]  [TRAIN LOSS: 5.5774]  [TRAIN ACC: 68.94]  [Head : 81.66]  [Rel : 91.52]  [Tail : 76.80]  [ALL : 63.66]
2024-11-13 11:57:20,205 - [ 4/50]  [Valid LOSS: 7.9536]  [Valid ACC: 52.66]  [Head : 71.90]  [Rel : 83.25]  [Tail : 68.15]  [ALL : 50.95]
2024-11-13 11:58:42,070 - [ 5/50]  [TRAIN LOSS: 4.4078]  [TRAIN ACC: 76.47]  [Head : 87.16]  [Rel : 93.52]  [Tail : 82.02]  [ALL : 71.78]
2024-11-13 11:58:57,406 - [ 5/50]  [Valid LOSS: 7.4595]  [Valid ACC: 56.80]  [Head : 74.00]  [Rel : 82.66]  [Tail : 69.62]  [ALL : 53.50]
2024-11-13 12:00:09,289 - [ 6/50]  [TRAIN LOSS: 3.5618]  [TRAIN ACC: 81.72]  [Head : 91.07]  [Rel : 94.52]  [Tail : 85.63]  [ALL : 77.76]
2024-11-13 12:00:25,038 - [ 6/50]  [Valid LOSS: 7.1098]  [Valid ACC: 59.64]  [Head : 76.00]  [Rel : 82.97]  [Tail : 70.01]  [ALL : 54.73]
2024-11-13 12:01:38,419 - [ 7/50]  [TRAIN LOSS: 2.9504]  [TRAIN ACC: 85.73]  [Head : 94.06]  [Rel : 95.51]  [Tail : 88.97]  [ALL : 82.72]
2024-11-13 12:01:53,952 - [ 7/50]  [Valid LOSS: 6.9263]  [Valid ACC: 60.51]  [Head : 76.87]  [Rel : 83.18]  [Tail : 71.16]  [ALL : 56.24]
2024-11-13 12:03:06,950 - [ 8/50]  [TRAIN LOSS: 2.5080]  [TRAIN ACC: 88.61]  [Head : 95.80]  [Rel : 96.26]  [Tail : 90.84]  [ALL : 86.35]
2024-11-13 12:03:21,269 - [ 8/50]  [Valid LOSS: 6.8004]  [Valid ACC: 61.46]  [Head : 78.17]  [Rel : 82.83]  [Tail : 71.20]  [ALL : 57.39]
2024-11-13 12:04:32,061 - [ 9/50]  [TRAIN LOSS: 2.1410]  [TRAIN ACC: 90.75]  [Head : 97.08]  [Rel : 96.83]  [Tail : 92.77]  [ALL : 89.18]
2024-11-13 12:04:47,243 - [ 9/50]  [Valid LOSS: 6.6509]  [Valid ACC: 63.17]  [Head : 78.24]  [Rel : 82.69]  [Tail : 71.86]  [ALL : 57.67]
2024-11-13 12:06:06,399 - [10/50]  [TRAIN LOSS: 1.8359]  [TRAIN ACC: 92.58]  [Head : 98.03]  [Rel : 97.67]  [Tail : 93.90]  [ALL : 91.52]
2024-11-13 12:06:21,459 - [10/50]  [Valid LOSS: 6.6115]  [Valid ACC: 63.98]  [Head : 78.73]  [Rel : 82.45]  [Tail : 71.86]  [ALL : 57.95]
2024-11-13 12:07:31,681 - [11/50]  [TRAIN LOSS: 1.6070]  [TRAIN ACC: 94.06]  [Head : 98.35]  [Rel : 98.12]  [Tail : 94.63]  [ALL : 92.92]
2024-11-13 12:07:46,983 - [11/50]  [Valid LOSS: 6.5283]  [Valid ACC: 64.44]  [Head : 79.54]  [Rel : 82.62]  [Tail : 71.93]  [ALL : 58.76]
2024-11-13 12:09:06,038 - [12/50]  [TRAIN LOSS: 1.4381]  [TRAIN ACC: 94.75]  [Head : 98.99]  [Rel : 98.19]  [Tail : 95.31]  [ALL : 94.07]
2024-11-13 12:09:20,363 - [12/50]  [Valid LOSS: 6.5327]  [Valid ACC: 64.86]  [Head : 79.22]  [Rel : 82.69]  [Tail : 72.04]  [ALL : 58.58]
2024-11-13 12:10:31,464 - [13/50]  [TRAIN LOSS: 1.2799]  [TRAIN ACC: 95.80]  [Head : 99.33]  [Rel : 98.58]  [Tail : 95.87]  [ALL : 94.95]
2024-11-13 12:10:46,587 - [13/50]  [Valid LOSS: 6.4881]  [Valid ACC: 64.82]  [Head : 79.57]  [Rel : 83.11]  [Tail : 72.32]  [ALL : 59.11]
2024-11-13 12:12:04,826 - [14/50]  [TRAIN LOSS: 1.1470]  [TRAIN ACC: 96.37]  [Head : 99.51]  [Rel : 98.91]  [Tail : 96.44]  [ALL : 95.44]
2024-11-13 12:12:19,716 - [14/50]  [Valid LOSS: 6.4746]  [Valid ACC: 65.28]  [Head : 79.54]  [Rel : 82.59]  [Tail : 72.18]  [ALL : 58.58]
2024-11-13 12:13:32,699 - [15/50]  [TRAIN LOSS: 1.0457]  [TRAIN ACC: 96.93]  [Head : 99.63]  [Rel : 98.99]  [Tail : 96.72]  [ALL : 96.29]
2024-11-13 12:13:48,829 - [15/50]  [Valid LOSS: 6.4835]  [Valid ACC: 65.35]  [Head : 79.47]  [Rel : 82.87]  [Tail : 72.42]  [ALL : 59.18]
2024-11-13 12:14:58,514 - [16/50]  [TRAIN LOSS: 0.9454]  [TRAIN ACC: 97.32]  [Head : 99.68]  [Rel : 99.07]  [Tail : 97.21]  [ALL : 96.52]
2024-11-13 12:15:13,413 - [16/50]  [Valid LOSS: 6.4581]  [Valid ACC: 65.77]  [Head : 79.54]  [Rel : 82.69]  [Tail : 72.28]  [ALL : 58.83]
2024-11-13 12:16:27,893 - [17/50]  [TRAIN LOSS: 0.8658]  [TRAIN ACC: 97.67]  [Head : 99.83]  [Rel : 99.33]  [Tail : 97.24]  [ALL : 97.01]
2024-11-13 12:16:43,274 - [17/50]  [Valid LOSS: 6.5085]  [Valid ACC: 65.87]  [Head : 79.57]  [Rel : 82.31]  [Tail : 71.90]  [ALL : 58.83]
2024-11-13 12:17:53,041 - [18/50]  [TRAIN LOSS: 0.8158]  [TRAIN ACC: 98.10]  [Head : 99.85]  [Rel : 99.26]  [Tail : 97.52]  [ALL : 97.07]
2024-11-13 12:18:07,789 - [18/50]  [Valid LOSS: 6.4965]  [Valid ACC: 66.08]  [Head : 79.47]  [Rel : 82.55]  [Tail : 72.32]  [ALL : 59.00]
2024-11-13 12:19:18,529 - [19/50]  [TRAIN LOSS: 0.7326]  [TRAIN ACC: 98.37]  [Head : 99.88]  [Rel : 99.50]  [Tail : 97.72]  [ALL : 97.42]
2024-11-13 12:19:35,993 - [19/50]  [Valid LOSS: 6.4720]  [Valid ACC: 65.84]  [Head : 79.50]  [Rel : 82.31]  [Tail : 71.90]  [ALL : 58.51]
2024-11-13 12:20:46,841 - [20/50]  [TRAIN LOSS: 0.7015]  [TRAIN ACC: 98.49]  [Head : 99.89]  [Rel : 99.34]  [Tail : 97.63]  [ALL : 97.32]
2024-11-13 12:21:03,302 - [20/50]  [Valid LOSS: 6.4741]  [Valid ACC: 66.33]  [Head : 79.68]  [Rel : 82.66]  [Tail : 72.18]  [ALL : 59.39]
2024-11-13 12:22:16,025 - [21/50]  [TRAIN LOSS: 0.6393]  [TRAIN ACC: 98.78]  [Head : 99.95]  [Rel : 99.46]  [Tail : 97.81]  [ALL : 97.61]
2024-11-13 12:22:31,184 - [21/50]  [Valid LOSS: 6.4981]  [Valid ACC: 66.29]  [Head : 79.75]  [Rel : 82.48]  [Tail : 72.07]  [ALL : 58.93]
2024-11-13 12:23:45,020 - [22/50]  [TRAIN LOSS: 0.5899]  [TRAIN ACC: 98.97]  [Head : 99.92]  [Rel : 99.59]  [Tail : 97.99]  [ALL : 97.97]
2024-11-13 12:24:01,826 - [22/50]  [Valid LOSS: 6.4763]  [Valid ACC: 66.50]  [Head : 80.13]  [Rel : 82.59]  [Tail : 72.25]  [ALL : 59.25]
2024-11-13 12:25:17,587 - [23/50]  [TRAIN LOSS: 0.5501]  [TRAIN ACC: 99.12]  [Head : 99.95]  [Rel : 99.66]  [Tail : 98.20]  [ALL : 98.06]
2024-11-13 12:25:33,492 - [23/50]  [Valid LOSS: 6.5227]  [Valid ACC: 66.26]  [Head : 79.89]  [Rel : 82.48]  [Tail : 71.97]  [ALL : 59.11]
2024-11-13 12:26:46,465 - [24/50]  [TRAIN LOSS: 0.5159]  [TRAIN ACC: 99.33]  [Head : 99.99]  [Rel : 99.68]  [Tail : 98.21]  [ALL : 98.25]
2024-11-13 12:27:00,901 - [24/50]  [Valid LOSS: 6.4763]  [Valid ACC: 66.57]  [Head : 79.78]  [Rel : 82.69]  [Tail : 72.18]  [ALL : 59.07]
2024-11-13 12:28:12,561 - [25/50]  [TRAIN LOSS: 0.4962]  [TRAIN ACC: 99.23]  [Head : 99.96]  [Rel : 99.73]  [Tail : 98.27]  [ALL : 98.29]
2024-11-13 12:28:35,190 - [25/50]  [Valid LOSS: 6.5013]  [Valid ACC: 66.82]  [Head : 79.89]  [Rel : 82.55]  [Tail : 72.21]  [ALL : 59.39]
2024-11-13 12:29:46,165 - [26/50]  [TRAIN LOSS: 0.4593]  [TRAIN ACC: 99.37]  [Head : 99.98]  [Rel : 99.73]  [Tail : 98.44]  [ALL : 98.33]
2024-11-13 12:30:00,513 - [26/50]  [Valid LOSS: 6.5549]  [Valid ACC: 66.29]  [Head : 79.71]  [Rel : 82.48]  [Tail : 71.97]  [ALL : 58.93]
2024-11-13 12:31:10,672 - [27/50]  [TRAIN LOSS: 0.4254]  [TRAIN ACC: 99.52]  [Head : 99.98]  [Rel : 99.82]  [Tail : 98.57]  [ALL : 98.57]
2024-11-13 12:31:25,637 - [27/50]  [Valid LOSS: 6.5356]  [Valid ACC: 66.57]  [Head : 79.82]  [Rel : 82.62]  [Tail : 71.97]  [ALL : 59.36]
2024-11-13 12:32:42,092 - [28/50]  [TRAIN LOSS: 0.4064]  [TRAIN ACC: 99.53]  [Head : 99.97]  [Rel : 99.86]  [Tail : 98.53]  [ALL : 98.64]
2024-11-13 12:32:56,540 - [28/50]  [Valid LOSS: 6.5533]  [Valid ACC: 66.85]  [Head : 79.92]  [Rel : 82.24]  [Tail : 72.14]  [ALL : 59.50]
2024-11-13 12:34:08,490 - [29/50]  [TRAIN LOSS: 0.3833]  [TRAIN ACC: 99.60]  [Head : 99.98]  [Rel : 99.88]  [Tail : 98.76]  [ALL : 98.64]
2024-11-13 12:34:24,467 - [29/50]  [Valid LOSS: 6.5861]  [Valid ACC: 66.71]  [Head : 80.13]  [Rel : 82.41]  [Tail : 72.21]  [ALL : 59.67]
2024-11-13 12:35:43,131 - [30/50]  [TRAIN LOSS: 0.3598]  [TRAIN ACC: 99.62]  [Head : 99.97]  [Rel : 99.85]  [Tail : 98.81]  [ALL : 98.67]
2024-11-13 12:35:57,791 - [30/50]  [Valid LOSS: 6.5550]  [Valid ACC: 67.17]  [Head : 80.13]  [Rel : 82.55]  [Tail : 72.04]  [ALL : 59.60]
2024-11-13 12:37:10,158 - [31/50]  [TRAIN LOSS: 0.3595]  [TRAIN ACC: 99.67]  [Head : 99.99]  [Rel : 99.71]  [Tail : 98.59]  [ALL : 98.40]
2024-11-13 12:37:24,605 - [31/50]  [Valid LOSS: 6.5626]  [Valid ACC: 67.24]  [Head : 80.03]  [Rel : 82.38]  [Tail : 72.28]  [ALL : 59.46]
2024-11-13 12:38:41,341 - [32/50]  [TRAIN LOSS: 0.3351]  [TRAIN ACC: 99.68]  [Head : 100.00]  [Rel : 99.84]  [Tail : 98.75]  [ALL : 98.72]
2024-11-13 12:38:55,923 - [32/50]  [Valid LOSS: 6.5860]  [Valid ACC: 66.78]  [Head : 79.82]  [Rel : 82.55]  [Tail : 71.97]  [ALL : 59.29]
2024-11-13 12:40:07,594 - [33/50]  [TRAIN LOSS: 0.3211]  [TRAIN ACC: 99.71]  [Head : 99.98]  [Rel : 99.82]  [Tail : 98.78]  [ALL : 98.75]
2024-11-13 12:40:22,263 - [33/50]  [Valid LOSS: 6.6128]  [Valid ACC: 66.92]  [Head : 79.92]  [Rel : 82.45]  [Tail : 71.93]  [ALL : 59.25]
2024-11-13 12:41:32,737 - [34/50]  [TRAIN LOSS: 0.2985]  [TRAIN ACC: 99.78]  [Head : 100.00]  [Rel : 99.86]  [Tail : 98.93]  [ALL : 98.86]
2024-11-13 12:41:49,714 - [34/50]  [Valid LOSS: 6.6502]  [Valid ACC: 66.82]  [Head : 79.96]  [Rel : 82.20]  [Tail : 71.90]  [ALL : 59.39]
2024-11-13 12:42:59,391 - [35/50]  [TRAIN LOSS: 0.2849]  [TRAIN ACC: 99.75]  [Head : 99.99]  [Rel : 99.87]  [Tail : 98.90]  [ALL : 98.90]
2024-11-13 12:43:13,217 - [35/50]  [Valid LOSS: 6.6077]  [Valid ACC: 67.03]  [Head : 80.03]  [Rel : 82.27]  [Tail : 71.97]  [ALL : 59.53]
2024-11-13 12:44:22,564 - [36/50]  [TRAIN LOSS: 0.2748]  [TRAIN ACC: 99.77]  [Head : 99.99]  [Rel : 99.84]  [Tail : 98.98]  [ALL : 98.96]
2024-11-13 12:44:39,121 - [36/50]  [Valid LOSS: 6.6085]  [Valid ACC: 67.24]  [Head : 80.20]  [Rel : 82.48]  [Tail : 71.69]  [ALL : 59.39]
2024-11-13 12:45:52,949 - [37/50]  [TRAIN LOSS: 0.2582]  [TRAIN ACC: 99.79]  [Head : 100.00]  [Rel : 99.93]  [Tail : 99.10]  [ALL : 98.99]
2024-11-13 12:46:07,346 - [37/50]  [Valid LOSS: 6.6354]  [Valid ACC: 66.96]  [Head : 80.24]  [Rel : 82.62]  [Tail : 71.97]  [ALL : 59.60]
2024-11-13 12:47:17,592 - [38/50]  [TRAIN LOSS: 0.2492]  [TRAIN ACC: 99.70]  [Head : 99.99]  [Rel : 99.91]  [Tail : 99.06]  [ALL : 99.05]
2024-11-13 12:47:31,997 - [38/50]  [Valid LOSS: 6.6432]  [Valid ACC: 67.27]  [Head : 80.20]  [Rel : 82.38]  [Tail : 71.93]  [ALL : 59.67]
2024-11-13 12:48:42,674 - [39/50]  [TRAIN LOSS: 0.2363]  [TRAIN ACC: 99.84]  [Head : 100.00]  [Rel : 99.92]  [Tail : 99.13]  [ALL : 99.12]
2024-11-13 12:48:58,994 - [39/50]  [Valid LOSS: 6.6446]  [Valid ACC: 67.45]  [Head : 80.24]  [Rel : 82.27]  [Tail : 71.86]  [ALL : 59.57]
2024-11-13 12:50:10,306 - [40/50]  [TRAIN LOSS: 0.2271]  [TRAIN ACC: 99.84]  [Head : 99.99]  [Rel : 99.95]  [Tail : 99.18]  [ALL : 99.16]
2024-11-13 12:50:25,149 - [40/50]  [Valid LOSS: 6.6607]  [Valid ACC: 67.10]  [Head : 80.06]  [Rel : 82.52]  [Tail : 71.65]  [ALL : 59.22]
2024-11-13 12:51:34,471 - [41/50]  [TRAIN LOSS: 0.2178]  [TRAIN ACC: 99.82]  [Head : 99.99]  [Rel : 99.96]  [Tail : 99.13]  [ALL : 99.03]
2024-11-13 12:51:49,929 - [41/50]  [Valid LOSS: 6.6782]  [Valid ACC: 66.96]  [Head : 80.17]  [Rel : 82.41]  [Tail : 71.93]  [ALL : 59.32]
2024-11-13 12:52:58,686 - [42/50]  [TRAIN LOSS: 0.2102]  [TRAIN ACC: 99.88]  [Head : 99.99]  [Rel : 99.96]  [Tail : 99.12]  [ALL : 99.19]
2024-11-13 12:53:13,218 - [42/50]  [Valid LOSS: 6.6836]  [Valid ACC: 67.17]  [Head : 80.03]  [Rel : 82.17]  [Tail : 71.76]  [ALL : 59.39]
2024-11-13 12:54:20,987 - [43/50]  [TRAIN LOSS: 0.2014]  [TRAIN ACC: 99.87]  [Head : 100.00]  [Rel : 99.96]  [Tail : 99.27]  [ALL : 99.22]
2024-11-13 12:54:35,056 - [43/50]  [Valid LOSS: 6.6823]  [Valid ACC: 67.27]  [Head : 80.24]  [Rel : 82.59]  [Tail : 71.76]  [ALL : 59.60]
2024-11-13 12:55:43,218 - [44/50]  [TRAIN LOSS: 0.1915]  [TRAIN ACC: 99.85]  [Head : 100.00]  [Rel : 99.98]  [Tail : 99.28]  [ALL : 99.23]
2024-11-13 12:55:57,937 - [44/50]  [Valid LOSS: 6.6707]  [Valid ACC: 67.20]  [Head : 80.27]  [Rel : 82.45]  [Tail : 72.04]  [ALL : 59.60]
2024-11-13 12:57:05,937 - [45/50]  [TRAIN LOSS: 0.1867]  [TRAIN ACC: 99.89]  [Head : 100.00]  [Rel : 99.96]  [Tail : 99.08]  [ALL : 99.19]
2024-11-13 12:57:21,231 - [45/50]  [Valid LOSS: 6.7002]  [Valid ACC: 67.45]  [Head : 80.20]  [Rel : 82.38]  [Tail : 72.14]  [ALL : 59.57]
2024-11-13 12:58:30,880 - [46/50]  [TRAIN LOSS: 0.1796]  [TRAIN ACC: 99.91]  [Head : 100.00]  [Rel : 99.98]  [Tail : 99.25]  [ALL : 99.16]
2024-11-13 12:58:45,991 - [46/50]  [Valid LOSS: 6.7285]  [Valid ACC: 67.17]  [Head : 80.27]  [Rel : 82.34]  [Tail : 71.58]  [ALL : 59.15]
2024-11-13 12:59:56,355 - [47/50]  [TRAIN LOSS: 0.1717]  [TRAIN ACC: 99.89]  [Head : 100.00]  [Rel : 99.99]  [Tail : 99.38]  [ALL : 99.33]
2024-11-13 13:00:11,455 - [47/50]  [Valid LOSS: 6.7238]  [Valid ACC: 67.45]  [Head : 80.24]  [Rel : 82.45]  [Tail : 72.11]  [ALL : 59.81]
2024-11-13 13:01:20,879 - [48/50]  [TRAIN LOSS: 0.1643]  [TRAIN ACC: 99.90]  [Head : 99.99]  [Rel : 99.99]  [Tail : 99.35]  [ALL : 99.32]
2024-11-13 13:01:35,271 - [48/50]  [Valid LOSS: 6.7511]  [Valid ACC: 67.17]  [Head : 80.27]  [Rel : 82.59]  [Tail : 71.93]  [ALL : 59.85]
2024-11-13 13:02:43,530 - [49/50]  [TRAIN LOSS: 0.1595]  [TRAIN ACC: 99.89]  [Head : 100.00]  [Rel : 99.96]  [Tail : 99.44]  [ALL : 99.29]
2024-11-13 13:02:58,317 - [49/50]  [Valid LOSS: 6.7452]  [Valid ACC: 67.34]  [Head : 80.27]  [Rel : 82.55]  [Tail : 71.97]  [ALL : 59.74]
2024-11-13 13:03:00,010 - BEST EPOCH : 40.00, BEST VALID ACC : 67.45
