2024-11-14 09:09:58,056 - [ 0/50]  [TRAIN LOSS: 16.7408]  [TRAIN ACC: 10.96]  [Head : 26.48]  [Rel : 67.57]  [Tail : 29.01]  [ALL : 10.88]
2024-11-14 09:10:20,166 - [ 0/50]  [Valid LOSS: 13.2276]  [Valid ACC: 20.35]  [Head : 43.41]  [Rel : 75.27]  [Tail : 46.55]  [ALL : 24.03]
2024-11-14 09:12:26,591 - [ 1/50]  [TRAIN LOSS: 8.8149]  [TRAIN ACC: 42.16]  [Head : 66.75]  [Rel : 81.10]  [Tail : 59.57]  [ALL : 42.05]
2024-11-14 09:12:48,839 - [ 1/50]  [Valid LOSS: 10.2455]  [Valid ACC: 37.91]  [Head : 62.18]  [Rel : 77.29]  [Tail : 57.89]  [ALL : 39.50]
2024-11-14 09:14:54,704 - [ 2/50]  [TRAIN LOSS: 5.5525]  [TRAIN ACC: 65.02]  [Head : 83.38]  [Rel : 86.26]  [Tail : 70.72]  [ALL : 59.31]
2024-11-14 09:15:16,652 - [ 2/50]  [Valid LOSS: 8.9692]  [Valid ACC: 46.44]  [Head : 68.49]  [Rel : 79.99]  [Tail : 62.83]  [ALL : 46.14]
2024-11-14 09:17:22,931 - [ 3/50]  [TRAIN LOSS: 3.8599]  [TRAIN ACC: 76.83]  [Head : 91.48]  [Rel : 89.58]  [Tail : 77.41]  [ALL : 70.26]
2024-11-14 09:17:45,263 - [ 3/50]  [Valid LOSS: 8.3831]  [Valid ACC: 52.24]  [Head : 70.38]  [Rel : 80.30]  [Tail : 65.40]  [ALL : 48.83]
2024-11-14 09:19:51,361 - [ 4/50]  [TRAIN LOSS: 2.8494]  [TRAIN ACC: 84.36]  [Head : 95.52]  [Rel : 92.05]  [Tail : 82.56]  [ALL : 77.48]
2024-11-14 09:20:14,058 - [ 4/50]  [Valid LOSS: 8.0281]  [Valid ACC: 55.15]  [Head : 71.99]  [Rel : 80.48]  [Tail : 66.42]  [ALL : 50.58]
2024-11-14 09:22:20,505 - [ 5/50]  [TRAIN LOSS: 2.1868]  [TRAIN ACC: 89.18]  [Head : 97.74]  [Rel : 93.82]  [Tail : 86.00]  [ALL : 82.62]
2024-11-14 09:22:43,129 - [ 5/50]  [Valid LOSS: 7.8686]  [Valid ACC: 57.31]  [Head : 72.68]  [Rel : 80.49]  [Tail : 67.16]  [ALL : 51.17]
2024-11-14 09:24:49,293 - [ 6/50]  [TRAIN LOSS: 1.7367]  [TRAIN ACC: 92.18]  [Head : 98.83]  [Rel : 95.25]  [Tail : 88.39]  [ALL : 86.27]
2024-11-14 09:25:11,335 - [ 6/50]  [Valid LOSS: 7.7946]  [Valid ACC: 58.13]  [Head : 73.27]  [Rel : 80.86]  [Tail : 67.39]  [ALL : 52.16]
2024-11-14 09:27:17,497 - [ 7/50]  [TRAIN LOSS: 1.3992]  [TRAIN ACC: 93.82]  [Head : 99.43]  [Rel : 96.44]  [Tail : 90.70]  [ALL : 89.13]
2024-11-14 09:27:39,824 - [ 7/50]  [Valid LOSS: 7.7555]  [Valid ACC: 58.62]  [Head : 73.85]  [Rel : 80.93]  [Tail : 67.81]  [ALL : 52.96]
2024-11-14 09:29:45,901 - [ 8/50]  [TRAIN LOSS: 1.1628]  [TRAIN ACC: 95.20]  [Head : 99.68]  [Rel : 97.23]  [Tail : 92.06]  [ALL : 90.81]
2024-11-14 09:30:08,289 - [ 8/50]  [Valid LOSS: 7.6682]  [Valid ACC: 60.08]  [Head : 73.99]  [Rel : 81.16]  [Tail : 68.54]  [ALL : 53.61]
2024-11-14 09:32:14,347 - [ 9/50]  [TRAIN LOSS: 0.9750]  [TRAIN ACC: 96.21]  [Head : 99.81]  [Rel : 97.89]  [Tail : 93.36]  [ALL : 92.63]
2024-11-14 09:32:36,368 - [ 9/50]  [Valid LOSS: 7.7309]  [Valid ACC: 60.16]  [Head : 74.10]  [Rel : 80.95]  [Tail : 68.35]  [ALL : 53.33]
2024-11-14 09:34:43,144 - [10/50]  [TRAIN LOSS: 0.8387]  [TRAIN ACC: 96.93]  [Head : 99.89]  [Rel : 98.35]  [Tail : 94.00]  [ALL : 93.58]
2024-11-14 09:35:05,714 - [10/50]  [Valid LOSS: 7.7412]  [Valid ACC: 60.38]  [Head : 74.15]  [Rel : 80.30]  [Tail : 68.19]  [ALL : 53.17]
2024-11-14 09:37:12,217 - [11/50]  [TRAIN LOSS: 0.7261]  [TRAIN ACC: 97.60]  [Head : 99.87]  [Rel : 98.83]  [Tail : 94.75]  [ALL : 94.39]
2024-11-14 09:37:34,354 - [11/50]  [Valid LOSS: 7.8056]  [Valid ACC: 60.62]  [Head : 74.57]  [Rel : 80.90]  [Tail : 68.52]  [ALL : 54.08]
2024-11-14 09:39:40,791 - [12/50]  [TRAIN LOSS: 0.6324]  [TRAIN ACC: 98.17]  [Head : 99.91]  [Rel : 99.02]  [Tail : 95.31]  [ALL : 95.03]
2024-11-14 09:40:02,742 - [12/50]  [Valid LOSS: 7.7818]  [Valid ACC: 60.94]  [Head : 74.59]  [Rel : 81.30]  [Tail : 68.28]  [ALL : 54.01]
2024-11-14 09:42:08,661 - [13/50]  [TRAIN LOSS: 0.5604]  [TRAIN ACC: 98.45]  [Head : 99.94]  [Rel : 99.29]  [Tail : 95.86]  [ALL : 95.63]
2024-11-14 09:42:30,980 - [13/50]  [Valid LOSS: 7.8093]  [Valid ACC: 61.08]  [Head : 74.71]  [Rel : 80.95]  [Tail : 68.45]  [ALL : 53.84]
2024-11-14 09:44:37,057 - [14/50]  [TRAIN LOSS: 0.5074]  [TRAIN ACC: 98.67]  [Head : 99.96]  [Rel : 99.39]  [Tail : 96.27]  [ALL : 96.00]
2024-11-14 09:44:59,202 - [14/50]  [Valid LOSS: 7.8403]  [Valid ACC: 60.85]  [Head : 74.55]  [Rel : 80.88]  [Tail : 68.23]  [ALL : 53.84]
2024-11-14 09:47:05,505 - [15/50]  [TRAIN LOSS: 0.4499]  [TRAIN ACC: 98.91]  [Head : 99.96]  [Rel : 99.51]  [Tail : 96.58]  [ALL : 96.39]
2024-11-14 09:47:28,623 - [15/50]  [Valid LOSS: 7.8659]  [Valid ACC: 61.64]  [Head : 74.66]  [Rel : 80.84]  [Tail : 68.26]  [ALL : 54.01]
2024-11-14 09:49:38,068 - [16/50]  [TRAIN LOSS: 0.4088]  [TRAIN ACC: 99.00]  [Head : 100.00]  [Rel : 99.59]  [Tail : 96.90]  [ALL : 96.81]
2024-11-14 09:50:00,767 - [16/50]  [Valid LOSS: 7.9403]  [Valid ACC: 61.20]  [Head : 74.62]  [Rel : 81.04]  [Tail : 68.54]  [ALL : 54.26]
2024-11-14 09:52:08,566 - [17/50]  [TRAIN LOSS: 0.3688]  [TRAIN ACC: 99.23]  [Head : 99.99]  [Rel : 99.68]  [Tail : 97.29]  [ALL : 97.21]
2024-11-14 09:52:31,326 - [17/50]  [Valid LOSS: 7.9322]  [Valid ACC: 61.30]  [Head : 74.94]  [Rel : 80.63]  [Tail : 68.24]  [ALL : 53.98]
2024-11-14 09:54:39,003 - [18/50]  [TRAIN LOSS: 0.3308]  [TRAIN ACC: 99.34]  [Head : 99.99]  [Rel : 99.75]  [Tail : 97.55]  [ALL : 97.40]
2024-11-14 09:55:01,949 - [18/50]  [Valid LOSS: 7.9893]  [Valid ACC: 61.62]  [Head : 74.94]  [Rel : 81.16]  [Tail : 68.17]  [ALL : 54.14]
2024-11-14 09:57:09,830 - [19/50]  [TRAIN LOSS: 0.3024]  [TRAIN ACC: 99.45]  [Head : 99.98]  [Rel : 99.81]  [Tail : 97.71]  [ALL : 97.55]
2024-11-14 09:57:32,753 - [19/50]  [Valid LOSS: 7.9886]  [Valid ACC: 61.92]  [Head : 75.01]  [Rel : 80.51]  [Tail : 68.16]  [ALL : 54.26]
2024-11-14 09:59:40,977 - [20/50]  [TRAIN LOSS: 0.2835]  [TRAIN ACC: 99.47]  [Head : 99.99]  [Rel : 99.85]  [Tail : 97.84]  [ALL : 97.78]
2024-11-14 10:00:04,128 - [20/50]  [Valid LOSS: 8.0289]  [Valid ACC: 61.57]  [Head : 74.80]  [Rel : 80.63]  [Tail : 68.05]  [ALL : 53.98]
2024-11-14 10:02:12,363 - [21/50]  [TRAIN LOSS: 0.2707]  [TRAIN ACC: 99.48]  [Head : 99.99]  [Rel : 99.76]  [Tail : 97.77]  [ALL : 97.71]
2024-11-14 10:02:35,083 - [21/50]  [Valid LOSS: 8.0741]  [Valid ACC: 61.86]  [Head : 74.89]  [Rel : 80.25]  [Tail : 68.28]  [ALL : 54.05]
2024-11-14 10:04:43,203 - [22/50]  [TRAIN LOSS: 0.2530]  [TRAIN ACC: 99.46]  [Head : 100.00]  [Rel : 99.85]  [Tail : 98.06]  [ALL : 97.90]
2024-11-14 10:05:06,474 - [22/50]  [Valid LOSS: 8.1126]  [Valid ACC: 61.58]  [Head : 74.97]  [Rel : 80.39]  [Tail : 68.00]  [ALL : 53.82]
2024-11-14 10:07:15,178 - [23/50]  [TRAIN LOSS: 0.2326]  [TRAIN ACC: 99.58]  [Head : 100.00]  [Rel : 99.86]  [Tail : 98.20]  [ALL : 98.06]
2024-11-14 10:07:38,292 - [23/50]  [Valid LOSS: 8.1415]  [Valid ACC: 61.76]  [Head : 74.71]  [Rel : 80.55]  [Tail : 68.09]  [ALL : 54.07]
2024-11-14 10:09:47,323 - [24/50]  [TRAIN LOSS: 0.2143]  [TRAIN ACC: 99.56]  [Head : 99.99]  [Rel : 99.88]  [Tail : 98.35]  [ALL : 98.20]
2024-11-14 10:10:10,723 - [24/50]  [Valid LOSS: 8.1336]  [Valid ACC: 62.11]  [Head : 75.10]  [Rel : 80.76]  [Tail : 68.44]  [ALL : 54.26]
2024-11-14 10:12:17,999 - [25/50]  [TRAIN LOSS: 0.2029]  [TRAIN ACC: 99.58]  [Head : 100.00]  [Rel : 99.90]  [Tail : 98.34]  [ALL : 98.36]
2024-11-14 10:12:40,383 - [25/50]  [Valid LOSS: 8.1166]  [Valid ACC: 62.41]  [Head : 75.22]  [Rel : 80.65]  [Tail : 68.31]  [ALL : 54.61]
2024-11-14 10:14:47,364 - [26/50]  [TRAIN LOSS: 0.2040]  [TRAIN ACC: 99.61]  [Head : 99.99]  [Rel : 99.76]  [Tail : 98.32]  [ALL : 98.23]
2024-11-14 10:15:09,485 - [26/50]  [Valid LOSS: 8.1484]  [Valid ACC: 62.02]  [Head : 75.20]  [Rel : 80.44]  [Tail : 67.86]  [ALL : 54.03]
2024-11-14 10:17:16,873 - [27/50]  [TRAIN LOSS: 0.5305]  [TRAIN ACC: 97.94]  [Head : 99.84]  [Rel : 97.25]  [Tail : 95.83]  [ALL : 94.68]
2024-11-14 10:17:39,493 - [27/50]  [Valid LOSS: 11.3366]  [Valid ACC: 44.25]  [Head : 67.21]  [Rel : 49.14]  [Tail : 51.00]  [ALL : 26.99]
2024-11-14 10:19:47,149 - [28/50]  [TRAIN LOSS: 2.7393]  [TRAIN ACC: 89.12]  [Head : 95.39]  [Rel : 82.29]  [Tail : 69.94]  [ALL : 63.60]
2024-11-14 10:20:09,595 - [28/50]  [Valid LOSS: 7.7075]  [Valid ACC: 60.13]  [Head : 74.03]  [Rel : 79.93]  [Tail : 66.19]  [ALL : 51.00]
2024-11-14 10:22:16,848 - [29/50]  [TRAIN LOSS: 0.7010]  [TRAIN ACC: 97.97]  [Head : 99.85]  [Rel : 95.35]  [Tail : 90.17]  [ALL : 88.33]
2024-11-14 10:22:39,707 - [29/50]  [Valid LOSS: 7.6886]  [Valid ACC: 60.94]  [Head : 74.76]  [Rel : 80.84]  [Tail : 68.44]  [ALL : 53.00]
2024-11-14 10:24:47,067 - [30/50]  [TRAIN LOSS: 0.3654]  [TRAIN ACC: 99.09]  [Head : 99.98]  [Rel : 98.82]  [Tail : 95.49]  [ALL : 94.98]
2024-11-14 10:25:09,940 - [30/50]  [Valid LOSS: 7.7388]  [Valid ACC: 61.81]  [Head : 75.11]  [Rel : 81.34]  [Tail : 69.03]  [ALL : 54.22]
2024-11-14 10:27:17,231 - [31/50]  [TRAIN LOSS: 0.2739]  [TRAIN ACC: 99.45]  [Head : 99.98]  [Rel : 99.54]  [Tail : 97.14]  [ALL : 96.86]
2024-11-14 10:27:40,009 - [31/50]  [Valid LOSS: 7.8140]  [Valid ACC: 62.04]  [Head : 75.41]  [Rel : 81.42]  [Tail : 68.91]  [ALL : 54.42]
2024-11-14 10:29:47,308 - [32/50]  [TRAIN LOSS: 0.2342]  [TRAIN ACC: 99.60]  [Head : 99.99]  [Rel : 99.69]  [Tail : 97.78]  [ALL : 97.58]
2024-11-14 10:30:09,836 - [32/50]  [Valid LOSS: 7.8757]  [Valid ACC: 62.41]  [Head : 75.31]  [Rel : 81.35]  [Tail : 69.23]  [ALL : 54.59]
2024-11-14 10:32:17,455 - [33/50]  [TRAIN LOSS: 0.2007]  [TRAIN ACC: 99.69]  [Head : 100.00]  [Rel : 99.89]  [Tail : 98.24]  [ALL : 98.20]
2024-11-14 10:32:39,704 - [33/50]  [Valid LOSS: 7.9276]  [Valid ACC: 62.62]  [Head : 75.27]  [Rel : 81.41]  [Tail : 69.02]  [ALL : 54.42]
2024-11-14 10:34:46,897 - [34/50]  [TRAIN LOSS: 0.1808]  [TRAIN ACC: 99.81]  [Head : 100.00]  [Rel : 99.87]  [Tail : 98.48]  [ALL : 98.52]
2024-11-14 10:35:09,359 - [34/50]  [Valid LOSS: 7.9602]  [Valid ACC: 62.57]  [Head : 75.48]  [Rel : 81.60]  [Tail : 69.07]  [ALL : 54.75]
2024-11-14 10:37:16,643 - [35/50]  [TRAIN LOSS: 0.1633]  [TRAIN ACC: 99.81]  [Head : 100.00]  [Rel : 99.95]  [Tail : 98.75]  [ALL : 98.61]
2024-11-14 10:37:40,094 - [35/50]  [Valid LOSS: 8.0210]  [Valid ACC: 62.69]  [Head : 75.53]  [Rel : 81.58]  [Tail : 69.03]  [ALL : 54.54]
2024-11-14 10:39:47,487 - [36/50]  [TRAIN LOSS: 0.1483]  [TRAIN ACC: 99.84]  [Head : 100.00]  [Rel : 99.94]  [Tail : 98.99]  [ALL : 98.91]
2024-11-14 10:40:10,195 - [36/50]  [Valid LOSS: 8.0469]  [Valid ACC: 62.93]  [Head : 75.50]  [Rel : 81.58]  [Tail : 68.98]  [ALL : 54.75]
2024-11-14 10:42:17,461 - [37/50]  [TRAIN LOSS: 0.1372]  [TRAIN ACC: 99.88]  [Head : 100.00]  [Rel : 99.94]  [Tail : 98.96]  [ALL : 99.08]
2024-11-14 10:42:39,991 - [37/50]  [Valid LOSS: 8.0800]  [Valid ACC: 62.86]  [Head : 75.66]  [Rel : 81.69]  [Tail : 69.07]  [ALL : 54.75]
2024-11-14 10:44:47,204 - [38/50]  [TRAIN LOSS: 0.1257]  [TRAIN ACC: 99.88]  [Head : 100.00]  [Rel : 99.99]  [Tail : 99.23]  [ALL : 99.17]
2024-11-14 10:45:09,594 - [38/50]  [Valid LOSS: 8.1296]  [Valid ACC: 63.07]  [Head : 75.45]  [Rel : 81.65]  [Tail : 69.12]  [ALL : 54.70]
2024-11-14 10:47:17,037 - [39/50]  [TRAIN LOSS: 0.1159]  [TRAIN ACC: 99.88]  [Head : 100.00]  [Rel : 99.98]  [Tail : 99.32]  [ALL : 99.21]
2024-11-14 10:47:39,545 - [39/50]  [Valid LOSS: 8.1476]  [Valid ACC: 62.93]  [Head : 75.55]  [Rel : 81.60]  [Tail : 68.94]  [ALL : 54.87]
2024-11-14 10:49:45,961 - [40/50]  [TRAIN LOSS: 0.1102]  [TRAIN ACC: 99.87]  [Head : 100.00]  [Rel : 99.96]  [Tail : 99.29]  [ALL : 99.24]
2024-11-14 10:50:08,264 - [40/50]  [Valid LOSS: 8.1980]  [Valid ACC: 62.97]  [Head : 75.71]  [Rel : 81.48]  [Tail : 68.93]  [ALL : 54.73]
2024-11-14 10:52:15,057 - [41/50]  [TRAIN LOSS: 0.1022]  [TRAIN ACC: 99.88]  [Head : 100.00]  [Rel : 99.97]  [Tail : 99.40]  [ALL : 99.32]
2024-11-14 10:52:37,513 - [41/50]  [Valid LOSS: 8.2310]  [Valid ACC: 63.02]  [Head : 75.73]  [Rel : 81.58]  [Tail : 68.89]  [ALL : 54.85]
2024-11-14 10:54:44,109 - [42/50]  [TRAIN LOSS: 0.0969]  [TRAIN ACC: 99.91]  [Head : 100.00]  [Rel : 99.97]  [Tail : 99.33]  [ALL : 99.36]
2024-11-14 10:55:07,428 - [42/50]  [Valid LOSS: 8.2616]  [Valid ACC: 62.74]  [Head : 75.62]  [Rel : 81.55]  [Tail : 68.72]  [ALL : 54.75]
2024-11-14 10:57:15,001 - [43/50]  [TRAIN LOSS: 0.0894]  [TRAIN ACC: 99.92]  [Head : 100.00]  [Rel : 99.99]  [Tail : 99.54]  [ALL : 99.47]
2024-11-14 10:57:38,240 - [43/50]  [Valid LOSS: 8.2697]  [Valid ACC: 63.04]  [Head : 75.62]  [Rel : 81.74]  [Tail : 69.00]  [ALL : 55.03]
2024-11-14 10:59:45,963 - [44/50]  [TRAIN LOSS: 0.0841]  [TRAIN ACC: 99.93]  [Head : 100.00]  [Rel : 99.99]  [Tail : 99.54]  [ALL : 99.51]
2024-11-14 11:00:09,020 - [44/50]  [Valid LOSS: 8.3376]  [Valid ACC: 63.00]  [Head : 75.73]  [Rel : 81.49]  [Tail : 68.93]  [ALL : 54.82]
2024-11-14 11:02:17,688 - [45/50]  [TRAIN LOSS: 0.0798]  [TRAIN ACC: 99.92]  [Head : 100.00]  [Rel : 100.00]  [Tail : 99.52]  [ALL : 99.53]
2024-11-14 11:02:40,967 - [45/50]  [Valid LOSS: 8.3672]  [Valid ACC: 62.99]  [Head : 75.53]  [Rel : 81.69]  [Tail : 68.96]  [ALL : 54.80]
2024-11-14 11:04:49,798 - [46/50]  [TRAIN LOSS: 0.0749]  [TRAIN ACC: 99.95]  [Head : 100.00]  [Rel : 99.99]  [Tail : 99.52]  [ALL : 99.54]
2024-11-14 11:05:12,929 - [46/50]  [Valid LOSS: 8.3667]  [Valid ACC: 63.13]  [Head : 75.71]  [Rel : 81.58]  [Tail : 68.80]  [ALL : 54.94]
2024-11-14 11:07:21,530 - [47/50]  [TRAIN LOSS: 0.0704]  [TRAIN ACC: 99.91]  [Head : 100.00]  [Rel : 99.98]  [Tail : 99.60]  [ALL : 99.61]
2024-11-14 11:07:44,595 - [47/50]  [Valid LOSS: 8.4126]  [Valid ACC: 63.06]  [Head : 75.69]  [Rel : 81.53]  [Tail : 68.80]  [ALL : 54.75]
2024-11-14 11:09:52,255 - [48/50]  [TRAIN LOSS: 0.0677]  [TRAIN ACC: 99.93]  [Head : 100.00]  [Rel : 99.97]  [Tail : 99.63]  [ALL : 99.60]
2024-11-14 11:10:14,867 - [48/50]  [Valid LOSS: 8.4658]  [Valid ACC: 63.11]  [Head : 75.62]  [Rel : 81.42]  [Tail : 68.98]  [ALL : 54.92]
2024-11-14 11:12:23,121 - [49/50]  [TRAIN LOSS: 0.0665]  [TRAIN ACC: 99.93]  [Head : 100.00]  [Rel : 99.96]  [Tail : 99.63]  [ALL : 99.59]
2024-11-14 11:12:46,370 - [49/50]  [Valid LOSS: 8.4682]  [Valid ACC: 63.09]  [Head : 75.69]  [Rel : 81.39]  [Tail : 68.45]  [ALL : 54.87]
2024-11-14 11:12:47,782 - BEST EPOCH : 47.00, BEST VALID ACC : 63.13
