2024-11-14 06:54:18,821 - [ 0/50]  [TRAIN LOSS: 19.8342]  [TRAIN ACC: 6.11]  [Head : 12.28]  [Rel : 62.11]  [Tail : 18.20]  [ALL : 2.98]
2024-11-14 06:54:32,131 - [ 0/50]  [Valid LOSS: 15.8925]  [Valid ACC: 9.85]  [Head : 28.35]  [Rel : 71.83]  [Tail : 35.95]  [ALL : 11.49]
2024-11-14 06:55:37,948 - [ 1/50]  [TRAIN LOSS: 13.2496]  [TRAIN ACC: 19.62]  [Head : 41.66]  [Rel : 75.49]  [Tail : 46.20]  [ALL : 21.48]
2024-11-14 06:55:51,616 - [ 1/50]  [Valid LOSS: 12.3710]  [Valid ACC: 22.00]  [Head : 49.58]  [Rel : 73.76]  [Tail : 49.72]  [ALL : 27.44]
2024-11-14 06:56:57,026 - [ 2/50]  [TRAIN LOSS: 9.4913]  [TRAIN ACC: 38.00]  [Head : 62.04]  [Rel : 81.30]  [Tail : 59.67]  [ALL : 38.48]
2024-11-14 06:57:10,995 - [ 2/50]  [Valid LOSS: 10.4185]  [Valid ACC: 34.44]  [Head : 61.32]  [Rel : 74.60]  [Tail : 56.87]  [ALL : 36.90]
2024-11-14 06:58:21,988 - [ 3/50]  [TRAIN LOSS: 7.1818]  [TRAIN ACC: 54.34]  [Head : 74.97]  [Rel : 84.97]  [Tail : 67.52]  [ALL : 51.57]
2024-11-14 06:58:35,521 - [ 3/50]  [Valid LOSS: 9.4923]  [Valid ACC: 42.05]  [Head : 67.41]  [Rel : 76.38]  [Tail : 58.83]  [ALL : 42.54]
2024-11-14 06:59:41,380 - [ 4/50]  [TRAIN LOSS: 5.6296]  [TRAIN ACC: 65.16]  [Head : 82.82]  [Rel : 87.97]  [Tail : 73.43]  [ALL : 60.66]
2024-11-14 06:59:55,037 - [ 4/50]  [Valid LOSS: 8.7659]  [Valid ACC: 47.97]  [Head : 70.78]  [Rel : 76.63]  [Tail : 61.28]  [ALL : 45.90]
2024-11-14 07:01:00,673 - [ 5/50]  [TRAIN LOSS: 4.5538]  [TRAIN ACC: 72.40]  [Head : 88.03]  [Rel : 89.82]  [Tail : 78.06]  [ALL : 68.28]
2024-11-14 07:01:14,288 - [ 5/50]  [Valid LOSS: 8.3458]  [Valid ACC: 50.46]  [Head : 72.74]  [Rel : 77.58]  [Tail : 63.21]  [ALL : 47.86]
2024-11-14 07:02:20,219 - [ 6/50]  [TRAIN LOSS: 3.7495]  [TRAIN ACC: 77.77]  [Head : 91.73]  [Rel : 91.58]  [Tail : 81.84]  [ALL : 74.06]
2024-11-14 07:02:33,845 - [ 6/50]  [Valid LOSS: 8.1055]  [Valid ACC: 52.24]  [Head : 74.56]  [Rel : 77.44]  [Tail : 63.38]  [ALL : 49.75]
2024-11-14 07:03:39,431 - [ 7/50]  [TRAIN LOSS: 3.1545]  [TRAIN ACC: 82.00]  [Head : 94.17]  [Rel : 92.96]  [Tail : 84.58]  [ALL : 78.56]
2024-11-14 07:03:53,018 - [ 7/50]  [Valid LOSS: 7.8920]  [Valid ACC: 53.54]  [Head : 75.12]  [Rel : 77.82]  [Tail : 63.81]  [ALL : 50.14]
2024-11-14 07:04:58,830 - [ 8/50]  [TRAIN LOSS: 2.6819]  [TRAIN ACC: 85.38]  [Head : 96.10]  [Rel : 93.72]  [Tail : 86.96]  [ALL : 82.23]
2024-11-14 07:05:12,306 - [ 8/50]  [Valid LOSS: 7.7623]  [Valid ACC: 55.54]  [Head : 75.51]  [Rel : 78.42]  [Tail : 64.82]  [ALL : 51.54]
2024-11-14 07:06:17,851 - [ 9/50]  [TRAIN LOSS: 2.3405]  [TRAIN ACC: 88.25]  [Head : 97.26]  [Rel : 94.60]  [Tail : 88.09]  [ALL : 84.53]
2024-11-14 07:06:36,720 - [ 9/50]  [Valid LOSS: 7.6496]  [Valid ACC: 56.52]  [Head : 76.24]  [Rel : 78.07]  [Tail : 65.07]  [ALL : 51.89]
2024-11-14 07:07:42,624 - [10/50]  [TRAIN LOSS: 2.0191]  [TRAIN ACC: 90.49]  [Head : 98.20]  [Rel : 95.60]  [Tail : 89.15]  [ALL : 86.80]
2024-11-14 07:07:55,963 - [10/50]  [Valid LOSS: 7.6373]  [Valid ACC: 57.15]  [Head : 76.35]  [Rel : 77.61]  [Tail : 64.68]  [ALL : 51.33]
2024-11-14 07:09:01,347 - [11/50]  [TRAIN LOSS: 1.7790]  [TRAIN ACC: 92.20]  [Head : 98.73]  [Rel : 96.10]  [Tail : 90.08]  [ALL : 88.48]
2024-11-14 07:09:15,196 - [11/50]  [Valid LOSS: 7.5709]  [Valid ACC: 59.00]  [Head : 77.26]  [Rel : 78.38]  [Tail : 65.17]  [ALL : 52.63]
2024-11-14 07:10:20,316 - [12/50]  [TRAIN LOSS: 1.5963]  [TRAIN ACC: 93.27]  [Head : 99.15]  [Rel : 96.56]  [Tail : 90.72]  [ALL : 89.25]
2024-11-14 07:10:33,598 - [12/50]  [Valid LOSS: 7.5712]  [Valid ACC: 58.72]  [Head : 76.84]  [Rel : 77.58]  [Tail : 64.86]  [ALL : 52.14]
2024-11-14 07:11:45,386 - [13/50]  [TRAIN LOSS: 1.4284]  [TRAIN ACC: 94.48]  [Head : 99.46]  [Rel : 96.89]  [Tail : 91.64]  [ALL : 90.49]
2024-11-14 07:11:59,303 - [13/50]  [Valid LOSS: 7.5535]  [Valid ACC: 59.29]  [Head : 77.08]  [Rel : 78.35]  [Tail : 65.56]  [ALL : 53.33]
2024-11-14 07:13:05,131 - [14/50]  [TRAIN LOSS: 1.2850]  [TRAIN ACC: 95.39]  [Head : 99.67]  [Rel : 97.42]  [Tail : 91.89]  [ALL : 91.11]
2024-11-14 07:13:18,665 - [14/50]  [Valid LOSS: 7.5410]  [Valid ACC: 59.67]  [Head : 77.22]  [Rel : 78.03]  [Tail : 65.45]  [ALL : 53.12]
2024-11-14 07:14:24,356 - [15/50]  [TRAIN LOSS: 1.1721]  [TRAIN ACC: 96.23]  [Head : 99.73]  [Rel : 97.36]  [Tail : 92.26]  [ALL : 91.63]
2024-11-14 07:14:37,797 - [15/50]  [Valid LOSS: 7.5462]  [Valid ACC: 60.16]  [Head : 77.37]  [Rel : 78.28]  [Tail : 65.28]  [ALL : 52.91]
2024-11-14 07:15:48,416 - [16/50]  [TRAIN LOSS: 1.0808]  [TRAIN ACC: 96.73]  [Head : 99.76]  [Rel : 97.98]  [Tail : 92.57]  [ALL : 92.14]
2024-11-14 07:16:02,668 - [16/50]  [Valid LOSS: 7.5571]  [Valid ACC: 60.20]  [Head : 77.15]  [Rel : 78.17]  [Tail : 65.38]  [ALL : 53.26]
2024-11-14 07:17:08,416 - [17/50]  [TRAIN LOSS: 0.9810]  [TRAIN ACC: 97.24]  [Head : 99.82]  [Rel : 98.40]  [Tail : 92.98]  [ALL : 92.72]
2024-11-14 07:17:22,262 - [17/50]  [Valid LOSS: 7.5587]  [Valid ACC: 60.02]  [Head : 77.58]  [Rel : 77.89]  [Tail : 65.14]  [ALL : 53.12]
2024-11-14 07:18:28,850 - [18/50]  [TRAIN LOSS: 0.9273]  [TRAIN ACC: 97.53]  [Head : 99.82]  [Rel : 98.42]  [Tail : 93.09]  [ALL : 92.69]
2024-11-14 07:18:42,217 - [18/50]  [Valid LOSS: 7.5915]  [Valid ACC: 60.34]  [Head : 77.44]  [Rel : 78.31]  [Tail : 65.17]  [ALL : 53.33]
2024-11-14 07:19:50,359 - [19/50]  [TRAIN LOSS: 0.8447]  [TRAIN ACC: 98.03]  [Head : 99.90]  [Rel : 98.82]  [Tail : 93.79]  [ALL : 93.15]
2024-11-14 07:20:05,208 - [19/50]  [Valid LOSS: 7.6091]  [Valid ACC: 60.23]  [Head : 77.37]  [Rel : 78.07]  [Tail : 65.38]  [ALL : 53.12]
2024-11-14 07:21:13,403 - [20/50]  [TRAIN LOSS: 0.8030]  [TRAIN ACC: 98.20]  [Head : 99.96]  [Rel : 98.96]  [Tail : 93.46]  [ALL : 93.29]
2024-11-14 07:21:28,013 - [20/50]  [Valid LOSS: 7.5864]  [Valid ACC: 60.16]  [Head : 77.65]  [Rel : 78.07]  [Tail : 65.21]  [ALL : 53.40]
2024-11-14 07:22:36,434 - [21/50]  [TRAIN LOSS: 0.7281]  [TRAIN ACC: 98.61]  [Head : 99.98]  [Rel : 98.98]  [Tail : 94.09]  [ALL : 94.03]
2024-11-14 07:22:50,713 - [21/50]  [Valid LOSS: 7.6668]  [Valid ACC: 60.58]  [Head : 76.94]  [Rel : 77.68]  [Tail : 65.66]  [ALL : 53.96]
2024-11-14 07:23:58,886 - [22/50]  [TRAIN LOSS: 0.6769]  [TRAIN ACC: 98.69]  [Head : 99.95]  [Rel : 99.28]  [Tail : 94.37]  [ALL : 94.15]
2024-11-14 07:24:14,294 - [22/50]  [Valid LOSS: 7.6497]  [Valid ACC: 60.41]  [Head : 77.22]  [Rel : 77.51]  [Tail : 65.07]  [ALL : 53.05]
2024-11-14 07:25:23,519 - [23/50]  [TRAIN LOSS: 0.6403]  [TRAIN ACC: 98.91]  [Head : 99.95]  [Rel : 99.24]  [Tail : 94.61]  [ALL : 94.28]
2024-11-14 07:25:38,332 - [23/50]  [Valid LOSS: 7.6745]  [Valid ACC: 60.69]  [Head : 77.54]  [Rel : 77.65]  [Tail : 65.38]  [ALL : 53.57]
2024-11-14 07:26:45,411 - [24/50]  [TRAIN LOSS: 0.6032]  [TRAIN ACC: 99.10]  [Head : 99.95]  [Rel : 99.34]  [Tail : 94.80]  [ALL : 94.76]
2024-11-14 07:26:59,671 - [24/50]  [Valid LOSS: 7.6574]  [Valid ACC: 60.86]  [Head : 77.58]  [Rel : 77.54]  [Tail : 65.80]  [ALL : 53.75]
2024-11-14 07:28:07,033 - [25/50]  [TRAIN LOSS: 0.5776]  [TRAIN ACC: 99.20]  [Head : 99.99]  [Rel : 99.40]  [Tail : 95.09]  [ALL : 94.83]
2024-11-14 07:28:21,157 - [25/50]  [Valid LOSS: 7.6810]  [Valid ACC: 61.25]  [Head : 77.37]  [Rel : 77.65]  [Tail : 65.73]  [ALL : 53.36]
2024-11-14 07:29:28,290 - [26/50]  [TRAIN LOSS: 0.5319]  [TRAIN ACC: 99.33]  [Head : 99.98]  [Rel : 99.45]  [Tail : 95.09]  [ALL : 95.25]
2024-11-14 07:29:42,168 - [26/50]  [Valid LOSS: 7.7191]  [Valid ACC: 61.42]  [Head : 77.22]  [Rel : 78.03]  [Tail : 65.77]  [ALL : 53.82]
2024-11-14 07:30:48,575 - [27/50]  [TRAIN LOSS: 0.5082]  [TRAIN ACC: 99.37]  [Head : 99.96]  [Rel : 99.50]  [Tail : 95.65]  [ALL : 95.33]
2024-11-14 07:31:02,049 - [27/50]  [Valid LOSS: 7.7241]  [Valid ACC: 61.07]  [Head : 77.72]  [Rel : 77.75]  [Tail : 65.84]  [ALL : 54.24]
2024-11-14 07:32:07,752 - [28/50]  [TRAIN LOSS: 0.4961]  [TRAIN ACC: 99.22]  [Head : 100.00]  [Rel : 99.63]  [Tail : 95.81]  [ALL : 95.96]
2024-11-14 07:32:21,581 - [28/50]  [Valid LOSS: 7.7486]  [Valid ACC: 61.21]  [Head : 77.47]  [Rel : 77.58]  [Tail : 65.10]  [ALL : 53.71]
2024-11-14 07:33:28,046 - [29/50]  [TRAIN LOSS: 0.4595]  [TRAIN ACC: 99.38]  [Head : 100.00]  [Rel : 99.71]  [Tail : 96.00]  [ALL : 95.83]
2024-11-14 07:33:42,010 - [29/50]  [Valid LOSS: 7.7460]  [Valid ACC: 61.18]  [Head : 77.47]  [Rel : 78.07]  [Tail : 65.45]  [ALL : 53.75]
2024-11-14 07:34:47,881 - [30/50]  [TRAIN LOSS: 0.4229]  [TRAIN ACC: 99.52]  [Head : 99.98]  [Rel : 99.74]  [Tail : 96.31]  [ALL : 96.11]
2024-11-14 07:35:01,297 - [30/50]  [Valid LOSS: 7.7251]  [Valid ACC: 61.25]  [Head : 77.58]  [Rel : 77.89]  [Tail : 65.56]  [ALL : 53.85]
2024-11-14 07:36:07,510 - [31/50]  [TRAIN LOSS: 0.4009]  [TRAIN ACC: 99.63]  [Head : 99.99]  [Rel : 99.76]  [Tail : 96.33]  [ALL : 96.36]
2024-11-14 07:36:21,095 - [31/50]  [Valid LOSS: 7.7663]  [Valid ACC: 61.39]  [Head : 77.47]  [Rel : 77.58]  [Tail : 65.42]  [ALL : 53.43]
2024-11-14 07:37:26,736 - [32/50]  [TRAIN LOSS: 0.3776]  [TRAIN ACC: 99.61]  [Head : 100.00]  [Rel : 99.78]  [Tail : 96.71]  [ALL : 96.61]
2024-11-14 07:37:39,980 - [32/50]  [Valid LOSS: 7.8165]  [Valid ACC: 61.28]  [Head : 77.37]  [Rel : 78.00]  [Tail : 65.45]  [ALL : 53.89]
2024-11-14 07:38:45,625 - [33/50]  [TRAIN LOSS: 0.3573]  [TRAIN ACC: 99.68]  [Head : 99.99]  [Rel : 99.89]  [Tail : 96.60]  [ALL : 96.67]
2024-11-14 07:38:59,068 - [33/50]  [Valid LOSS: 7.7852]  [Valid ACC: 61.67]  [Head : 77.33]  [Rel : 77.79]  [Tail : 65.45]  [ALL : 53.71]
2024-11-14 07:40:04,936 - [34/50]  [TRAIN LOSS: 0.3514]  [TRAIN ACC: 99.63]  [Head : 100.00]  [Rel : 99.78]  [Tail : 96.63]  [ALL : 96.62]
2024-11-14 07:40:18,515 - [34/50]  [Valid LOSS: 7.8494]  [Valid ACC: 61.21]  [Head : 77.19]  [Rel : 77.61]  [Tail : 65.49]  [ALL : 53.71]
2024-11-14 07:41:24,093 - [35/50]  [TRAIN LOSS: 0.3321]  [TRAIN ACC: 99.67]  [Head : 100.00]  [Rel : 99.80]  [Tail : 96.97]  [ALL : 96.95]
2024-11-14 07:41:37,702 - [35/50]  [Valid LOSS: 7.8862]  [Valid ACC: 61.46]  [Head : 77.65]  [Rel : 77.89]  [Tail : 65.59]  [ALL : 54.06]
2024-11-14 07:42:43,089 - [36/50]  [TRAIN LOSS: 0.3199]  [TRAIN ACC: 99.68]  [Head : 99.99]  [Rel : 99.81]  [Tail : 97.07]  [ALL : 96.93]
2024-11-14 07:42:57,761 - [36/50]  [Valid LOSS: 7.8612]  [Valid ACC: 61.35]  [Head : 77.65]  [Rel : 77.61]  [Tail : 65.21]  [ALL : 53.61]
2024-11-14 07:44:03,428 - [37/50]  [TRAIN LOSS: 0.3042]  [TRAIN ACC: 99.75]  [Head : 99.99]  [Rel : 99.89]  [Tail : 97.18]  [ALL : 97.00]
2024-11-14 07:44:22,656 - [37/50]  [Valid LOSS: 7.8699]  [Valid ACC: 61.39]  [Head : 77.68]  [Rel : 77.33]  [Tail : 65.24]  [ALL : 53.61]
2024-11-14 07:45:28,234 - [38/50]  [TRAIN LOSS: 0.2894]  [TRAIN ACC: 99.70]  [Head : 100.00]  [Rel : 99.87]  [Tail : 97.18]  [ALL : 97.20]
2024-11-14 07:45:41,491 - [38/50]  [Valid LOSS: 7.8528]  [Valid ACC: 61.84]  [Head : 77.72]  [Rel : 77.51]  [Tail : 65.66]  [ALL : 53.99]
2024-11-14 07:46:47,026 - [39/50]  [TRAIN LOSS: 0.2891]  [TRAIN ACC: 99.74]  [Head : 100.00]  [Rel : 99.83]  [Tail : 97.34]  [ALL : 97.07]
2024-11-14 07:47:00,613 - [39/50]  [Valid LOSS: 7.9237]  [Valid ACC: 61.46]  [Head : 77.51]  [Rel : 77.44]  [Tail : 65.38]  [ALL : 53.85]
2024-11-14 07:48:06,264 - [40/50]  [TRAIN LOSS: 0.2706]  [TRAIN ACC: 99.68]  [Head : 100.00]  [Rel : 99.94]  [Tail : 97.41]  [ALL : 97.41]
2024-11-14 07:48:19,894 - [40/50]  [Valid LOSS: 7.9087]  [Valid ACC: 61.60]  [Head : 77.54]  [Rel : 77.86]  [Tail : 65.63]  [ALL : 53.85]
2024-11-14 07:49:25,730 - [41/50]  [TRAIN LOSS: 0.2574]  [TRAIN ACC: 99.75]  [Head : 100.00]  [Rel : 99.93]  [Tail : 97.70]  [ALL : 97.67]
2024-11-14 07:49:44,771 - [41/50]  [Valid LOSS: 7.9711]  [Valid ACC: 61.25]  [Head : 77.58]  [Rel : 77.40]  [Tail : 65.07]  [ALL : 53.47]
2024-11-14 07:50:50,175 - [42/50]  [TRAIN LOSS: 0.2515]  [TRAIN ACC: 99.79]  [Head : 100.00]  [Rel : 99.87]  [Tail : 97.57]  [ALL : 97.66]
2024-11-14 07:51:09,041 - [42/50]  [Valid LOSS: 7.9595]  [Valid ACC: 61.74]  [Head : 77.58]  [Rel : 77.82]  [Tail : 65.56]  [ALL : 54.03]
2024-11-14 07:52:14,561 - [43/50]  [TRAIN LOSS: 0.2376]  [TRAIN ACC: 99.78]  [Head : 100.00]  [Rel : 99.97]  [Tail : 97.79]  [ALL : 97.78]
2024-11-14 07:52:28,224 - [43/50]  [Valid LOSS: 7.9882]  [Valid ACC: 61.32]  [Head : 77.44]  [Rel : 77.58]  [Tail : 65.14]  [ALL : 53.54]
2024-11-14 07:53:33,838 - [44/50]  [TRAIN LOSS: 0.2247]  [TRAIN ACC: 99.76]  [Head : 100.00]  [Rel : 99.96]  [Tail : 97.93]  [ALL : 97.86]
2024-11-14 07:53:46,977 - [44/50]  [Valid LOSS: 7.9732]  [Valid ACC: 61.88]  [Head : 77.89]  [Rel : 77.61]  [Tail : 65.07]  [ALL : 53.54]
2024-11-14 07:54:52,659 - [45/50]  [TRAIN LOSS: 0.2179]  [TRAIN ACC: 99.81]  [Head : 100.00]  [Rel : 99.96]  [Tail : 98.03]  [ALL : 97.99]
2024-11-14 07:55:06,246 - [45/50]  [Valid LOSS: 7.9843]  [Valid ACC: 61.49]  [Head : 77.40]  [Rel : 77.82]  [Tail : 65.56]  [ALL : 53.82]
2024-11-14 07:56:11,484 - [46/50]  [TRAIN LOSS: 0.2115]  [TRAIN ACC: 99.77]  [Head : 100.00]  [Rel : 99.93]  [Tail : 98.09]  [ALL : 97.95]
2024-11-14 07:56:24,898 - [46/50]  [Valid LOSS: 8.0161]  [Valid ACC: 61.56]  [Head : 77.68]  [Rel : 77.68]  [Tail : 65.77]  [ALL : 53.96]
2024-11-14 07:57:30,111 - [47/50]  [TRAIN LOSS: 0.2023]  [TRAIN ACC: 99.82]  [Head : 100.00]  [Rel : 99.97]  [Tail : 98.24]  [ALL : 98.12]
2024-11-14 07:57:43,491 - [47/50]  [Valid LOSS: 8.0289]  [Valid ACC: 61.67]  [Head : 77.68]  [Rel : 77.61]  [Tail : 65.38]  [ALL : 53.85]
2024-11-14 07:58:48,721 - [48/50]  [TRAIN LOSS: 0.1962]  [TRAIN ACC: 99.83]  [Head : 100.00]  [Rel : 99.93]  [Tail : 98.20]  [ALL : 98.31]
2024-11-14 07:59:02,019 - [48/50]  [Valid LOSS: 8.0309]  [Valid ACC: 61.84]  [Head : 77.89]  [Rel : 77.26]  [Tail : 65.14]  [ALL : 53.89]
2024-11-14 08:00:06,834 - [49/50]  [TRAIN LOSS: 0.1883]  [TRAIN ACC: 99.84]  [Head : 99.99]  [Rel : 99.96]  [Tail : 98.35]  [ALL : 98.07]
2024-11-14 08:00:20,210 - [49/50]  [Valid LOSS: 8.0411]  [Valid ACC: 62.05]  [Head : 77.93]  [Rel : 77.65]  [Tail : 65.56]  [ALL : 54.10]
2024-11-14 08:00:21,398 - BEST EPOCH : 50.00, BEST VALID ACC : 62.05
