2024-11-13 08:38:03,587 - [ 0/50]  [TRAIN LOSS: 17.3123]  [TRAIN ACC: 10.85]  [Head : 23.89]  [Rel : 66.16]  [Tail : 26.29]  [ALL : 9.29]
2024-11-13 08:38:27,248 - [ 0/50]  [Valid LOSS: 12.5299]  [Valid ACC: 19.80]  [Head : 47.37]  [Rel : 73.62]  [Tail : 47.20]  [ALL : 23.72]
2024-11-13 08:40:35,029 - [ 1/50]  [TRAIN LOSS: 9.2490]  [TRAIN ACC: 39.94]  [Head : 64.34]  [Rel : 80.83]  [Tail : 57.30]  [ALL : 39.12]
2024-11-13 08:40:57,855 - [ 1/50]  [Valid LOSS: 9.1167]  [Valid ACC: 39.94]  [Head : 66.56]  [Rel : 78.56]  [Tail : 59.39]  [ALL : 41.49]
2024-11-13 08:43:05,416 - [ 2/50]  [TRAIN LOSS: 5.8321]  [TRAIN ACC: 62.90]  [Head : 81.76]  [Rel : 86.43]  [Tail : 69.77]  [ALL : 57.91]
2024-11-13 08:43:28,081 - [ 2/50]  [Valid LOSS: 7.7309]  [Valid ACC: 50.07]  [Head : 73.21]  [Rel : 80.10]  [Tail : 64.31]  [ALL : 48.58]
2024-11-13 08:45:34,950 - [ 3/50]  [TRAIN LOSS: 4.0726]  [TRAIN ACC: 75.48]  [Head : 90.17]  [Rel : 89.71]  [Tail : 77.07]  [ALL : 68.73]
2024-11-13 08:45:57,940 - [ 3/50]  [Valid LOSS: 7.1251]  [Valid ACC: 54.98]  [Head : 75.68]  [Rel : 79.71]  [Tail : 66.61]  [ALL : 51.72]
2024-11-13 08:48:05,558 - [ 4/50]  [TRAIN LOSS: 3.0107]  [TRAIN ACC: 82.92]  [Head : 94.60]  [Rel : 91.97]  [Tail : 81.96]  [ALL : 76.52]
2024-11-13 08:48:28,398 - [ 4/50]  [Valid LOSS: 6.7739]  [Valid ACC: 58.08]  [Head : 77.24]  [Rel : 80.12]  [Tail : 67.52]  [ALL : 53.71]
2024-11-13 08:50:35,993 - [ 5/50]  [TRAIN LOSS: 2.2993]  [TRAIN ACC: 88.22]  [Head : 97.22]  [Rel : 93.79]  [Tail : 85.60]  [ALL : 82.20]
2024-11-13 08:50:58,887 - [ 5/50]  [Valid LOSS: 6.6126]  [Valid ACC: 60.18]  [Head : 78.47]  [Rel : 79.52]  [Tail : 67.80]  [ALL : 54.57]
2024-11-13 08:53:05,827 - [ 6/50]  [TRAIN LOSS: 1.8196]  [TRAIN ACC: 91.31]  [Head : 98.57]  [Rel : 95.47]  [Tail : 88.31]  [ALL : 86.03]
2024-11-13 08:53:28,994 - [ 6/50]  [Valid LOSS: 6.4248]  [Valid ACC: 61.58]  [Head : 78.98]  [Rel : 80.54]  [Tail : 69.20]  [ALL : 56.13]
2024-11-13 08:55:35,803 - [ 7/50]  [TRAIN LOSS: 1.4661]  [TRAIN ACC: 93.38]  [Head : 99.22]  [Rel : 96.52]  [Tail : 90.40]  [ALL : 89.04]
2024-11-13 08:55:59,159 - [ 7/50]  [Valid LOSS: 6.3599]  [Valid ACC: 63.02]  [Head : 79.43]  [Rel : 80.47]  [Tail : 69.39]  [ALL : 56.67]
2024-11-13 08:58:06,424 - [ 8/50]  [TRAIN LOSS: 1.2158]  [TRAIN ACC: 94.78]  [Head : 99.67]  [Rel : 97.35]  [Tail : 91.78]  [ALL : 90.96]
2024-11-13 08:58:29,145 - [ 8/50]  [Valid LOSS: 6.3833]  [Valid ACC: 63.23]  [Head : 79.38]  [Rel : 79.96]  [Tail : 69.36]  [ALL : 56.55]
2024-11-13 09:00:36,935 - [ 9/50]  [TRAIN LOSS: 1.0196]  [TRAIN ACC: 96.04]  [Head : 99.82]  [Rel : 98.07]  [Tail : 92.96]  [ALL : 92.34]
2024-11-13 09:00:59,676 - [ 9/50]  [Valid LOSS: 6.3356]  [Valid ACC: 63.89]  [Head : 79.71]  [Rel : 80.52]  [Tail : 69.74]  [ALL : 57.01]
2024-11-13 09:03:07,819 - [10/50]  [TRAIN LOSS: 0.8712]  [TRAIN ACC: 97.00]  [Head : 99.89]  [Rel : 98.52]  [Tail : 94.01]  [ALL : 93.34]
2024-11-13 09:03:30,774 - [10/50]  [Valid LOSS: 6.3661]  [Valid ACC: 64.31]  [Head : 79.82]  [Rel : 80.29]  [Tail : 69.59]  [ALL : 57.04]
2024-11-13 09:05:38,415 - [11/50]  [TRAIN LOSS: 0.7556]  [TRAIN ACC: 97.67]  [Head : 99.89]  [Rel : 98.99]  [Tail : 94.74]  [ALL : 94.39]
2024-11-13 09:06:01,676 - [11/50]  [Valid LOSS: 6.3555]  [Valid ACC: 64.94]  [Head : 80.13]  [Rel : 80.29]  [Tail : 69.94]  [ALL : 57.59]
2024-11-13 09:08:08,891 - [12/50]  [TRAIN LOSS: 0.6596]  [TRAIN ACC: 98.22]  [Head : 99.92]  [Rel : 99.09]  [Tail : 95.45]  [ALL : 95.12]
2024-11-13 09:08:32,181 - [12/50]  [Valid LOSS: 6.3603]  [Valid ACC: 65.01]  [Head : 80.15]  [Rel : 80.24]  [Tail : 69.94]  [ALL : 57.43]
2024-11-13 09:10:39,522 - [13/50]  [TRAIN LOSS: 0.5815]  [TRAIN ACC: 98.59]  [Head : 99.97]  [Rel : 99.32]  [Tail : 95.83]  [ALL : 95.55]
2024-11-13 09:11:02,355 - [13/50]  [Valid LOSS: 6.3720]  [Valid ACC: 65.33]  [Head : 80.50]  [Rel : 80.52]  [Tail : 69.66]  [ALL : 57.76]
2024-11-13 09:13:10,008 - [14/50]  [TRAIN LOSS: 0.5178]  [TRAIN ACC: 98.90]  [Head : 99.95]  [Rel : 99.37]  [Tail : 96.23]  [ALL : 96.12]
2024-11-13 09:13:32,710 - [14/50]  [Valid LOSS: 6.4287]  [Valid ACC: 65.22]  [Head : 80.55]  [Rel : 80.47]  [Tail : 69.62]  [ALL : 57.78]
2024-11-13 09:15:39,749 - [15/50]  [TRAIN LOSS: 0.4722]  [TRAIN ACC: 98.91]  [Head : 99.99]  [Rel : 99.60]  [Tail : 96.70]  [ALL : 96.57]
2024-11-13 09:16:02,442 - [15/50]  [Valid LOSS: 6.4487]  [Valid ACC: 65.42]  [Head : 80.48]  [Rel : 80.48]  [Tail : 69.73]  [ALL : 57.69]
2024-11-13 09:18:10,016 - [16/50]  [TRAIN LOSS: 0.4150]  [TRAIN ACC: 99.15]  [Head : 99.98]  [Rel : 99.68]  [Tail : 96.99]  [ALL : 96.92]
2024-11-13 09:18:33,054 - [16/50]  [Valid LOSS: 6.4869]  [Valid ACC: 65.52]  [Head : 80.41]  [Rel : 80.24]  [Tail : 69.67]  [ALL : 57.78]
2024-11-13 09:20:40,586 - [17/50]  [TRAIN LOSS: 0.3765]  [TRAIN ACC: 99.30]  [Head : 99.98]  [Rel : 99.71]  [Tail : 97.31]  [ALL : 97.21]
2024-11-13 09:21:03,272 - [17/50]  [Valid LOSS: 6.4956]  [Valid ACC: 65.54]  [Head : 80.54]  [Rel : 80.29]  [Tail : 69.69]  [ALL : 57.81]
2024-11-13 09:23:11,606 - [18/50]  [TRAIN LOSS: 0.3433]  [TRAIN ACC: 99.44]  [Head : 99.98]  [Rel : 99.74]  [Tail : 97.50]  [ALL : 97.47]
2024-11-13 09:23:35,397 - [18/50]  [Valid LOSS: 6.5509]  [Valid ACC: 65.93]  [Head : 80.38]  [Rel : 80.24]  [Tail : 69.62]  [ALL : 57.69]
2024-11-13 09:25:43,090 - [19/50]  [TRAIN LOSS: 0.3197]  [TRAIN ACC: 99.44]  [Head : 100.00]  [Rel : 99.73]  [Tail : 97.67]  [ALL : 97.43]
2024-11-13 09:26:05,611 - [19/50]  [Valid LOSS: 6.5510]  [Valid ACC: 65.96]  [Head : 80.59]  [Rel : 80.10]  [Tail : 69.57]  [ALL : 57.67]
2024-11-13 09:28:12,760 - [20/50]  [TRAIN LOSS: 0.2890]  [TRAIN ACC: 99.59]  [Head : 100.00]  [Rel : 99.79]  [Tail : 97.78]  [ALL : 97.75]
2024-11-13 09:28:36,515 - [20/50]  [Valid LOSS: 6.5762]  [Valid ACC: 66.00]  [Head : 80.75]  [Rel : 80.26]  [Tail : 69.87]  [ALL : 58.04]
2024-11-13 09:30:44,058 - [21/50]  [TRAIN LOSS: 0.2632]  [TRAIN ACC: 99.66]  [Head : 100.00]  [Rel : 99.86]  [Tail : 98.09]  [ALL : 98.02]
2024-11-13 09:31:06,615 - [21/50]  [Valid LOSS: 6.6408]  [Valid ACC: 66.10]  [Head : 80.82]  [Rel : 80.20]  [Tail : 69.59]  [ALL : 58.02]
2024-11-13 09:33:13,712 - [22/50]  [TRAIN LOSS: 0.2454]  [TRAIN ACC: 99.68]  [Head : 100.00]  [Rel : 99.89]  [Tail : 98.18]  [ALL : 98.13]
2024-11-13 09:33:36,947 - [22/50]  [Valid LOSS: 6.6542]  [Valid ACC: 65.78]  [Head : 80.90]  [Rel : 80.40]  [Tail : 69.50]  [ALL : 57.97]
2024-11-13 09:35:43,862 - [23/50]  [TRAIN LOSS: 0.2288]  [TRAIN ACC: 99.70]  [Head : 100.00]  [Rel : 99.85]  [Tail : 98.36]  [ALL : 98.16]
2024-11-13 09:36:07,514 - [23/50]  [Valid LOSS: 6.6517]  [Valid ACC: 65.98]  [Head : 80.82]  [Rel : 80.26]  [Tail : 69.62]  [ALL : 57.90]
2024-11-13 09:38:15,095 - [24/50]  [TRAIN LOSS: 0.2133]  [TRAIN ACC: 99.73]  [Head : 100.00]  [Rel : 99.92]  [Tail : 98.36]  [ALL : 98.34]
2024-11-13 09:38:38,341 - [24/50]  [Valid LOSS: 6.6970]  [Valid ACC: 66.10]  [Head : 80.68]  [Rel : 80.33]  [Tail : 69.38]  [ALL : 57.69]
2024-11-13 09:40:45,253 - [25/50]  [TRAIN LOSS: 0.1986]  [TRAIN ACC: 99.74]  [Head : 100.00]  [Rel : 99.89]  [Tail : 98.46]  [ALL : 98.46]
2024-11-13 09:41:08,179 - [25/50]  [Valid LOSS: 6.6887]  [Valid ACC: 66.31]  [Head : 80.92]  [Rel : 80.27]  [Tail : 69.57]  [ALL : 58.06]
2024-11-13 09:43:15,016 - [26/50]  [TRAIN LOSS: 0.1854]  [TRAIN ACC: 99.76]  [Head : 100.00]  [Rel : 99.91]  [Tail : 98.55]  [ALL : 98.57]
2024-11-13 09:43:38,021 - [26/50]  [Valid LOSS: 6.7476]  [Valid ACC: 65.94]  [Head : 80.76]  [Rel : 80.68]  [Tail : 69.53]  [ALL : 57.95]
2024-11-13 09:45:44,720 - [27/50]  [TRAIN LOSS: 0.1722]  [TRAIN ACC: 99.77]  [Head : 100.00]  [Rel : 99.90]  [Tail : 98.63]  [ALL : 98.54]
2024-11-13 09:46:07,475 - [27/50]  [Valid LOSS: 6.7725]  [Valid ACC: 65.96]  [Head : 80.80]  [Rel : 80.45]  [Tail : 69.80]  [ALL : 58.15]
2024-11-13 09:48:14,620 - [28/50]  [TRAIN LOSS: 0.1618]  [TRAIN ACC: 99.79]  [Head : 100.00]  [Rel : 99.89]  [Tail : 98.75]  [ALL : 98.70]
2024-11-13 09:48:38,135 - [28/50]  [Valid LOSS: 6.8174]  [Valid ACC: 66.19]  [Head : 80.96]  [Rel : 80.10]  [Tail : 69.81]  [ALL : 58.16]
2024-11-13 09:50:45,200 - [29/50]  [TRAIN LOSS: 0.1528]  [TRAIN ACC: 99.81]  [Head : 100.00]  [Rel : 99.93]  [Tail : 98.77]  [ALL : 98.71]
2024-11-13 09:51:08,209 - [29/50]  [Valid LOSS: 6.7890]  [Valid ACC: 66.05]  [Head : 81.04]  [Rel : 80.47]  [Tail : 69.67]  [ALL : 58.32]
2024-11-13 09:53:15,820 - [30/50]  [TRAIN LOSS: 1.0416]  [TRAIN ACC: 95.66]  [Head : 98.66]  [Rel : 94.30]  [Tail : 91.43]  [ALL : 89.45]
2024-11-13 09:53:38,796 - [30/50]  [Valid LOSS: 8.7670]  [Valid ACC: 46.51]  [Head : 68.71]  [Rel : 71.22]  [Tail : 49.84]  [ALL : 33.55]
2024-11-13 09:55:46,463 - [31/50]  [TRAIN LOSS: 2.3984]  [TRAIN ACC: 90.36]  [Head : 96.15]  [Rel : 84.07]  [Tail : 72.43]  [ALL : 66.72]
2024-11-13 09:56:08,965 - [31/50]  [Valid LOSS: 6.1146]  [Valid ACC: 64.05]  [Head : 80.03]  [Rel : 79.80]  [Tail : 68.52]  [ALL : 55.31]
2024-11-13 09:58:16,189 - [32/50]  [TRAIN LOSS: 0.6678]  [TRAIN ACC: 98.23]  [Head : 99.89]  [Rel : 95.62]  [Tail : 90.72]  [ALL : 89.01]
2024-11-13 09:58:38,756 - [32/50]  [Valid LOSS: 6.0759]  [Valid ACC: 65.59]  [Head : 80.36]  [Rel : 79.99]  [Tail : 69.90]  [ALL : 57.31]
2024-11-13 10:00:45,791 - [33/50]  [TRAIN LOSS: 0.3622]  [TRAIN ACC: 99.15]  [Head : 99.98]  [Rel : 98.62]  [Tail : 95.72]  [ALL : 95.06]
2024-11-13 10:01:08,790 - [33/50]  [Valid LOSS: 6.1174]  [Valid ACC: 66.00]  [Head : 80.64]  [Rel : 80.36]  [Tail : 70.55]  [ALL : 57.97]
2024-11-13 10:03:16,332 - [34/50]  [TRAIN LOSS: 0.2742]  [TRAIN ACC: 99.51]  [Head : 99.99]  [Rel : 99.46]  [Tail : 97.29]  [ALL : 96.95]
2024-11-13 10:03:39,132 - [34/50]  [Valid LOSS: 6.1675]  [Valid ACC: 66.10]  [Head : 80.62]  [Rel : 80.36]  [Tail : 70.71]  [ALL : 58.20]
2024-11-13 10:05:46,691 - [35/50]  [TRAIN LOSS: 0.2324]  [TRAIN ACC: 99.69]  [Head : 100.00]  [Rel : 99.66]  [Tail : 97.88]  [ALL : 97.77]
2024-11-13 10:06:09,257 - [35/50]  [Valid LOSS: 6.2435]  [Valid ACC: 66.12]  [Head : 80.57]  [Rel : 80.27]  [Tail : 70.62]  [ALL : 58.25]
2024-11-13 10:08:16,629 - [36/50]  [TRAIN LOSS: 0.2002]  [TRAIN ACC: 99.75]  [Head : 100.00]  [Rel : 99.85]  [Tail : 98.45]  [ALL : 98.40]
2024-11-13 10:08:39,217 - [36/50]  [Valid LOSS: 6.2775]  [Valid ACC: 66.28]  [Head : 80.66]  [Rel : 80.55]  [Tail : 70.71]  [ALL : 58.50]
2024-11-13 10:10:47,516 - [37/50]  [TRAIN LOSS: 0.1803]  [TRAIN ACC: 99.79]  [Head : 99.99]  [Rel : 99.86]  [Tail : 98.59]  [ALL : 98.54]
2024-11-13 10:11:10,589 - [37/50]  [Valid LOSS: 6.3475]  [Valid ACC: 66.31]  [Head : 80.59]  [Rel : 80.38]  [Tail : 70.76]  [ALL : 58.65]
2024-11-13 10:13:20,050 - [38/50]  [TRAIN LOSS: 0.1632]  [TRAIN ACC: 99.81]  [Head : 100.00]  [Rel : 99.89]  [Tail : 98.86]  [ALL : 98.73]
2024-11-13 10:13:43,623 - [38/50]  [Valid LOSS: 6.3699]  [Valid ACC: 66.45]  [Head : 80.66]  [Rel : 80.54]  [Tail : 70.67]  [ALL : 58.55]
2024-11-13 10:15:50,633 - [39/50]  [TRAIN LOSS: 0.1485]  [TRAIN ACC: 99.86]  [Head : 100.00]  [Rel : 99.92]  [Tail : 99.01]  [ALL : 98.97]
2024-11-13 10:16:13,489 - [39/50]  [Valid LOSS: 6.4141]  [Valid ACC: 66.54]  [Head : 80.80]  [Rel : 80.59]  [Tail : 70.52]  [ALL : 58.71]
2024-11-13 10:18:20,567 - [40/50]  [TRAIN LOSS: 0.1352]  [TRAIN ACC: 99.87]  [Head : 100.00]  [Rel : 99.97]  [Tail : 99.15]  [ALL : 99.13]
2024-11-13 10:18:43,485 - [40/50]  [Valid LOSS: 6.4266]  [Valid ACC: 66.64]  [Head : 81.03]  [Rel : 80.54]  [Tail : 70.55]  [ALL : 58.86]
2024-11-13 10:20:50,846 - [41/50]  [TRAIN LOSS: 0.1253]  [TRAIN ACC: 99.88]  [Head : 100.00]  [Rel : 99.96]  [Tail : 99.28]  [ALL : 99.27]
2024-11-13 10:21:14,143 - [41/50]  [Valid LOSS: 6.4707]  [Valid ACC: 66.70]  [Head : 80.96]  [Rel : 80.47]  [Tail : 70.74]  [ALL : 58.79]
2024-11-13 10:23:21,494 - [42/50]  [TRAIN LOSS: 0.1153]  [TRAIN ACC: 99.92]  [Head : 100.00]  [Rel : 99.97]  [Tail : 99.33]  [ALL : 99.29]
2024-11-13 10:23:44,561 - [42/50]  [Valid LOSS: 6.4986]  [Valid ACC: 66.78]  [Head : 81.01]  [Rel : 80.17]  [Tail : 70.62]  [ALL : 58.88]
2024-11-13 10:25:51,693 - [43/50]  [TRAIN LOSS: 0.1085]  [TRAIN ACC: 99.91]  [Head : 100.00]  [Rel : 99.97]  [Tail : 99.38]  [ALL : 99.29]
2024-11-13 10:26:14,328 - [43/50]  [Valid LOSS: 6.5377]  [Valid ACC: 66.82]  [Head : 81.01]  [Rel : 80.47]  [Tail : 70.73]  [ALL : 59.00]
2024-11-13 10:28:21,909 - [44/50]  [TRAIN LOSS: 0.1008]  [TRAIN ACC: 99.94]  [Head : 100.00]  [Rel : 99.98]  [Tail : 99.51]  [ALL : 99.46]
2024-11-13 10:28:44,953 - [44/50]  [Valid LOSS: 6.5836]  [Valid ACC: 66.77]  [Head : 80.97]  [Rel : 80.33]  [Tail : 70.69]  [ALL : 58.88]
2024-11-13 10:30:52,225 - [45/50]  [TRAIN LOSS: 0.0953]  [TRAIN ACC: 99.92]  [Head : 100.00]  [Rel : 99.96]  [Tail : 99.44]  [ALL : 99.40]
2024-11-13 10:31:15,268 - [45/50]  [Valid LOSS: 6.6103]  [Valid ACC: 66.56]  [Head : 80.97]  [Rel : 80.15]  [Tail : 70.50]  [ALL : 58.65]
2024-11-13 10:33:22,903 - [46/50]  [TRAIN LOSS: 0.0888]  [TRAIN ACC: 99.93]  [Head : 100.00]  [Rel : 99.97]  [Tail : 99.46]  [ALL : 99.48]
2024-11-13 10:33:45,775 - [46/50]  [Valid LOSS: 6.6344]  [Valid ACC: 66.59]  [Head : 80.97]  [Rel : 80.31]  [Tail : 70.48]  [ALL : 58.64]
2024-11-13 10:35:53,394 - [47/50]  [TRAIN LOSS: 0.0837]  [TRAIN ACC: 99.94]  [Head : 100.00]  [Rel : 99.96]  [Tail : 99.51]  [ALL : 99.52]
2024-11-13 10:36:16,133 - [47/50]  [Valid LOSS: 6.6436]  [Valid ACC: 66.94]  [Head : 81.08]  [Rel : 80.43]  [Tail : 70.66]  [ALL : 59.02]
2024-11-13 10:38:23,512 - [48/50]  [TRAIN LOSS: 0.0782]  [TRAIN ACC: 99.95]  [Head : 100.00]  [Rel : 99.99]  [Tail : 99.51]  [ALL : 99.47]
2024-11-13 10:38:46,543 - [48/50]  [Valid LOSS: 6.6916]  [Valid ACC: 66.63]  [Head : 81.04]  [Rel : 80.45]  [Tail : 70.64]  [ALL : 58.92]
2024-11-13 10:40:53,272 - [49/50]  [TRAIN LOSS: 0.0752]  [TRAIN ACC: 99.94]  [Head : 100.00]  [Rel : 99.97]  [Tail : 99.59]  [ALL : 99.57]
2024-11-13 10:41:15,835 - [49/50]  [Valid LOSS: 6.7175]  [Valid ACC: 66.85]  [Head : 81.18]  [Rel : 80.10]  [Tail : 70.62]  [ALL : 58.92]
2024-11-13 10:41:17,010 - BEST EPOCH : 48.00, BEST VALID ACC : 66.94
