2024-11-14 02:36:46,779 - [ 0/50]  [TRAIN LOSS: 19.6474]  [TRAIN ACC: 6.42]  [Head : 13.04]  [Rel : 62.39]  [Tail : 19.77]  [ALL : 3.50]
2024-11-14 02:37:00,319 - [ 0/50]  [Valid LOSS: 15.7470]  [Valid ACC: 10.02]  [Head : 27.47]  [Rel : 71.02]  [Tail : 35.88]  [ALL : 10.16]
2024-11-14 02:38:06,183 - [ 1/50]  [TRAIN LOSS: 13.0678]  [TRAIN ACC: 20.65]  [Head : 42.02]  [Rel : 75.71]  [Tail : 46.97]  [ALL : 21.87]
2024-11-14 02:38:19,589 - [ 1/50]  [Valid LOSS: 12.2068]  [Valid ACC: 22.07]  [Head : 49.61]  [Rel : 74.25]  [Tail : 50.74]  [ALL : 27.51]
2024-11-14 02:39:24,968 - [ 2/50]  [TRAIN LOSS: 9.3620]  [TRAIN ACC: 39.75]  [Head : 62.24]  [Rel : 81.48]  [Tail : 59.74]  [ALL : 39.20]
2024-11-14 02:39:38,338 - [ 2/50]  [Valid LOSS: 10.3043]  [Valid ACC: 34.09]  [Head : 60.79]  [Rel : 77.19]  [Tail : 56.76]  [ALL : 37.07]
2024-11-14 02:40:43,532 - [ 3/50]  [TRAIN LOSS: 7.0888]  [TRAIN ACC: 54.73]  [Head : 74.95]  [Rel : 85.21]  [Tail : 67.72]  [ALL : 51.94]
2024-11-14 02:40:57,150 - [ 3/50]  [Valid LOSS: 9.3195]  [Valid ACC: 42.15]  [Head : 66.47]  [Rel : 77.47]  [Tail : 59.22]  [ALL : 42.47]
2024-11-14 02:42:02,713 - [ 4/50]  [TRAIN LOSS: 5.5931]  [TRAIN ACC: 64.86]  [Head : 82.47]  [Rel : 88.03]  [Tail : 73.36]  [ALL : 60.81]
2024-11-14 02:42:16,036 - [ 4/50]  [Valid LOSS: 8.6202]  [Valid ACC: 46.92]  [Head : 70.64]  [Rel : 76.91]  [Tail : 61.70]  [ALL : 45.55]
2024-11-14 02:43:21,655 - [ 5/50]  [TRAIN LOSS: 4.5348]  [TRAIN ACC: 71.79]  [Head : 88.02]  [Rel : 90.40]  [Tail : 77.85]  [ALL : 68.30]
2024-11-14 02:43:35,650 - [ 5/50]  [Valid LOSS: 8.1786]  [Valid ACC: 50.21]  [Head : 72.67]  [Rel : 78.28]  [Tail : 64.19]  [ALL : 48.91]
2024-11-14 02:44:41,072 - [ 6/50]  [TRAIN LOSS: 3.7566]  [TRAIN ACC: 77.83]  [Head : 91.40]  [Rel : 91.69]  [Tail : 81.32]  [ALL : 73.78]
2024-11-14 02:44:54,481 - [ 6/50]  [Valid LOSS: 7.9019]  [Valid ACC: 52.00]  [Head : 74.67]  [Rel : 78.03]  [Tail : 63.88]  [ALL : 49.65]
2024-11-14 02:45:59,952 - [ 7/50]  [TRAIN LOSS: 3.1773]  [TRAIN ACC: 81.40]  [Head : 94.22]  [Rel : 92.93]  [Tail : 84.62]  [ALL : 78.62]
2024-11-14 02:46:13,216 - [ 7/50]  [Valid LOSS: 7.7734]  [Valid ACC: 52.73]  [Head : 75.47]  [Rel : 77.26]  [Tail : 64.51]  [ALL : 50.46]
2024-11-14 02:47:18,831 - [ 8/50]  [TRAIN LOSS: 2.7177]  [TRAIN ACC: 85.41]  [Head : 96.05]  [Rel : 93.70]  [Tail : 87.04]  [ALL : 82.08]
2024-11-14 02:47:32,023 - [ 8/50]  [Valid LOSS: 7.6561]  [Valid ACC: 54.91]  [Head : 75.93]  [Rel : 78.03]  [Tail : 65.00]  [ALL : 51.58]
2024-11-14 02:48:37,333 - [ 9/50]  [TRAIN LOSS: 2.3393]  [TRAIN ACC: 88.32]  [Head : 97.20]  [Rel : 94.52]  [Tail : 88.24]  [ALL : 85.27]
2024-11-14 02:48:51,037 - [ 9/50]  [Valid LOSS: 7.5452]  [Valid ACC: 55.82]  [Head : 76.24]  [Rel : 77.12]  [Tail : 65.24]  [ALL : 51.33]
2024-11-14 02:49:56,210 - [10/50]  [TRAIN LOSS: 2.0217]  [TRAIN ACC: 90.31]  [Head : 98.14]  [Rel : 95.58]  [Tail : 89.88]  [ALL : 87.47]
2024-11-14 02:50:09,793 - [10/50]  [Valid LOSS: 7.4620]  [Valid ACC: 57.11]  [Head : 76.77]  [Rel : 77.54]  [Tail : 64.65]  [ALL : 51.68]
2024-11-14 02:51:15,008 - [11/50]  [TRAIN LOSS: 1.7779]  [TRAIN ACC: 92.00]  [Head : 98.73]  [Rel : 95.91]  [Tail : 90.64]  [ALL : 88.79]
2024-11-14 02:51:28,706 - [11/50]  [Valid LOSS: 7.4320]  [Valid ACC: 57.25]  [Head : 77.01]  [Rel : 78.00]  [Tail : 64.96]  [ALL : 51.89]
2024-11-14 02:52:33,945 - [12/50]  [TRAIN LOSS: 1.5979]  [TRAIN ACC: 93.22]  [Head : 99.23]  [Rel : 96.43]  [Tail : 91.07]  [ALL : 89.76]
2024-11-14 02:52:47,640 - [12/50]  [Valid LOSS: 7.3651]  [Valid ACC: 58.30]  [Head : 77.54]  [Rel : 77.15]  [Tail : 64.86]  [ALL : 51.75]
2024-11-14 02:53:57,754 - [13/50]  [TRAIN LOSS: 1.4375]  [TRAIN ACC: 94.38]  [Head : 99.42]  [Rel : 96.75]  [Tail : 91.56]  [ALL : 90.42]
2024-11-14 02:54:10,934 - [13/50]  [Valid LOSS: 7.4175]  [Valid ACC: 57.95]  [Head : 77.33]  [Rel : 77.58]  [Tail : 65.31]  [ALL : 52.07]
2024-11-14 02:55:16,186 - [14/50]  [TRAIN LOSS: 1.2957]  [TRAIN ACC: 95.20]  [Head : 99.67]  [Rel : 97.16]  [Tail : 92.26]  [ALL : 91.31]
2024-11-14 02:55:29,940 - [14/50]  [Valid LOSS: 7.3821]  [Valid ACC: 58.62]  [Head : 77.37]  [Rel : 77.96]  [Tail : 65.21]  [ALL : 52.07]
2024-11-14 02:56:40,391 - [15/50]  [TRAIN LOSS: 1.1698]  [TRAIN ACC: 96.02]  [Head : 99.78]  [Rel : 97.70]  [Tail : 92.35]  [ALL : 91.51]
2024-11-14 02:56:53,858 - [15/50]  [Valid LOSS: 7.3718]  [Valid ACC: 59.15]  [Head : 77.89]  [Rel : 77.54]  [Tail : 64.37]  [ALL : 52.14]
2024-11-14 02:57:59,365 - [16/50]  [TRAIN LOSS: 1.0709]  [TRAIN ACC: 96.69]  [Head : 99.83]  [Rel : 97.93]  [Tail : 92.74]  [ALL : 92.29]
2024-11-14 02:58:13,316 - [16/50]  [Valid LOSS: 7.3410]  [Valid ACC: 59.74]  [Head : 78.00]  [Rel : 77.30]  [Tail : 65.24]  [ALL : 51.96]
2024-11-14 02:59:18,749 - [17/50]  [TRAIN LOSS: 0.9796]  [TRAIN ACC: 97.15]  [Head : 99.88]  [Rel : 98.28]  [Tail : 93.10]  [ALL : 92.52]
2024-11-14 02:59:32,083 - [17/50]  [Valid LOSS: 7.3417]  [Valid ACC: 60.09]  [Head : 77.89]  [Rel : 77.79]  [Tail : 65.38]  [ALL : 52.70]
2024-11-14 03:00:37,244 - [18/50]  [TRAIN LOSS: 0.9331]  [TRAIN ACC: 97.50]  [Head : 99.88]  [Rel : 98.45]  [Tail : 93.11]  [ALL : 92.98]
2024-11-14 03:00:50,772 - [18/50]  [Valid LOSS: 7.3775]  [Valid ACC: 59.95]  [Head : 77.86]  [Rel : 77.68]  [Tail : 65.31]  [ALL : 52.31]
2024-11-14 03:01:56,285 - [19/50]  [TRAIN LOSS: 0.8620]  [TRAIN ACC: 97.81]  [Head : 99.90]  [Rel : 98.41]  [Tail : 93.25]  [ALL : 93.08]
2024-11-14 03:02:09,762 - [19/50]  [Valid LOSS: 7.3640]  [Valid ACC: 60.23]  [Head : 78.10]  [Rel : 77.72]  [Tail : 65.28]  [ALL : 52.24]
2024-11-14 03:03:15,727 - [20/50]  [TRAIN LOSS: 0.8002]  [TRAIN ACC: 98.17]  [Head : 99.91]  [Rel : 98.74]  [Tail : 93.80]  [ALL : 93.20]
2024-11-14 03:03:28,922 - [20/50]  [Valid LOSS: 7.3542]  [Valid ACC: 60.51]  [Head : 78.14]  [Rel : 77.79]  [Tail : 65.24]  [ALL : 52.14]
2024-11-14 03:04:34,008 - [21/50]  [TRAIN LOSS: 0.7225]  [TRAIN ACC: 98.42]  [Head : 99.95]  [Rel : 99.07]  [Tail : 94.04]  [ALL : 94.00]
2024-11-14 03:04:47,314 - [21/50]  [Valid LOSS: 7.3605]  [Valid ACC: 61.11]  [Head : 78.28]  [Rel : 78.24]  [Tail : 65.38]  [ALL : 52.84]
2024-11-14 03:05:52,526 - [22/50]  [TRAIN LOSS: 0.6746]  [TRAIN ACC: 98.64]  [Head : 99.96]  [Rel : 99.15]  [Tail : 94.45]  [ALL : 94.15]
2024-11-14 03:06:05,725 - [22/50]  [Valid LOSS: 7.3948]  [Valid ACC: 60.69]  [Head : 78.24]  [Rel : 77.75]  [Tail : 65.63]  [ALL : 52.59]
2024-11-14 03:07:11,197 - [23/50]  [TRAIN LOSS: 0.6367]  [TRAIN ACC: 98.68]  [Head : 99.96]  [Rel : 99.33]  [Tail : 94.52]  [ALL : 94.29]
2024-11-14 03:07:24,621 - [23/50]  [Valid LOSS: 7.4247]  [Valid ACC: 60.79]  [Head : 78.35]  [Rel : 77.61]  [Tail : 65.03]  [ALL : 52.77]
2024-11-14 03:08:30,290 - [24/50]  [TRAIN LOSS: 0.6116]  [TRAIN ACC: 98.86]  [Head : 99.97]  [Rel : 99.23]  [Tail : 94.88]  [ALL : 94.27]
2024-11-14 03:08:43,645 - [24/50]  [Valid LOSS: 7.4199]  [Valid ACC: 60.62]  [Head : 78.00]  [Rel : 76.98]  [Tail : 65.17]  [ALL : 52.21]
2024-11-14 03:09:48,809 - [25/50]  [TRAIN LOSS: 0.5711]  [TRAIN ACC: 99.04]  [Head : 99.96]  [Rel : 99.39]  [Tail : 95.03]  [ALL : 94.83]
2024-11-14 03:10:02,431 - [25/50]  [Valid LOSS: 7.4019]  [Valid ACC: 61.42]  [Head : 78.45]  [Rel : 77.61]  [Tail : 65.10]  [ALL : 52.84]
2024-11-14 03:11:07,809 - [26/50]  [TRAIN LOSS: 0.5328]  [TRAIN ACC: 99.19]  [Head : 99.99]  [Rel : 99.48]  [Tail : 95.19]  [ALL : 95.01]
2024-11-14 03:11:21,713 - [26/50]  [Valid LOSS: 7.4321]  [Valid ACC: 61.11]  [Head : 78.24]  [Rel : 77.44]  [Tail : 65.35]  [ALL : 52.42]
2024-11-14 03:12:27,364 - [27/50]  [TRAIN LOSS: 0.5093]  [TRAIN ACC: 99.36]  [Head : 99.98]  [Rel : 99.42]  [Tail : 95.44]  [ALL : 95.18]
2024-11-14 03:12:45,800 - [27/50]  [Valid LOSS: 7.4544]  [Valid ACC: 60.93]  [Head : 78.42]  [Rel : 77.58]  [Tail : 65.52]  [ALL : 52.91]
2024-11-14 03:13:51,020 - [28/50]  [TRAIN LOSS: 0.4850]  [TRAIN ACC: 99.33]  [Head : 99.98]  [Rel : 99.53]  [Tail : 95.64]  [ALL : 95.55]
2024-11-14 03:14:05,029 - [28/50]  [Valid LOSS: 7.4742]  [Valid ACC: 61.49]  [Head : 78.45]  [Rel : 77.75]  [Tail : 65.31]  [ALL : 53.15]
2024-11-14 03:15:10,784 - [29/50]  [TRAIN LOSS: 0.4465]  [TRAIN ACC: 99.36]  [Head : 100.00]  [Rel : 99.74]  [Tail : 96.07]  [ALL : 95.76]
2024-11-14 03:15:24,439 - [29/50]  [Valid LOSS: 7.4546]  [Valid ACC: 61.39]  [Head : 78.24]  [Rel : 78.00]  [Tail : 65.45]  [ALL : 52.94]
2024-11-14 03:16:30,198 - [30/50]  [TRAIN LOSS: 0.4237]  [TRAIN ACC: 99.51]  [Head : 99.99]  [Rel : 99.69]  [Tail : 96.01]  [ALL : 95.94]
2024-11-14 03:16:43,645 - [30/50]  [Valid LOSS: 7.4829]  [Valid ACC: 60.93]  [Head : 78.42]  [Rel : 77.51]  [Tail : 65.14]  [ALL : 52.84]
2024-11-14 03:17:48,979 - [31/50]  [TRAIN LOSS: 0.4034]  [TRAIN ACC: 99.54]  [Head : 99.99]  [Rel : 99.79]  [Tail : 96.23]  [ALL : 96.03]
2024-11-14 03:18:02,713 - [31/50]  [Valid LOSS: 7.4738]  [Valid ACC: 61.74]  [Head : 78.42]  [Rel : 77.51]  [Tail : 65.56]  [ALL : 52.94]
2024-11-14 03:19:08,249 - [32/50]  [TRAIN LOSS: 0.3896]  [TRAIN ACC: 99.55]  [Head : 99.99]  [Rel : 99.70]  [Tail : 96.66]  [ALL : 96.47]
2024-11-14 03:19:21,451 - [32/50]  [Valid LOSS: 7.5203]  [Valid ACC: 61.67]  [Head : 78.21]  [Rel : 77.72]  [Tail : 65.52]  [ALL : 52.84]
2024-11-14 03:20:26,769 - [33/50]  [TRAIN LOSS: 0.3681]  [TRAIN ACC: 99.58]  [Head : 100.00]  [Rel : 99.73]  [Tail : 96.66]  [ALL : 96.47]
2024-11-14 03:20:40,111 - [33/50]  [Valid LOSS: 7.4825]  [Valid ACC: 62.05]  [Head : 78.56]  [Rel : 77.61]  [Tail : 65.38]  [ALL : 53.01]
2024-11-14 03:21:45,482 - [34/50]  [TRAIN LOSS: 0.3692]  [TRAIN ACC: 99.55]  [Head : 99.99]  [Rel : 99.75]  [Tail : 96.57]  [ALL : 96.38]
2024-11-14 03:21:59,538 - [34/50]  [Valid LOSS: 7.5295]  [Valid ACC: 61.91]  [Head : 78.56]  [Rel : 77.61]  [Tail : 65.49]  [ALL : 53.15]
2024-11-14 03:23:05,167 - [35/50]  [TRAIN LOSS: 0.3387]  [TRAIN ACC: 99.65]  [Head : 100.00]  [Rel : 99.72]  [Tail : 96.79]  [ALL : 96.72]
2024-11-14 03:23:18,607 - [35/50]  [Valid LOSS: 7.5586]  [Valid ACC: 61.67]  [Head : 78.28]  [Rel : 77.93]  [Tail : 65.38]  [ALL : 53.15]
2024-11-14 03:24:24,314 - [36/50]  [TRAIN LOSS: 0.3269]  [TRAIN ACC: 99.68]  [Head : 100.00]  [Rel : 99.83]  [Tail : 96.88]  [ALL : 96.68]
2024-11-14 03:24:37,617 - [36/50]  [Valid LOSS: 7.5569]  [Valid ACC: 61.88]  [Head : 78.42]  [Rel : 77.75]  [Tail : 65.42]  [ALL : 53.08]
2024-11-14 03:25:42,963 - [37/50]  [TRAIN LOSS: 0.3057]  [TRAIN ACC: 99.67]  [Head : 100.00]  [Rel : 99.89]  [Tail : 97.09]  [ALL : 96.98]
2024-11-14 03:25:56,341 - [37/50]  [Valid LOSS: 7.5439]  [Valid ACC: 62.44]  [Head : 78.70]  [Rel : 77.72]  [Tail : 65.87]  [ALL : 53.19]
2024-11-14 03:27:01,860 - [38/50]  [TRAIN LOSS: 0.2886]  [TRAIN ACC: 99.72]  [Head : 100.00]  [Rel : 99.91]  [Tail : 97.11]  [ALL : 97.21]
2024-11-14 03:27:15,632 - [38/50]  [Valid LOSS: 7.5880]  [Valid ACC: 62.12]  [Head : 78.42]  [Rel : 77.47]  [Tail : 65.38]  [ALL : 52.87]
2024-11-14 03:28:20,966 - [39/50]  [TRAIN LOSS: 0.2784]  [TRAIN ACC: 99.75]  [Head : 99.99]  [Rel : 99.85]  [Tail : 97.56]  [ALL : 97.26]
2024-11-14 03:28:34,523 - [39/50]  [Valid LOSS: 7.5949]  [Valid ACC: 62.61]  [Head : 78.70]  [Rel : 77.44]  [Tail : 65.94]  [ALL : 53.33]
2024-11-14 03:29:39,832 - [40/50]  [TRAIN LOSS: 0.2672]  [TRAIN ACC: 99.68]  [Head : 99.99]  [Rel : 99.92]  [Tail : 97.50]  [ALL : 97.54]
2024-11-14 03:29:53,044 - [40/50]  [Valid LOSS: 7.5992]  [Valid ACC: 62.26]  [Head : 78.56]  [Rel : 77.68]  [Tail : 65.52]  [ALL : 52.98]
2024-11-14 03:30:58,162 - [41/50]  [TRAIN LOSS: 0.2568]  [TRAIN ACC: 99.78]  [Head : 100.00]  [Rel : 99.91]  [Tail : 97.44]  [ALL : 97.38]
2024-11-14 03:31:11,722 - [41/50]  [Valid LOSS: 7.6166]  [Valid ACC: 62.51]  [Head : 78.52]  [Rel : 77.47]  [Tail : 65.45]  [ALL : 53.19]
2024-11-14 03:32:17,438 - [42/50]  [TRAIN LOSS: 0.2476]  [TRAIN ACC: 99.78]  [Head : 100.00]  [Rel : 99.87]  [Tail : 97.59]  [ALL : 97.63]
2024-11-14 03:32:30,820 - [42/50]  [Valid LOSS: 7.6833]  [Valid ACC: 61.53]  [Head : 78.52]  [Rel : 77.68]  [Tail : 65.56]  [ALL : 53.26]
2024-11-14 03:33:36,238 - [43/50]  [TRAIN LOSS: 0.2374]  [TRAIN ACC: 99.73]  [Head : 100.00]  [Rel : 99.93]  [Tail : 97.83]  [ALL : 97.78]
2024-11-14 03:33:49,500 - [43/50]  [Valid LOSS: 7.6664]  [Valid ACC: 62.51]  [Head : 78.73]  [Rel : 77.58]  [Tail : 65.80]  [ALL : 53.43]
2024-11-14 03:34:54,647 - [44/50]  [TRAIN LOSS: 0.2279]  [TRAIN ACC: 99.78]  [Head : 100.00]  [Rel : 99.93]  [Tail : 97.99]  [ALL : 98.01]
2024-11-14 03:35:07,934 - [44/50]  [Valid LOSS: 7.7063]  [Valid ACC: 61.67]  [Head : 78.63]  [Rel : 77.79]  [Tail : 65.52]  [ALL : 53.47]
2024-11-14 03:36:13,255 - [45/50]  [TRAIN LOSS: 0.2196]  [TRAIN ACC: 99.82]  [Head : 99.99]  [Rel : 99.95]  [Tail : 97.92]  [ALL : 98.02]
2024-11-14 03:36:26,898 - [45/50]  [Valid LOSS: 7.6968]  [Valid ACC: 61.77]  [Head : 78.49]  [Rel : 77.51]  [Tail : 65.63]  [ALL : 53.50]
2024-11-14 03:37:32,259 - [46/50]  [TRAIN LOSS: 0.2117]  [TRAIN ACC: 99.79]  [Head : 99.99]  [Rel : 99.92]  [Tail : 98.11]  [ALL : 98.01]
2024-11-14 03:37:45,629 - [46/50]  [Valid LOSS: 7.7017]  [Valid ACC: 62.51]  [Head : 78.59]  [Rel : 77.58]  [Tail : 65.52]  [ALL : 53.29]
2024-11-14 03:38:50,741 - [47/50]  [TRAIN LOSS: 0.2027]  [TRAIN ACC: 99.82]  [Head : 100.00]  [Rel : 99.97]  [Tail : 98.06]  [ALL : 98.06]
2024-11-14 03:39:04,799 - [47/50]  [Valid LOSS: 7.7082]  [Valid ACC: 62.58]  [Head : 78.77]  [Rel : 77.75]  [Tail : 65.70]  [ALL : 53.57]
2024-11-14 03:40:10,204 - [48/50]  [TRAIN LOSS: 0.1970]  [TRAIN ACC: 99.83]  [Head : 100.00]  [Rel : 99.96]  [Tail : 98.27]  [ALL : 98.13]
2024-11-14 03:40:23,679 - [48/50]  [Valid LOSS: 7.7483]  [Valid ACC: 62.23]  [Head : 78.73]  [Rel : 77.72]  [Tail : 65.77]  [ALL : 53.57]
2024-11-14 03:41:28,878 - [49/50]  [TRAIN LOSS: 0.1869]  [TRAIN ACC: 99.80]  [Head : 100.00]  [Rel : 99.96]  [Tail : 98.35]  [ALL : 98.16]
2024-11-14 03:41:42,534 - [49/50]  [Valid LOSS: 7.7395]  [Valid ACC: 62.23]  [Head : 78.56]  [Rel : 77.75]  [Tail : 65.42]  [ALL : 53.36]
2024-11-14 03:41:43,669 - BEST EPOCH : 40.00, BEST VALID ACC : 62.61
