2024-11-14 11:14:12,876 - [ 0/50]  [TRAIN LOSS: 20.6296]  [TRAIN ACC: 4.23]  [Head : 10.35]  [Rel : 58.96]  [Tail : 12.48]  [ALL : 1.87]
2024-11-14 11:14:27,151 - [ 0/50]  [Valid LOSS: 17.1487]  [Valid ACC: 6.62]  [Head : 22.99]  [Rel : 71.05]  [Tail : 29.09]  [ALL : 8.13]
2024-11-14 11:15:33,537 - [ 1/50]  [TRAIN LOSS: 14.0167]  [TRAIN ACC: 14.40]  [Head : 39.28]  [Rel : 74.72]  [Tail : 42.19]  [ALL : 18.54]
2024-11-14 11:15:47,710 - [ 1/50]  [Valid LOSS: 13.4641]  [Valid ACC: 18.12]  [Head : 43.85]  [Rel : 74.90]  [Tail : 48.16]  [ALL : 24.26]
2024-11-14 11:16:54,166 - [ 2/50]  [TRAIN LOSS: 9.9545]  [TRAIN ACC: 31.20]  [Head : 61.92]  [Rel : 81.05]  [Tail : 58.13]  [ALL : 37.78]
2024-11-14 11:17:08,321 - [ 2/50]  [Valid LOSS: 11.5602]  [Valid ACC: 29.79]  [Head : 54.92]  [Rel : 76.48]  [Tail : 54.29]  [ALL : 33.72]
2024-11-14 11:18:15,138 - [ 3/50]  [TRAIN LOSS: 7.5105]  [TRAIN ACC: 46.62]  [Head : 75.27]  [Rel : 85.35]  [Tail : 66.67]  [ALL : 51.67]
2024-11-14 11:18:29,270 - [ 3/50]  [Valid LOSS: 10.6196]  [Valid ACC: 36.94]  [Head : 62.53]  [Rel : 75.74]  [Tail : 56.71]  [ALL : 38.42]
2024-11-14 11:19:36,487 - [ 4/50]  [TRAIN LOSS: 5.8914]  [TRAIN ACC: 59.25]  [Head : 83.50]  [Rel : 87.97]  [Tail : 72.85]  [ALL : 60.95]
2024-11-14 11:19:50,703 - [ 4/50]  [Valid LOSS: 9.8879]  [Valid ACC: 41.57]  [Head : 65.65]  [Rel : 77.04]  [Tail : 59.62]  [ALL : 41.96]
2024-11-14 11:20:57,669 - [ 5/50]  [TRAIN LOSS: 4.7292]  [TRAIN ACC: 68.62]  [Head : 88.94]  [Rel : 89.87]  [Tail : 78.23]  [ALL : 68.86]
2024-11-14 11:21:11,920 - [ 5/50]  [Valid LOSS: 9.4713]  [Valid ACC: 46.23]  [Head : 67.75]  [Rel : 78.02]  [Tail : 60.74]  [ALL : 44.30]
2024-11-14 11:22:18,253 - [ 6/50]  [TRAIN LOSS: 3.9144]  [TRAIN ACC: 74.36]  [Head : 92.33]  [Rel : 91.56]  [Tail : 81.85]  [ALL : 75.14]
2024-11-14 11:22:31,995 - [ 6/50]  [Valid LOSS: 9.2200]  [Valid ACC: 48.16]  [Head : 69.09]  [Rel : 77.36]  [Tail : 61.20]  [ALL : 45.36]
2024-11-14 11:23:38,921 - [ 7/50]  [TRAIN LOSS: 3.2581]  [TRAIN ACC: 80.01]  [Head : 94.80]  [Rel : 93.15]  [Tail : 84.73]  [ALL : 79.34]
2024-11-14 11:23:53,077 - [ 7/50]  [Valid LOSS: 9.0370]  [Valid ACC: 50.26]  [Head : 70.31]  [Rel : 77.39]  [Tail : 62.32]  [ALL : 46.90]
2024-11-14 11:24:59,841 - [ 8/50]  [TRAIN LOSS: 2.7699]  [TRAIN ACC: 83.56]  [Head : 96.74]  [Rel : 93.97]  [Tail : 86.95]  [ALL : 82.77]
2024-11-14 11:25:13,628 - [ 8/50]  [Valid LOSS: 8.8814]  [Valid ACC: 52.51]  [Head : 70.73]  [Rel : 78.13]  [Tail : 62.57]  [ALL : 47.42]
2024-11-14 11:26:20,714 - [ 9/50]  [TRAIN LOSS: 2.4201]  [TRAIN ACC: 86.26]  [Head : 97.59]  [Rel : 94.53]  [Tail : 88.45]  [ALL : 85.36]
2024-11-14 11:26:35,702 - [ 9/50]  [Valid LOSS: 8.7982]  [Valid ACC: 53.31]  [Head : 70.84]  [Rel : 78.13]  [Tail : 63.20]  [ALL : 48.19]
2024-11-14 11:27:42,483 - [10/50]  [TRAIN LOSS: 2.0835]  [TRAIN ACC: 89.05]  [Head : 98.45]  [Rel : 95.53]  [Tail : 89.98]  [ALL : 87.53]
2024-11-14 11:27:56,515 - [10/50]  [Valid LOSS: 8.7412]  [Valid ACC: 54.68]  [Head : 71.82]  [Rel : 77.92]  [Tail : 63.27]  [ALL : 48.55]
2024-11-14 11:29:03,556 - [11/50]  [TRAIN LOSS: 1.8218]  [TRAIN ACC: 90.97]  [Head : 98.87]  [Rel : 96.12]  [Tail : 90.77]  [ALL : 88.94]
2024-11-14 11:29:17,464 - [11/50]  [Valid LOSS: 8.7398]  [Valid ACC: 54.54]  [Head : 72.06]  [Rel : 77.43]  [Tail : 63.09]  [ALL : 48.76]
2024-11-14 11:30:24,141 - [12/50]  [TRAIN LOSS: 1.6245]  [TRAIN ACC: 92.62]  [Head : 99.31]  [Rel : 96.57]  [Tail : 91.48]  [ALL : 90.32]
2024-11-14 11:30:38,268 - [12/50]  [Valid LOSS: 8.6994]  [Valid ACC: 54.96]  [Head : 71.96]  [Rel : 77.85]  [Tail : 63.41]  [ALL : 49.18]
2024-11-14 11:31:45,007 - [13/50]  [TRAIN LOSS: 1.4434]  [TRAIN ACC: 93.87]  [Head : 99.55]  [Rel : 97.00]  [Tail : 92.11]  [ALL : 91.16]
2024-11-14 11:31:59,135 - [13/50]  [Valid LOSS: 8.7172]  [Valid ACC: 55.49]  [Head : 72.45]  [Rel : 77.95]  [Tail : 62.71]  [ALL : 48.93]
2024-11-14 11:33:05,935 - [14/50]  [TRAIN LOSS: 1.3155]  [TRAIN ACC: 94.88]  [Head : 99.58]  [Rel : 97.28]  [Tail : 92.72]  [ALL : 91.85]
2024-11-14 11:33:20,600 - [14/50]  [Valid LOSS: 8.6837]  [Valid ACC: 55.84]  [Head : 72.56]  [Rel : 77.50]  [Tail : 63.51]  [ALL : 49.46]
2024-11-14 11:34:26,645 - [15/50]  [TRAIN LOSS: 1.1993]  [TRAIN ACC: 95.48]  [Head : 99.77]  [Rel : 97.56]  [Tail : 93.00]  [ALL : 92.14]
2024-11-14 11:34:40,410 - [15/50]  [Valid LOSS: 8.7003]  [Valid ACC: 55.91]  [Head : 72.66]  [Rel : 77.39]  [Tail : 62.71]  [ALL : 48.86]
2024-11-14 11:35:47,623 - [16/50]  [TRAIN LOSS: 1.0949]  [TRAIN ACC: 96.31]  [Head : 99.75]  [Rel : 97.99]  [Tail : 93.11]  [ALL : 92.50]
2024-11-14 11:36:01,561 - [16/50]  [Valid LOSS: 8.7319]  [Valid ACC: 56.12]  [Head : 72.63]  [Rel : 77.71]  [Tail : 63.13]  [ALL : 49.46]
2024-11-14 11:37:07,983 - [17/50]  [TRAIN LOSS: 0.9959]  [TRAIN ACC: 96.91]  [Head : 99.87]  [Rel : 98.40]  [Tail : 93.57]  [ALL : 93.40]
2024-11-14 11:37:22,021 - [17/50]  [Valid LOSS: 8.7645]  [Valid ACC: 56.61]  [Head : 72.59]  [Rel : 77.36]  [Tail : 63.34]  [ALL : 49.32]
2024-11-14 11:38:28,359 - [18/50]  [TRAIN LOSS: 0.9206]  [TRAIN ACC: 97.42]  [Head : 99.87]  [Rel : 98.46]  [Tail : 93.88]  [ALL : 93.54]
2024-11-14 11:38:42,164 - [18/50]  [Valid LOSS: 8.7373]  [Valid ACC: 56.82]  [Head : 72.73]  [Rel : 78.16]  [Tail : 63.37]  [ALL : 49.84]
2024-11-14 11:39:48,727 - [19/50]  [TRAIN LOSS: 0.8481]  [TRAIN ACC: 97.75]  [Head : 99.96]  [Rel : 98.76]  [Tail : 94.19]  [ALL : 93.68]
2024-11-14 11:40:02,426 - [19/50]  [Valid LOSS: 8.7298]  [Valid ACC: 57.24]  [Head : 72.73]  [Rel : 77.88]  [Tail : 63.37]  [ALL : 49.63]
2024-11-14 11:41:08,812 - [20/50]  [TRAIN LOSS: 0.7913]  [TRAIN ACC: 98.03]  [Head : 99.97]  [Rel : 98.87]  [Tail : 94.14]  [ALL : 94.03]
2024-11-14 11:41:22,578 - [20/50]  [Valid LOSS: 8.7649]  [Valid ACC: 57.24]  [Head : 72.98]  [Rel : 77.99]  [Tail : 63.16]  [ALL : 49.46]
2024-11-14 11:42:29,313 - [21/50]  [TRAIN LOSS: 0.7361]  [TRAIN ACC: 98.31]  [Head : 99.98]  [Rel : 99.04]  [Tail : 94.74]  [ALL : 94.45]
2024-11-14 11:42:43,454 - [21/50]  [Valid LOSS: 8.7951]  [Valid ACC: 57.59]  [Head : 73.01]  [Rel : 77.22]  [Tail : 63.51]  [ALL : 49.74]
2024-11-14 11:43:50,333 - [22/50]  [TRAIN LOSS: 0.6837]  [TRAIN ACC: 98.57]  [Head : 99.95]  [Rel : 99.12]  [Tail : 94.90]  [ALL : 94.46]
2024-11-14 11:44:04,015 - [22/50]  [Valid LOSS: 8.7713]  [Valid ACC: 57.59]  [Head : 72.87]  [Rel : 77.95]  [Tail : 63.27]  [ALL : 49.88]
2024-11-14 11:45:10,305 - [23/50]  [TRAIN LOSS: 0.6570]  [TRAIN ACC: 98.73]  [Head : 99.97]  [Rel : 99.03]  [Tail : 94.81]  [ALL : 94.82]
2024-11-14 11:45:24,491 - [23/50]  [Valid LOSS: 8.8163]  [Valid ACC: 57.69]  [Head : 73.26]  [Rel : 77.57]  [Tail : 63.02]  [ALL : 49.84]
2024-11-14 11:46:30,530 - [24/50]  [TRAIN LOSS: 0.6024]  [TRAIN ACC: 98.90]  [Head : 99.97]  [Rel : 99.38]  [Tail : 95.44]  [ALL : 95.16]
2024-11-14 11:46:44,666 - [24/50]  [Valid LOSS: 8.8437]  [Valid ACC: 57.76]  [Head : 73.19]  [Rel : 77.78]  [Tail : 63.27]  [ALL : 50.02]
2024-11-14 11:47:51,620 - [25/50]  [TRAIN LOSS: 0.5667]  [TRAIN ACC: 99.07]  [Head : 100.00]  [Rel : 99.46]  [Tail : 95.48]  [ALL : 95.42]
2024-11-14 11:48:05,500 - [25/50]  [Valid LOSS: 8.8405]  [Valid ACC: 57.69]  [Head : 73.12]  [Rel : 77.67]  [Tail : 63.06]  [ALL : 49.67]
2024-11-14 11:49:12,260 - [26/50]  [TRAIN LOSS: 0.5304]  [TRAIN ACC: 99.13]  [Head : 99.97]  [Rel : 99.63]  [Tail : 95.85]  [ALL : 95.72]
2024-11-14 11:49:26,940 - [26/50]  [Valid LOSS: 8.8827]  [Valid ACC: 57.80]  [Head : 73.12]  [Rel : 77.71]  [Tail : 63.30]  [ALL : 49.81]
2024-11-14 11:50:33,477 - [27/50]  [TRAIN LOSS: 0.5082]  [TRAIN ACC: 99.34]  [Head : 99.98]  [Rel : 99.53]  [Tail : 96.01]  [ALL : 95.67]
2024-11-14 11:50:47,173 - [27/50]  [Valid LOSS: 8.8826]  [Valid ACC: 57.90]  [Head : 73.19]  [Rel : 77.46]  [Tail : 63.23]  [ALL : 50.02]
2024-11-14 11:51:53,930 - [28/50]  [TRAIN LOSS: 0.4756]  [TRAIN ACC: 99.32]  [Head : 99.96]  [Rel : 99.67]  [Tail : 96.21]  [ALL : 95.95]
2024-11-14 11:52:07,456 - [28/50]  [Valid LOSS: 8.8901]  [Valid ACC: 58.18]  [Head : 73.19]  [Rel : 77.46]  [Tail : 63.62]  [ALL : 49.91]
2024-11-14 11:53:13,806 - [29/50]  [TRAIN LOSS: 0.4551]  [TRAIN ACC: 99.41]  [Head : 99.95]  [Rel : 99.60]  [Tail : 96.14]  [ALL : 96.10]
2024-11-14 11:53:28,098 - [29/50]  [Valid LOSS: 8.9216]  [Valid ACC: 57.83]  [Head : 73.12]  [Rel : 77.71]  [Tail : 63.20]  [ALL : 50.09]
2024-11-14 11:54:34,527 - [30/50]  [TRAIN LOSS: 0.4241]  [TRAIN ACC: 99.49]  [Head : 99.96]  [Rel : 99.65]  [Tail : 96.47]  [ALL : 96.30]
2024-11-14 11:54:47,741 - [30/50]  [Valid LOSS: 8.9398]  [Valid ACC: 58.08]  [Head : 73.12]  [Rel : 77.53]  [Tail : 63.44]  [ALL : 49.81]
2024-11-14 11:55:53,727 - [31/50]  [TRAIN LOSS: 0.4009]  [TRAIN ACC: 99.56]  [Head : 100.00]  [Rel : 99.79]  [Tail : 96.67]  [ALL : 96.44]
2024-11-14 11:56:07,302 - [31/50]  [Valid LOSS: 8.9597]  [Valid ACC: 58.32]  [Head : 73.05]  [Rel : 77.57]  [Tail : 63.13]  [ALL : 49.67]
2024-11-14 11:57:13,654 - [32/50]  [TRAIN LOSS: 0.3852]  [TRAIN ACC: 99.58]  [Head : 99.99]  [Rel : 99.78]  [Tail : 96.76]  [ALL : 96.75]
2024-11-14 11:57:27,496 - [32/50]  [Valid LOSS: 8.9679]  [Valid ACC: 58.22]  [Head : 73.12]  [Rel : 77.36]  [Tail : 63.23]  [ALL : 49.53]
2024-11-14 11:58:33,253 - [33/50]  [TRAIN LOSS: 0.3639]  [TRAIN ACC: 99.62]  [Head : 99.98]  [Rel : 99.82]  [Tail : 96.98]  [ALL : 97.04]
2024-11-14 11:58:46,754 - [33/50]  [Valid LOSS: 8.9916]  [Valid ACC: 58.08]  [Head : 73.26]  [Rel : 77.53]  [Tail : 62.81]  [ALL : 49.70]
2024-11-14 11:59:52,591 - [34/50]  [TRAIN LOSS: 0.3521]  [TRAIN ACC: 99.61]  [Head : 100.00]  [Rel : 99.80]  [Tail : 96.93]  [ALL : 96.93]
2024-11-14 12:00:06,261 - [34/50]  [Valid LOSS: 8.9857]  [Valid ACC: 58.22]  [Head : 73.40]  [Rel : 77.88]  [Tail : 63.13]  [ALL : 49.84]
2024-11-14 12:01:11,670 - [35/50]  [TRAIN LOSS: 0.3342]  [TRAIN ACC: 99.69]  [Head : 99.99]  [Rel : 99.82]  [Tail : 97.37]  [ALL : 97.15]
2024-11-14 12:01:25,041 - [35/50]  [Valid LOSS: 9.0419]  [Valid ACC: 58.15]  [Head : 73.29]  [Rel : 77.53]  [Tail : 63.20]  [ALL : 49.88]
2024-11-14 12:02:30,885 - [36/50]  [TRAIN LOSS: 0.3180]  [TRAIN ACC: 99.75]  [Head : 99.99]  [Rel : 99.85]  [Tail : 97.33]  [ALL : 97.27]
2024-11-14 12:02:44,631 - [36/50]  [Valid LOSS: 9.0302]  [Valid ACC: 58.11]  [Head : 73.12]  [Rel : 77.92]  [Tail : 63.34]  [ALL : 50.19]
2024-11-14 12:03:50,163 - [37/50]  [TRAIN LOSS: 0.3015]  [TRAIN ACC: 99.72]  [Head : 100.00]  [Rel : 99.91]  [Tail : 97.62]  [ALL : 97.35]
2024-11-14 12:04:03,547 - [37/50]  [Valid LOSS: 9.0600]  [Valid ACC: 58.46]  [Head : 73.12]  [Rel : 77.60]  [Tail : 63.37]  [ALL : 49.95]
2024-11-14 12:05:09,551 - [38/50]  [TRAIN LOSS: 0.2923]  [TRAIN ACC: 99.75]  [Head : 99.99]  [Rel : 99.87]  [Tail : 97.45]  [ALL : 97.39]
2024-11-14 12:05:23,452 - [38/50]  [Valid LOSS: 9.0669]  [Valid ACC: 58.64]  [Head : 73.29]  [Rel : 77.43]  [Tail : 63.30]  [ALL : 50.05]
2024-11-14 12:06:29,545 - [39/50]  [TRAIN LOSS: 0.2831]  [TRAIN ACC: 99.73]  [Head : 100.00]  [Rel : 99.90]  [Tail : 97.49]  [ALL : 97.50]
2024-11-14 12:06:43,210 - [39/50]  [Valid LOSS: 9.0691]  [Valid ACC: 58.36]  [Head : 73.33]  [Rel : 77.53]  [Tail : 62.92]  [ALL : 49.77]
2024-11-14 12:07:48,855 - [40/50]  [TRAIN LOSS: 0.2701]  [TRAIN ACC: 99.77]  [Head : 99.98]  [Rel : 99.89]  [Tail : 97.71]  [ALL : 97.79]
2024-11-14 12:08:02,515 - [40/50]  [Valid LOSS: 9.0728]  [Valid ACC: 58.39]  [Head : 73.19]  [Rel : 77.22]  [Tail : 63.20]  [ALL : 49.77]
2024-11-14 12:09:08,121 - [41/50]  [TRAIN LOSS: 0.2602]  [TRAIN ACC: 99.78]  [Head : 100.00]  [Rel : 99.91]  [Tail : 97.71]  [ALL : 97.80]
2024-11-14 12:09:21,998 - [41/50]  [Valid LOSS: 9.1065]  [Valid ACC: 58.22]  [Head : 73.40]  [Rel : 77.39]  [Tail : 63.27]  [ALL : 50.12]
2024-11-14 12:10:27,876 - [42/50]  [TRAIN LOSS: 0.2485]  [TRAIN ACC: 99.82]  [Head : 100.00]  [Rel : 99.94]  [Tail : 97.74]  [ALL : 97.70]
2024-11-14 12:10:41,705 - [42/50]  [Valid LOSS: 9.1553]  [Valid ACC: 58.04]  [Head : 73.29]  [Rel : 77.29]  [Tail : 63.20]  [ALL : 49.88]
2024-11-14 12:11:47,363 - [43/50]  [TRAIN LOSS: 0.2398]  [TRAIN ACC: 99.78]  [Head : 100.00]  [Rel : 99.93]  [Tail : 97.91]  [ALL : 98.05]
2024-11-14 12:12:01,004 - [43/50]  [Valid LOSS: 9.1505]  [Valid ACC: 58.22]  [Head : 73.29]  [Rel : 77.39]  [Tail : 63.23]  [ALL : 50.02]
2024-11-14 12:13:06,982 - [44/50]  [TRAIN LOSS: 0.2281]  [TRAIN ACC: 99.82]  [Head : 100.00]  [Rel : 99.97]  [Tail : 98.20]  [ALL : 98.11]
2024-11-14 12:13:20,898 - [44/50]  [Valid LOSS: 9.1817]  [Valid ACC: 58.39]  [Head : 73.19]  [Rel : 77.43]  [Tail : 63.44]  [ALL : 50.02]
2024-11-14 12:14:27,223 - [45/50]  [TRAIN LOSS: 0.2191]  [TRAIN ACC: 99.82]  [Head : 100.00]  [Rel : 99.96]  [Tail : 98.29]  [ALL : 98.16]
2024-11-14 12:14:40,764 - [45/50]  [Valid LOSS: 9.1841]  [Valid ACC: 58.43]  [Head : 73.15]  [Rel : 77.60]  [Tail : 63.41]  [ALL : 50.05]
2024-11-14 12:15:47,077 - [46/50]  [TRAIN LOSS: 0.2143]  [TRAIN ACC: 99.76]  [Head : 99.99]  [Rel : 99.92]  [Tail : 98.20]  [ALL : 98.36]
2024-11-14 12:16:01,130 - [46/50]  [Valid LOSS: 9.2055]  [Valid ACC: 58.11]  [Head : 73.19]  [Rel : 77.43]  [Tail : 63.58]  [ALL : 49.77]
2024-11-14 12:17:07,181 - [47/50]  [TRAIN LOSS: 0.2123]  [TRAIN ACC: 99.84]  [Head : 100.00]  [Rel : 99.89]  [Tail : 98.38]  [ALL : 98.19]
2024-11-14 12:17:20,980 - [47/50]  [Valid LOSS: 9.2037]  [Valid ACC: 58.39]  [Head : 73.68]  [Rel : 77.32]  [Tail : 63.23]  [ALL : 49.98]
2024-11-14 12:18:26,804 - [48/50]  [TRAIN LOSS: 0.2041]  [TRAIN ACC: 99.78]  [Head : 100.00]  [Rel : 99.90]  [Tail : 98.35]  [ALL : 98.27]
2024-11-14 12:18:40,493 - [48/50]  [Valid LOSS: 9.2128]  [Valid ACC: 58.82]  [Head : 73.47]  [Rel : 77.74]  [Tail : 63.72]  [ALL : 50.30]
2024-11-14 12:19:46,608 - [49/50]  [TRAIN LOSS: 0.1948]  [TRAIN ACC: 99.78]  [Head : 100.00]  [Rel : 99.89]  [Tail : 98.48]  [ALL : 98.48]
2024-11-14 12:20:00,241 - [49/50]  [Valid LOSS: 9.2268]  [Valid ACC: 58.53]  [Head : 73.12]  [Rel : 77.50]  [Tail : 63.34]  [ALL : 49.91]
2024-11-14 12:20:01,678 - BEST EPOCH : 49.00, BEST VALID ACC : 58.82
