2024-11-14 12:21:24,710 - [ 0/50]  [TRAIN LOSS: 20.2980]  [TRAIN ACC: 4.22]  [Head : 10.71]  [Rel : 62.40]  [Tail : 13.74]  [ALL : 2.14]
2024-11-14 12:21:38,692 - [ 0/50]  [Valid LOSS: 17.0720]  [Valid ACC: 7.15]  [Head : 22.75]  [Rel : 72.49]  [Tail : 29.86]  [ALL : 8.69]
2024-11-14 12:22:44,888 - [ 1/50]  [TRAIN LOSS: 13.7834]  [TRAIN ACC: 15.40]  [Head : 38.79]  [Rel : 79.89]  [Tail : 42.46]  [ALL : 19.06]
2024-11-14 12:22:58,946 - [ 1/50]  [Valid LOSS: 13.0287]  [Valid ACC: 21.03]  [Head : 44.06]  [Rel : 79.57]  [Tail : 50.68]  [ALL : 26.04]
2024-11-14 12:24:05,080 - [ 2/50]  [TRAIN LOSS: 9.5178]  [TRAIN ACC: 34.76]  [Head : 61.84]  [Rel : 86.17]  [Tail : 62.30]  [ALL : 41.49]
2024-11-14 12:24:18,870 - [ 2/50]  [Valid LOSS: 10.9429]  [Valid ACC: 33.40]  [Head : 56.19]  [Rel : 82.58]  [Tail : 60.25]  [ALL : 38.45]
2024-11-14 12:25:24,853 - [ 3/50]  [TRAIN LOSS: 6.9570]  [TRAIN ACC: 52.90]  [Head : 75.64]  [Rel : 89.43]  [Tail : 72.26]  [ALL : 56.37]
2024-11-14 12:25:38,606 - [ 3/50]  [Valid LOSS: 9.8213]  [Valid ACC: 41.71]  [Head : 63.23]  [Rel : 82.47]  [Tail : 63.69]  [ALL : 43.22]
2024-11-14 12:26:44,841 - [ 4/50]  [TRAIN LOSS: 5.3332]  [TRAIN ACC: 64.94]  [Head : 84.07]  [Rel : 91.67]  [Tail : 78.64]  [ALL : 66.04]
2024-11-14 12:26:58,387 - [ 4/50]  [Valid LOSS: 9.1445]  [Valid ACC: 47.07]  [Head : 66.77]  [Rel : 81.49]  [Tail : 65.86]  [ALL : 46.76]
2024-11-14 12:28:04,259 - [ 5/50]  [TRAIN LOSS: 4.2246]  [TRAIN ACC: 73.69]  [Head : 89.20]  [Rel : 93.47]  [Tail : 83.34]  [ALL : 74.12]
2024-11-14 12:28:17,680 - [ 5/50]  [Valid LOSS: 8.6237]  [Valid ACC: 51.03]  [Head : 69.79]  [Rel : 83.21]  [Tail : 67.86]  [ALL : 50.58]
2024-11-14 12:29:23,490 - [ 6/50]  [TRAIN LOSS: 3.4499]  [TRAIN ACC: 79.34]  [Head : 92.53]  [Rel : 94.59]  [Tail : 86.34]  [ALL : 79.31]
2024-11-14 12:29:36,863 - [ 6/50]  [Valid LOSS: 8.3529]  [Valid ACC: 53.03]  [Head : 70.98]  [Rel : 82.75]  [Tail : 68.70]  [ALL : 51.28]
2024-11-14 12:30:42,846 - [ 7/50]  [TRAIN LOSS: 2.8555]  [TRAIN ACC: 84.21]  [Head : 94.99]  [Rel : 95.59]  [Tail : 89.51]  [ALL : 84.37]
2024-11-14 12:30:56,463 - [ 7/50]  [Valid LOSS: 8.1276]  [Valid ACC: 55.73]  [Head : 72.20]  [Rel : 82.93]  [Tail : 69.26]  [ALL : 53.10]
2024-11-14 12:32:02,534 - [ 8/50]  [TRAIN LOSS: 2.3974]  [TRAIN ACC: 87.27]  [Head : 96.71]  [Rel : 96.45]  [Tail : 91.56]  [ALL : 87.63]
2024-11-14 12:32:16,051 - [ 8/50]  [Valid LOSS: 8.0029]  [Valid ACC: 56.82]  [Head : 72.45]  [Rel : 83.21]  [Tail : 69.65]  [ALL : 53.84]
2024-11-14 12:33:22,185 - [ 9/50]  [TRAIN LOSS: 2.0586]  [TRAIN ACC: 89.69]  [Head : 97.70]  [Rel : 96.98]  [Tail : 93.04]  [ALL : 90.12]
2024-11-14 12:33:36,373 - [ 9/50]  [Valid LOSS: 7.9557]  [Valid ACC: 57.73]  [Head : 72.45]  [Rel : 83.53]  [Tail : 69.82]  [ALL : 53.98]
2024-11-14 12:34:42,720 - [10/50]  [TRAIN LOSS: 1.7841]  [TRAIN ACC: 91.85]  [Head : 98.48]  [Rel : 97.53]  [Tail : 94.29]  [ALL : 92.02]
2024-11-14 12:34:56,628 - [10/50]  [Valid LOSS: 7.8680]  [Valid ACC: 59.06]  [Head : 73.26]  [Rel : 83.04]  [Tail : 70.38]  [ALL : 54.85]
2024-11-14 12:36:02,831 - [11/50]  [TRAIN LOSS: 1.5525]  [TRAIN ACC: 93.21]  [Head : 98.98]  [Rel : 98.00]  [Tail : 95.23]  [ALL : 93.36]
2024-11-14 12:36:16,758 - [11/50]  [Valid LOSS: 7.9148]  [Valid ACC: 59.24]  [Head : 73.29]  [Rel : 82.90]  [Tail : 69.89]  [ALL : 54.29]
2024-11-14 12:37:22,779 - [12/50]  [TRAIN LOSS: 1.3980]  [TRAIN ACC: 94.55]  [Head : 99.20]  [Rel : 98.13]  [Tail : 95.52]  [ALL : 94.36]
2024-11-14 12:37:36,630 - [12/50]  [Valid LOSS: 7.8550]  [Valid ACC: 59.34]  [Head : 73.61]  [Rel : 83.00]  [Tail : 69.79]  [ALL : 54.26]
2024-11-14 12:38:42,656 - [13/50]  [TRAIN LOSS: 1.2232]  [TRAIN ACC: 95.42]  [Head : 99.54]  [Rel : 98.65]  [Tail : 96.22]  [ALL : 95.31]
2024-11-14 12:38:56,123 - [13/50]  [Valid LOSS: 7.8593]  [Valid ACC: 60.08]  [Head : 73.99]  [Rel : 83.00]  [Tail : 69.93]  [ALL : 54.92]
2024-11-14 12:40:02,293 - [14/50]  [TRAIN LOSS: 1.1099]  [TRAIN ACC: 96.02]  [Head : 99.56]  [Rel : 98.74]  [Tail : 96.72]  [ALL : 96.00]
2024-11-14 12:40:15,883 - [14/50]  [Valid LOSS: 7.8040]  [Valid ACC: 60.46]  [Head : 73.99]  [Rel : 82.72]  [Tail : 70.35]  [ALL : 54.92]
2024-11-14 12:41:21,720 - [15/50]  [TRAIN LOSS: 1.0090]  [TRAIN ACC: 96.53]  [Head : 99.72]  [Rel : 98.99]  [Tail : 96.98]  [ALL : 96.38]
2024-11-14 12:41:35,048 - [15/50]  [Valid LOSS: 7.8396]  [Valid ACC: 60.99]  [Head : 74.06]  [Rel : 82.54]  [Tail : 70.17]  [ALL : 54.99]
2024-11-14 12:42:41,116 - [16/50]  [TRAIN LOSS: 0.9177]  [TRAIN ACC: 97.17]  [Head : 99.80]  [Rel : 99.12]  [Tail : 97.42]  [ALL : 96.91]
2024-11-14 12:42:55,025 - [16/50]  [Valid LOSS: 7.8175]  [Valid ACC: 61.44]  [Head : 74.17]  [Rel : 82.75]  [Tail : 70.03]  [ALL : 55.13]
2024-11-14 12:44:00,897 - [17/50]  [TRAIN LOSS: 0.8349]  [TRAIN ACC: 97.43]  [Head : 99.85]  [Rel : 99.24]  [Tail : 97.64]  [ALL : 97.49]
2024-11-14 12:44:14,358 - [17/50]  [Valid LOSS: 7.7992]  [Valid ACC: 61.41]  [Head : 74.27]  [Rel : 83.00]  [Tail : 70.59]  [ALL : 55.63]
2024-11-14 12:45:20,016 - [18/50]  [TRAIN LOSS: 0.7630]  [TRAIN ACC: 97.92]  [Head : 99.88]  [Rel : 99.28]  [Tail : 97.70]  [ALL : 97.64]
2024-11-14 12:45:33,414 - [18/50]  [Valid LOSS: 7.8269]  [Valid ACC: 61.48]  [Head : 74.17]  [Rel : 82.51]  [Tail : 70.10]  [ALL : 55.24]
2024-11-14 12:46:39,516 - [19/50]  [TRAIN LOSS: 0.7018]  [TRAIN ACC: 98.20]  [Head : 99.95]  [Rel : 99.44]  [Tail : 97.98]  [ALL : 97.73]
2024-11-14 12:46:53,266 - [19/50]  [Valid LOSS: 7.8291]  [Valid ACC: 61.51]  [Head : 74.24]  [Rel : 82.97]  [Tail : 70.28]  [ALL : 55.42]
2024-11-14 12:47:59,524 - [20/50]  [TRAIN LOSS: 0.6507]  [TRAIN ACC: 98.51]  [Head : 99.94]  [Rel : 99.53]  [Tail : 98.20]  [ALL : 97.99]
2024-11-14 12:48:12,814 - [20/50]  [Valid LOSS: 7.8339]  [Valid ACC: 61.76]  [Head : 74.48]  [Rel : 83.25]  [Tail : 70.07]  [ALL : 55.38]
2024-11-14 12:49:19,806 - [21/50]  [TRAIN LOSS: 0.6095]  [TRAIN ACC: 98.61]  [Head : 99.94]  [Rel : 99.53]  [Tail : 98.24]  [ALL : 98.10]
2024-11-14 12:49:33,617 - [21/50]  [Valid LOSS: 7.8752]  [Valid ACC: 61.97]  [Head : 74.45]  [Rel : 82.19]  [Tail : 70.07]  [ALL : 55.45]
2024-11-14 12:50:39,839 - [22/50]  [TRAIN LOSS: 0.5656]  [TRAIN ACC: 98.87]  [Head : 99.97]  [Rel : 99.53]  [Tail : 98.34]  [ALL : 98.23]
2024-11-14 12:50:53,456 - [22/50]  [Valid LOSS: 7.8639]  [Valid ACC: 62.04]  [Head : 74.52]  [Rel : 82.54]  [Tail : 70.24]  [ALL : 55.56]
2024-11-14 12:51:59,231 - [23/50]  [TRAIN LOSS: 0.5374]  [TRAIN ACC: 99.04]  [Head : 99.98]  [Rel : 99.67]  [Tail : 98.34]  [ALL : 98.39]
2024-11-14 12:52:12,823 - [23/50]  [Valid LOSS: 7.8655]  [Valid ACC: 62.25]  [Head : 74.66]  [Rel : 82.79]  [Tail : 69.86]  [ALL : 55.35]
2024-11-14 12:53:18,891 - [24/50]  [TRAIN LOSS: 0.4977]  [TRAIN ACC: 99.21]  [Head : 99.97]  [Rel : 99.69]  [Tail : 98.54]  [ALL : 98.43]
2024-11-14 12:53:32,712 - [24/50]  [Valid LOSS: 7.8901]  [Valid ACC: 62.18]  [Head : 74.62]  [Rel : 82.97]  [Tail : 70.10]  [ALL : 55.63]
2024-11-14 12:54:38,797 - [25/50]  [TRAIN LOSS: 0.4742]  [TRAIN ACC: 99.26]  [Head : 99.96]  [Rel : 99.69]  [Tail : 98.53]  [ALL : 98.61]
2024-11-14 12:54:52,493 - [25/50]  [Valid LOSS: 7.8903]  [Valid ACC: 62.32]  [Head : 74.55]  [Rel : 82.61]  [Tail : 69.93]  [ALL : 55.63]
2024-11-14 12:55:58,540 - [26/50]  [TRAIN LOSS: 0.4395]  [TRAIN ACC: 99.39]  [Head : 99.96]  [Rel : 99.81]  [Tail : 98.79]  [ALL : 98.66]
2024-11-14 12:56:12,121 - [26/50]  [Valid LOSS: 7.8996]  [Valid ACC: 62.15]  [Head : 74.66]  [Rel : 82.97]  [Tail : 70.21]  [ALL : 55.59]
2024-11-14 12:57:17,843 - [27/50]  [TRAIN LOSS: 0.4133]  [TRAIN ACC: 99.56]  [Head : 99.97]  [Rel : 99.87]  [Tail : 98.76]  [ALL : 98.77]
2024-11-14 12:57:31,583 - [27/50]  [Valid LOSS: 7.9468]  [Valid ACC: 62.29]  [Head : 74.45]  [Rel : 82.79]  [Tail : 70.14]  [ALL : 55.45]
2024-11-14 12:58:37,365 - [28/50]  [TRAIN LOSS: 0.3886]  [TRAIN ACC: 99.63]  [Head : 99.96]  [Rel : 99.89]  [Tail : 98.82]  [ALL : 98.70]
2024-11-14 12:58:50,857 - [28/50]  [Valid LOSS: 7.9327]  [Valid ACC: 62.43]  [Head : 74.66]  [Rel : 82.79]  [Tail : 70.10]  [ALL : 55.80]
2024-11-14 12:59:56,528 - [29/50]  [TRAIN LOSS: 0.3694]  [TRAIN ACC: 99.68]  [Head : 99.99]  [Rel : 99.82]  [Tail : 98.76]  [ALL : 98.76]
2024-11-14 13:00:10,223 - [29/50]  [Valid LOSS: 7.9139]  [Valid ACC: 62.43]  [Head : 74.73]  [Rel : 82.83]  [Tail : 70.17]  [ALL : 55.66]
2024-11-14 13:01:16,314 - [30/50]  [TRAIN LOSS: 0.3479]  [TRAIN ACC: 99.69]  [Head : 99.98]  [Rel : 99.86]  [Tail : 99.01]  [ALL : 99.02]
2024-11-14 13:01:30,113 - [30/50]  [Valid LOSS: 7.9552]  [Valid ACC: 62.25]  [Head : 74.80]  [Rel : 82.54]  [Tail : 69.93]  [ALL : 55.59]
2024-11-14 13:02:36,238 - [31/50]  [TRAIN LOSS: 0.3285]  [TRAIN ACC: 99.78]  [Head : 99.99]  [Rel : 99.87]  [Tail : 98.96]  [ALL : 98.90]
2024-11-14 13:02:50,234 - [31/50]  [Valid LOSS: 7.9721]  [Valid ACC: 62.60]  [Head : 74.76]  [Rel : 82.58]  [Tail : 70.00]  [ALL : 55.80]
2024-11-14 13:03:56,010 - [32/50]  [TRAIN LOSS: 0.3146]  [TRAIN ACC: 99.78]  [Head : 100.00]  [Rel : 99.89]  [Tail : 98.98]  [ALL : 99.04]
2024-11-14 13:04:09,737 - [32/50]  [Valid LOSS: 8.0046]  [Valid ACC: 62.08]  [Head : 74.52]  [Rel : 82.72]  [Tail : 69.93]  [ALL : 55.49]
2024-11-14 13:05:15,583 - [33/50]  [TRAIN LOSS: 0.2975]  [TRAIN ACC: 99.78]  [Head : 99.99]  [Rel : 99.89]  [Tail : 99.11]  [ALL : 99.05]
2024-11-14 13:05:29,850 - [33/50]  [Valid LOSS: 7.9832]  [Valid ACC: 62.78]  [Head : 74.76]  [Rel : 82.75]  [Tail : 70.07]  [ALL : 55.84]
2024-11-14 13:06:36,455 - [34/50]  [TRAIN LOSS: 0.2869]  [TRAIN ACC: 99.82]  [Head : 100.00]  [Rel : 99.88]  [Tail : 99.08]  [ALL : 99.03]
2024-11-14 13:06:50,391 - [34/50]  [Valid LOSS: 7.9874]  [Valid ACC: 62.53]  [Head : 74.66]  [Rel : 82.86]  [Tail : 70.03]  [ALL : 55.70]
2024-11-14 13:07:55,777 - [35/50]  [TRAIN LOSS: 0.2736]  [TRAIN ACC: 99.85]  [Head : 99.98]  [Rel : 99.86]  [Tail : 99.03]  [ALL : 99.15]
2024-11-14 13:08:10,368 - [35/50]  [Valid LOSS: 8.0065]  [Valid ACC: 62.60]  [Head : 74.80]  [Rel : 83.07]  [Tail : 70.07]  [ALL : 55.87]
2024-11-14 13:09:16,551 - [36/50]  [TRAIN LOSS: 0.2599]  [TRAIN ACC: 99.85]  [Head : 99.99]  [Rel : 99.91]  [Tail : 99.13]  [ALL : 99.13]
2024-11-14 13:09:30,231 - [36/50]  [Valid LOSS: 8.0155]  [Valid ACC: 62.50]  [Head : 74.73]  [Rel : 83.00]  [Tail : 70.24]  [ALL : 55.91]
2024-11-14 13:10:35,804 - [37/50]  [TRAIN LOSS: 0.2498]  [TRAIN ACC: 99.83]  [Head : 100.00]  [Rel : 99.89]  [Tail : 99.19]  [ALL : 99.10]
2024-11-14 13:10:49,325 - [37/50]  [Valid LOSS: 8.0591]  [Valid ACC: 62.46]  [Head : 74.69]  [Rel : 82.12]  [Tail : 69.72]  [ALL : 55.35]
2024-11-14 13:11:55,326 - [38/50]  [TRAIN LOSS: 0.2379]  [TRAIN ACC: 99.90]  [Head : 99.99]  [Rel : 99.86]  [Tail : 99.22]  [ALL : 99.13]
2024-11-14 13:12:08,837 - [38/50]  [Valid LOSS: 8.0530]  [Valid ACC: 62.57]  [Head : 74.90]  [Rel : 82.65]  [Tail : 69.89]  [ALL : 55.91]
2024-11-14 13:13:15,132 - [39/50]  [TRAIN LOSS: 0.2336]  [TRAIN ACC: 99.86]  [Head : 100.00]  [Rel : 99.85]  [Tail : 99.26]  [ALL : 99.15]
2024-11-14 13:13:28,799 - [39/50]  [Valid LOSS: 8.0468]  [Valid ACC: 62.50]  [Head : 74.76]  [Rel : 82.75]  [Tail : 70.17]  [ALL : 55.84]
2024-11-14 13:14:35,113 - [40/50]  [TRAIN LOSS: 0.2234]  [TRAIN ACC: 99.89]  [Head : 99.99]  [Rel : 99.88]  [Tail : 99.23]  [ALL : 99.13]
2024-11-14 13:14:49,140 - [40/50]  [Valid LOSS: 8.0564]  [Valid ACC: 62.57]  [Head : 74.73]  [Rel : 82.83]  [Tail : 69.93]  [ALL : 55.73]
2024-11-14 13:15:55,087 - [41/50]  [TRAIN LOSS: 0.2098]  [TRAIN ACC: 99.90]  [Head : 99.99]  [Rel : 99.95]  [Tail : 99.23]  [ALL : 99.25]
2024-11-14 13:16:08,447 - [41/50]  [Valid LOSS: 8.0601]  [Valid ACC: 62.74]  [Head : 74.83]  [Rel : 82.86]  [Tail : 70.24]  [ALL : 55.91]
2024-11-14 13:17:14,685 - [42/50]  [TRAIN LOSS: 0.2035]  [TRAIN ACC: 99.89]  [Head : 100.00]  [Rel : 99.91]  [Tail : 99.27]  [ALL : 99.21]
2024-11-14 13:17:28,357 - [42/50]  [Valid LOSS: 8.1035]  [Valid ACC: 62.50]  [Head : 74.94]  [Rel : 82.44]  [Tail : 69.72]  [ALL : 55.63]
2024-11-14 13:18:34,383 - [43/50]  [TRAIN LOSS: 0.1914]  [TRAIN ACC: 99.94]  [Head : 99.99]  [Rel : 99.96]  [Tail : 99.41]  [ALL : 99.39]
2024-11-14 13:18:47,988 - [43/50]  [Valid LOSS: 8.0765]  [Valid ACC: 62.67]  [Head : 74.73]  [Rel : 82.75]  [Tail : 70.10]  [ALL : 55.59]
2024-11-14 13:19:53,997 - [44/50]  [TRAIN LOSS: 0.1852]  [TRAIN ACC: 99.90]  [Head : 100.00]  [Rel : 99.97]  [Tail : 99.41]  [ALL : 99.38]
2024-11-14 13:20:07,787 - [44/50]  [Valid LOSS: 8.1241]  [Valid ACC: 62.81]  [Head : 75.01]  [Rel : 82.02]  [Tail : 69.93]  [ALL : 55.38]
2024-11-14 13:21:13,897 - [45/50]  [TRAIN LOSS: 0.1791]  [TRAIN ACC: 99.94]  [Head : 100.00]  [Rel : 99.96]  [Tail : 99.26]  [ALL : 99.33]
2024-11-14 13:21:27,427 - [45/50]  [Valid LOSS: 8.0964]  [Valid ACC: 62.67]  [Head : 74.90]  [Rel : 83.11]  [Tail : 69.79]  [ALL : 55.84]
2024-11-14 13:22:33,536 - [46/50]  [TRAIN LOSS: 0.1721]  [TRAIN ACC: 99.90]  [Head : 99.99]  [Rel : 99.96]  [Tail : 99.41]  [ALL : 99.40]
2024-11-14 13:22:47,641 - [46/50]  [Valid LOSS: 8.1166]  [Valid ACC: 62.60]  [Head : 75.04]  [Rel : 82.72]  [Tail : 70.03]  [ALL : 56.05]
2024-11-14 13:23:54,068 - [47/50]  [TRAIN LOSS: 0.1634]  [TRAIN ACC: 99.96]  [Head : 100.00]  [Rel : 99.97]  [Tail : 99.44]  [ALL : 99.46]
2024-11-14 13:24:07,569 - [47/50]  [Valid LOSS: 8.1360]  [Valid ACC: 62.78]  [Head : 75.08]  [Rel : 82.65]  [Tail : 70.07]  [ALL : 55.77]
2024-11-14 13:25:13,579 - [48/50]  [TRAIN LOSS: 0.1604]  [TRAIN ACC: 99.96]  [Head : 100.00]  [Rel : 99.97]  [Tail : 99.40]  [ALL : 99.41]
2024-11-14 13:25:27,522 - [48/50]  [Valid LOSS: 8.1352]  [Valid ACC: 62.64]  [Head : 74.80]  [Rel : 83.00]  [Tail : 70.21]  [ALL : 56.08]
2024-11-14 13:26:32,977 - [49/50]  [TRAIN LOSS: 0.1540]  [TRAIN ACC: 99.86]  [Head : 100.00]  [Rel : 99.97]  [Tail : 99.44]  [ALL : 99.37]
2024-11-14 13:26:46,851 - [49/50]  [Valid LOSS: 8.1468]  [Valid ACC: 62.95]  [Head : 74.94]  [Rel : 82.79]  [Tail : 70.21]  [ALL : 56.08]
2024-11-14 13:26:48,110 - BEST EPOCH : 50.00, BEST VALID ACC : 62.95
